[0.033s] Invoking command in '/home/elson/proj4_ws/build/turtlebot3_manipulation_moveit_config': CMAKE_PREFIX_PATH=/home/elson/proj4_ws/install/turtlebot3_manipulation_description:/home/elson/proj4_ws/install/turtlebot3_manipulation:/home/elson/proj4_ws/install/turtlebot3_manipulation_moveit_config:/home/elson/proj4_ws/install/turtlebot3_manipulation_hardware:/home/elson/proj4_ws/install/turtlebot3_manipulation_bringup:/home/elson/proj4_ws/install/turtlebot3_manipulation_cartographer:/home/elson/proj4_ws/install/sam_bot_description:/home/elson/proj4_ws/install/nav2_costmap_filters_demo:/home/elson/proj4_ws/install/turtlebot3_manipulation_commander:/home/elson/proj4_ws/install/nav2_simple_commander:/opt/ros/foxy /usr/bin/cmake --build /home/elson/proj4_ws/build/turtlebot3_manipulation_moveit_config -- -j16 -l16
[0.103s] Invoked command in '/home/elson/proj4_ws/build/turtlebot3_manipulation_moveit_config' returned '0': CMAKE_PREFIX_PATH=/home/elson/proj4_ws/install/turtlebot3_manipulation_description:/home/elson/proj4_ws/install/turtlebot3_manipulation:/home/elson/proj4_ws/install/turtlebot3_manipulation_moveit_config:/home/elson/proj4_ws/install/turtlebot3_manipulation_hardware:/home/elson/proj4_ws/install/turtlebot3_manipulation_bringup:/home/elson/proj4_ws/install/turtlebot3_manipulation_cartographer:/home/elson/proj4_ws/install/sam_bot_description:/home/elson/proj4_ws/install/nav2_costmap_filters_demo:/home/elson/proj4_ws/install/turtlebot3_manipulation_commander:/home/elson/proj4_ws/install/nav2_simple_commander:/opt/ros/foxy /usr/bin/cmake --build /home/elson/proj4_ws/build/turtlebot3_manipulation_moveit_config -- -j16 -l16
[0.125s] Invoking command in '/home/elson/proj4_ws/build/turtlebot3_manipulation_moveit_config': CMAKE_PREFIX_PATH=/home/elson/proj4_ws/install/turtlebot3_manipulation_description:/home/elson/proj4_ws/install/turtlebot3_manipulation:/home/elson/proj4_ws/install/turtlebot3_manipulation_moveit_config:/home/elson/proj4_ws/install/turtlebot3_manipulation_hardware:/home/elson/proj4_ws/install/turtlebot3_manipulation_bringup:/home/elson/proj4_ws/install/turtlebot3_manipulation_cartographer:/home/elson/proj4_ws/install/sam_bot_description:/home/elson/proj4_ws/install/nav2_costmap_filters_demo:/home/elson/proj4_ws/install/turtlebot3_manipulation_commander:/home/elson/proj4_ws/install/nav2_simple_commander:/opt/ros/foxy /usr/bin/cmake --install /home/elson/proj4_ws/build/turtlebot3_manipulation_moveit_config
[0.133s] -- Install configuration: ""
[0.133s] -- Execute custom install script
[0.134s] -- Up-to-date symlink: /home/elson/proj4_ws/install/turtlebot3_manipulation_moveit_config/share/ament_index/resource_index/package_run_dependencies/turtlebot3_manipulation_moveit_config
[0.134s] -- Up-to-date symlink: /home/elson/proj4_ws/install/turtlebot3_manipulation_moveit_config/share/ament_index/resource_index/parent_prefix_path/turtlebot3_manipulation_moveit_config
[0.134s] -- Up-to-date symlink: /home/elson/proj4_ws/install/turtlebot3_manipulation_moveit_config/share/turtlebot3_manipulation_moveit_config/environment/ament_prefix_path.sh
[0.134s] -- Up-to-date symlink: /home/elson/proj4_ws/install/turtlebot3_manipulation_moveit_config/share/turtlebot3_manipulation_moveit_config/environment/ament_prefix_path.dsv
[0.134s] -- Up-to-date symlink: /home/elson/proj4_ws/install/turtlebot3_manipulation_moveit_config/share/turtlebot3_manipulation_moveit_config/environment/path.sh
[0.135s] -- Up-to-date symlink: /home/elson/proj4_ws/install/turtlebot3_manipulation_moveit_config/share/turtlebot3_manipulation_moveit_config/environment/path.dsv
[0.135s] -- Up-to-date symlink: /home/elson/proj4_ws/install/turtlebot3_manipulation_moveit_config/share/turtlebot3_manipulation_moveit_config/local_setup.bash
[0.135s] -- Up-to-date symlink: /home/elson/proj4_ws/install/turtlebot3_manipulation_moveit_config/share/turtlebot3_manipulation_moveit_config/local_setup.sh
[0.135s] -- Up-to-date symlink: /home/elson/proj4_ws/install/turtlebot3_manipulation_moveit_config/share/turtlebot3_manipulation_moveit_config/local_setup.zsh
[0.135s] -- Up-to-date symlink: /home/elson/proj4_ws/install/turtlebot3_manipulation_moveit_config/share/turtlebot3_manipulation_moveit_config/local_setup.dsv
[0.135s] -- Symlinking: /home/elson/proj4_ws/install/turtlebot3_manipulation_moveit_config/share/turtlebot3_manipulation_moveit_config/package.dsv
[0.141s] -- Up-to-date symlink: /home/elson/proj4_ws/install/turtlebot3_manipulation_moveit_config/share/ament_index/resource_index/packages/turtlebot3_manipulation_moveit_config
[0.141s] -- Up-to-date symlink: /home/elson/proj4_ws/install/turtlebot3_manipulation_moveit_config/share/turtlebot3_manipulation_moveit_config/cmake/turtlebot3_manipulation_moveit_configConfig.cmake
[0.141s] -- Up-to-date symlink: /home/elson/proj4_ws/install/turtlebot3_manipulation_moveit_config/share/turtlebot3_manipulation_moveit_config/cmake/turtlebot3_manipulation_moveit_configConfig-version.cmake
[0.142s] -- Up-to-date symlink: /home/elson/proj4_ws/install/turtlebot3_manipulation_moveit_config/share/turtlebot3_manipulation_moveit_config/package.xml
[0.142s] -- Up-to-date symlink: /home/elson/proj4_ws/install/turtlebot3_manipulation_moveit_config/share/turtlebot3_manipulation_moveit_config/launch/move_group.launch copy.py
[0.142s] -- Up-to-date symlink: /home/elson/proj4_ws/install/turtlebot3_manipulation_moveit_config/share/turtlebot3_manipulation_moveit_config/launch/move_group.launch.py
[0.142s] -- Up-to-date symlink: /home/elson/proj4_ws/install/turtlebot3_manipulation_moveit_config/share/turtlebot3_manipulation_moveit_config/launch/moveit_core.launch.py
[0.142s] -- Up-to-date symlink: /home/elson/proj4_ws/install/turtlebot3_manipulation_moveit_config/share/turtlebot3_manipulation_moveit_config/launch/moveit_fake.launch.py
[0.142s] -- Up-to-date symlink: /home/elson/proj4_ws/install/turtlebot3_manipulation_moveit_config/share/turtlebot3_manipulation_moveit_config/launch/moveit_gazebo.launch.py
[0.142s] -- Up-to-date symlink: /home/elson/proj4_ws/install/turtlebot3_manipulation_moveit_config/share/turtlebot3_manipulation_moveit_config/launch/moveit_rviz.launch.py
[0.143s] -- Up-to-date symlink: /home/elson/proj4_ws/install/turtlebot3_manipulation_moveit_config/share/turtlebot3_manipulation_moveit_config/launch/rsp.launch.py
[0.143s] -- Up-to-date symlink: /home/elson/proj4_ws/install/turtlebot3_manipulation_moveit_config/share/turtlebot3_manipulation_moveit_config/launch/spawn_controllers.launch.py
[0.143s] -- Up-to-date symlink: /home/elson/proj4_ws/install/turtlebot3_manipulation_moveit_config/share/turtlebot3_manipulation_moveit_config/config/initial_positions.yaml
[0.143s] -- Up-to-date symlink: /home/elson/proj4_ws/install/turtlebot3_manipulation_moveit_config/share/turtlebot3_manipulation_moveit_config/config/joint_limits.yaml
[0.143s] -- Up-to-date symlink: /home/elson/proj4_ws/install/turtlebot3_manipulation_moveit_config/share/turtlebot3_manipulation_moveit_config/config/kinematics.yaml
[0.143s] -- Up-to-date symlink: /home/elson/proj4_ws/install/turtlebot3_manipulation_moveit_config/share/turtlebot3_manipulation_moveit_config/config/moveit.rviz
[0.143s] -- Up-to-date symlink: /home/elson/proj4_ws/install/turtlebot3_manipulation_moveit_config/share/turtlebot3_manipulation_moveit_config/config/moveit_controllers.yaml
[0.144s] -- Up-to-date symlink: /home/elson/proj4_ws/install/turtlebot3_manipulation_moveit_config/share/turtlebot3_manipulation_moveit_config/config/ompl_planning.yaml
[0.146s] -- Up-to-date symlink: /home/elson/proj4_ws/install/turtlebot3_manipulation_moveit_config/share/turtlebot3_manipulation_moveit_config/config/pilz_cartesian_limits.yaml
[0.146s] -- Up-to-date symlink: /home/elson/proj4_ws/install/turtlebot3_manipulation_moveit_config/share/turtlebot3_manipulation_moveit_config/config/turtlebot3_manipulation copy.srdf
[0.146s] -- Up-to-date symlink: /home/elson/proj4_ws/install/turtlebot3_manipulation_moveit_config/share/turtlebot3_manipulation_moveit_config/config/turtlebot3_manipulation.srdf
[0.146s] -- Up-to-date symlink: /home/elson/proj4_ws/install/turtlebot3_manipulation_moveit_config/share/turtlebot3_manipulation_moveit_config/.setup_assistant
[0.146s] -- Up-to-date symlink: /home/elson/proj4_ws/install/turtlebot3_manipulation_moveit_config/share/turtlebot3_manipulation_moveit_config/config/initial_positions.yaml
[0.146s] -- Up-to-date symlink: /home/elson/proj4_ws/install/turtlebot3_manipulation_moveit_config/share/turtlebot3_manipulation_moveit_config/config/joint_limits.yaml
[0.146s] -- Up-to-date symlink: /home/elson/proj4_ws/install/turtlebot3_manipulation_moveit_config/share/turtlebot3_manipulation_moveit_config/config/kinematics.yaml
[0.146s] -- Up-to-date symlink: /home/elson/proj4_ws/install/turtlebot3_manipulation_moveit_config/share/turtlebot3_manipulation_moveit_config/config/moveit.rviz
[0.146s] -- Up-to-date symlink: /home/elson/proj4_ws/install/turtlebot3_manipulation_moveit_config/share/turtlebot3_manipulation_moveit_config/config/moveit_controllers.yaml
[0.146s] -- Up-to-date symlink: /home/elson/proj4_ws/install/turtlebot3_manipulation_moveit_config/share/turtlebot3_manipulation_moveit_config/config/ompl_planning.yaml
[0.146s] -- Up-to-date symlink: /home/elson/proj4_ws/install/turtlebot3_manipulation_moveit_config/share/turtlebot3_manipulation_moveit_config/config/pilz_cartesian_limits.yaml
[0.147s] -- Up-to-date symlink: /home/elson/proj4_ws/install/turtlebot3_manipulation_moveit_config/share/turtlebot3_manipulation_moveit_config/config/turtlebot3_manipulation copy.srdf
[0.147s] -- Up-to-date symlink: /home/elson/proj4_ws/install/turtlebot3_manipulation_moveit_config/share/turtlebot3_manipulation_moveit_config/config/turtlebot3_manipulation.srdf
[0.147s] -- Up-to-date symlink: /home/elson/proj4_ws/install/turtlebot3_manipulation_moveit_config/share/turtlebot3_manipulation_moveit_config/launch/move_group.launch copy.py
[0.147s] -- Up-to-date symlink: /home/elson/proj4_ws/install/turtlebot3_manipulation_moveit_config/share/turtlebot3_manipulation_moveit_config/launch/move_group.launch.py
[0.147s] -- Up-to-date symlink: /home/elson/proj4_ws/install/turtlebot3_manipulation_moveit_config/share/turtlebot3_manipulation_moveit_config/launch/moveit_core.launch.py
[0.147s] -- Up-to-date symlink: /home/elson/proj4_ws/install/turtlebot3_manipulation_moveit_config/share/turtlebot3_manipulation_moveit_config/launch/moveit_fake.launch.py
[0.147s] -- Up-to-date symlink: /home/elson/proj4_ws/install/turtlebot3_manipulation_moveit_config/share/turtlebot3_manipulation_moveit_config/launch/moveit_gazebo.launch.py
[0.147s] -- Up-to-date symlink: /home/elson/proj4_ws/install/turtlebot3_manipulation_moveit_config/share/turtlebot3_manipulation_moveit_config/launch/moveit_rviz.launch.py
[0.147s] -- Up-to-date symlink: /home/elson/proj4_ws/install/turtlebot3_manipulation_moveit_config/share/turtlebot3_manipulation_moveit_config/launch/rsp.launch.py
[0.147s] -- Up-to-date symlink: /home/elson/proj4_ws/install/turtlebot3_manipulation_moveit_config/share/turtlebot3_manipulation_moveit_config/launch/spawn_controllers.launch.py
[0.156s] Invoked command in '/home/elson/proj4_ws/build/turtlebot3_manipulation_moveit_config' returned '0': CMAKE_PREFIX_PATH=/home/elson/proj4_ws/install/turtlebot3_manipulation_description:/home/elson/proj4_ws/install/turtlebot3_manipulation:/home/elson/proj4_ws/install/turtlebot3_manipulation_moveit_config:/home/elson/proj4_ws/install/turtlebot3_manipulation_hardware:/home/elson/proj4_ws/install/turtlebot3_manipulation_bringup:/home/elson/proj4_ws/install/turtlebot3_manipulation_cartographer:/home/elson/proj4_ws/install/sam_bot_description:/home/elson/proj4_ws/install/nav2_costmap_filters_demo:/home/elson/proj4_ws/install/turtlebot3_manipulation_commander:/home/elson/proj4_ws/install/nav2_simple_commander:/opt/ros/foxy /usr/bin/cmake --install /home/elson/proj4_ws/build/turtlebot3_manipulation_moveit_config
