[0.357s] Invoking command in '/home/elson/proj4_ws/build/turtlebot3_manipulation_hardware': CMAKE_PREFIX_PATH=${CMAKE_PREFIX_PATH}:/home/elson/proj4_ws/install/turtlebot3_manipulation_commander:/home/elson/proj4_ws/install/nav2_simple_commander:/opt/ros/foxy /usr/bin/cmake --build /home/elson/proj4_ws/build/turtlebot3_manipulation_hardware -- -j16 -l16
[0.642s] [100%] Built target turtlebot3_manipulation_hardware
[0.649s] Invoked command in '/home/elson/proj4_ws/build/turtlebot3_manipulation_hardware' returned '0': CMAKE_PREFIX_PATH=${CMAKE_PREFIX_PATH}:/home/elson/proj4_ws/install/turtlebot3_manipulation_commander:/home/elson/proj4_ws/install/nav2_simple_commander:/opt/ros/foxy /usr/bin/cmake --build /home/elson/proj4_ws/build/turtlebot3_manipulation_hardware -- -j16 -l16
[0.668s] Invoking command in '/home/elson/proj4_ws/build/turtlebot3_manipulation_hardware': CMAKE_PREFIX_PATH=${CMAKE_PREFIX_PATH}:/home/elson/proj4_ws/install/turtlebot3_manipulation_commander:/home/elson/proj4_ws/install/nav2_simple_commander:/opt/ros/foxy /usr/bin/cmake --install /home/elson/proj4_ws/build/turtlebot3_manipulation_hardware
[0.673s] -- Install configuration: ""
[0.674s] -- Execute custom install script
[0.674s] -- Up-to-date symlink: /home/elson/proj4_ws/install/turtlebot3_manipulation_hardware/share/turtlebot3_manipulation_hardware//turtlebot3_manipulation_hardware.xml
[0.708s] -- Up-to-date symlink: /home/elson/proj4_ws/install/turtlebot3_manipulation_hardware/include/turtlebot3_manipulation_hardware/dynamixel_sdk_wrapper.hpp
[0.710s] -- Up-to-date symlink: /home/elson/proj4_ws/install/turtlebot3_manipulation_hardware/include/turtlebot3_manipulation_hardware/opencr.hpp
[0.722s] -- Up-to-date symlink: /home/elson/proj4_ws/install/turtlebot3_manipulation_hardware/include/turtlebot3_manipulation_hardware/opencr_control_table.hpp
[0.723s] -- Up-to-date symlink: /home/elson/proj4_ws/install/turtlebot3_manipulation_hardware/include/turtlebot3_manipulation_hardware/opencr_definitions.hpp
[0.723s] -- Up-to-date symlink: /home/elson/proj4_ws/install/turtlebot3_manipulation_hardware/include/turtlebot3_manipulation_hardware/turtlebot3_manipulation_system.hpp
[0.723s] -- Up-to-date symlink: /home/elson/proj4_ws/install/turtlebot3_manipulation_hardware/include/turtlebot3_manipulation_hardware/visibility_control.h
[0.724s] -- Up-to-date symlink: /home/elson/proj4_ws/install/turtlebot3_manipulation_hardware/lib/libturtlebot3_manipulation_hardware.so
[0.724s] -- Up-to-date symlink: /home/elson/proj4_ws/install/turtlebot3_manipulation_hardware/share/turtlebot3_manipulation_hardware/environment/library_path.sh
[0.724s] -- Up-to-date symlink: /home/elson/proj4_ws/install/turtlebot3_manipulation_hardware/share/turtlebot3_manipulation_hardware/environment/library_path.dsv
[0.724s] -- Up-to-date symlink: /home/elson/proj4_ws/install/turtlebot3_manipulation_hardware/share/ament_index/resource_index/package_run_dependencies/turtlebot3_manipulation_hardware
[0.731s] -- Up-to-date symlink: /home/elson/proj4_ws/install/turtlebot3_manipulation_hardware/share/ament_index/resource_index/parent_prefix_path/turtlebot3_manipulation_hardware
[0.732s] -- Up-to-date symlink: /home/elson/proj4_ws/install/turtlebot3_manipulation_hardware/share/turtlebot3_manipulation_hardware/environment/ament_prefix_path.sh
[0.732s] -- Up-to-date symlink: /home/elson/proj4_ws/install/turtlebot3_manipulation_hardware/share/turtlebot3_manipulation_hardware/environment/ament_prefix_path.dsv
[0.736s] -- Up-to-date symlink: /home/elson/proj4_ws/install/turtlebot3_manipulation_hardware/share/turtlebot3_manipulation_hardware/environment/path.sh
[0.736s] -- Up-to-date symlink: /home/elson/proj4_ws/install/turtlebot3_manipulation_hardware/share/turtlebot3_manipulation_hardware/environment/path.dsv
[0.737s] -- Up-to-date symlink: /home/elson/proj4_ws/install/turtlebot3_manipulation_hardware/share/turtlebot3_manipulation_hardware/local_setup.bash
[0.737s] -- Up-to-date symlink: /home/elson/proj4_ws/install/turtlebot3_manipulation_hardware/share/turtlebot3_manipulation_hardware/local_setup.sh
[0.738s] -- Up-to-date symlink: /home/elson/proj4_ws/install/turtlebot3_manipulation_hardware/share/turtlebot3_manipulation_hardware/local_setup.zsh
[0.738s] -- Up-to-date symlink: /home/elson/proj4_ws/install/turtlebot3_manipulation_hardware/share/turtlebot3_manipulation_hardware/local_setup.dsv
[0.738s] -- Symlinking: /home/elson/proj4_ws/install/turtlebot3_manipulation_hardware/share/turtlebot3_manipulation_hardware/package.dsv
[0.743s] -- Up-to-date symlink: /home/elson/proj4_ws/install/turtlebot3_manipulation_hardware/share/ament_index/resource_index/packages/turtlebot3_manipulation_hardware
[0.743s] -- Up-to-date symlink: /home/elson/proj4_ws/install/turtlebot3_manipulation_hardware/share/ament_index/resource_index/hardware_interface__pluginlib__plugin/turtlebot3_manipulation_hardware
[0.776s] -- Up-to-date symlink: /home/elson/proj4_ws/install/turtlebot3_manipulation_hardware/share/turtlebot3_manipulation_hardware/cmake/ament_cmake_export_include_directories-extras.cmake
[0.785s] -- Up-to-date symlink: /home/elson/proj4_ws/install/turtlebot3_manipulation_hardware/share/turtlebot3_manipulation_hardware/cmake/ament_cmake_export_libraries-extras.cmake
[0.786s] -- Up-to-date symlink: /home/elson/proj4_ws/install/turtlebot3_manipulation_hardware/share/turtlebot3_manipulation_hardware/cmake/ament_cmake_export_dependencies-extras.cmake
[0.787s] -- Up-to-date symlink: /home/elson/proj4_ws/install/turtlebot3_manipulation_hardware/share/turtlebot3_manipulation_hardware/cmake/turtlebot3_manipulation_hardwareConfig.cmake
[0.804s] -- Up-to-date symlink: /home/elson/proj4_ws/install/turtlebot3_manipulation_hardware/share/turtlebot3_manipulation_hardware/cmake/turtlebot3_manipulation_hardwareConfig-version.cmake
[0.804s] -- Up-to-date symlink: /home/elson/proj4_ws/install/turtlebot3_manipulation_hardware/share/turtlebot3_manipulation_hardware/package.xml
[1.011s] Invoked command in '/home/elson/proj4_ws/build/turtlebot3_manipulation_hardware' returned '0': CMAKE_PREFIX_PATH=${CMAKE_PREFIX_PATH}:/home/elson/proj4_ws/install/turtlebot3_manipulation_commander:/home/elson/proj4_ws/install/nav2_simple_commander:/opt/ros/foxy /usr/bin/cmake --install /home/elson/proj4_ws/build/turtlebot3_manipulation_hardware
