[0.401s] Invoking command in '/home/elson/proj4_ws/build/nav2_gradient_costmap_plugin': CMAKE_PREFIX_PATH=${CMAKE_PREFIX_PATH}:/home/elson/proj4_ws/install/turtlebot3_manipulation_commander:/home/elson/proj4_ws/install/nav2_simple_commander:/opt/ros/foxy /usr/bin/cmake /home/elson/proj4_ws/src/navigation2_tutorials/nav2_gradient_costmap_plugin -DAMENT_CMAKE_SYMLINK_INSTALL=1 -DCMAKE_INSTALL_PREFIX=/home/elson/proj4_ws/install/nav2_gradient_costmap_plugin
[2.736s] -- The C compiler identification is GNU 9.4.0
[3.693s] -- The CXX compiler identification is GNU 9.4.0
[3.792s] -- Check for working C compiler: /usr/bin/cc
[3.879s] -- Check for working C compiler: /usr/bin/cc -- works
[3.880s] -- Detecting C compiler ABI info
[3.949s] -- Detecting C compiler ABI info - done
[3.958s] -- Detecting C compile features
[3.988s] -- Detecting C compile features - done
[4.000s] -- Check for working CXX compiler: /usr/bin/c++
[4.141s] -- Check for working CXX compiler: /usr/bin/c++ -- works
[4.142s] -- Detecting CXX compiler ABI info
[4.240s] -- Detecting CXX compiler ABI info - done
[4.248s] -- Detecting CXX compile features
[4.248s] -- Detecting CXX compile features - done
[4.659s] -- Found ament_cmake: 0.9.11 (/opt/ros/foxy/share/ament_cmake/cmake)
[4.774s] -- Found PythonInterp: /usr/bin/python3 (found suitable version "3.8.10", minimum required is "3") 
[4.774s] -- Using PYTHON_EXECUTABLE: /usr/bin/python3
[4.885s] -- Override CMake install command with custom implementation using symlinks instead of copying resources
[4.993s] -- Found rclcpp: 2.4.2 (/opt/ros/foxy/share/rclcpp/cmake)
[5.236s] -- Using all available rosidl_typesupport_c: rosidl_typesupport_fastrtps_c;rosidl_typesupport_introspection_c
[5.268s] -- Found rosidl_adapter: 1.3.0 (/opt/ros/foxy/share/rosidl_adapter/cmake)
[5.470s] -- Found OpenSSL: /usr/lib/x86_64-linux-gnu/libcrypto.so (found version "1.1.1f")  
[5.490s] -- Found FastRTPS: /opt/ros/foxy/include  
[5.611s] -- Using all available rosidl_typesupport_cpp: rosidl_typesupport_fastrtps_cpp;rosidl_typesupport_introspection_cpp
[5.806s] -- Found rmw_implementation_cmake: 1.0.3 (/opt/ros/foxy/share/rmw_implementation_cmake/cmake)
[5.810s] -- Using RMW implementation 'rmw_fastrtps_cpp' as default
[5.840s] -- Looking for pthread.h
[6.039s] -- Looking for pthread.h - found
[6.039s] -- Performing Test CMAKE_HAVE_LIBC_PTHREAD
[6.106s] -- Performing Test CMAKE_HAVE_LIBC_PTHREAD - Failed
[6.106s] -- Looking for pthread_create in pthreads
[6.181s] -- Looking for pthread_create in pthreads - not found
[6.181s] -- Looking for pthread_create in pthread
[6.223s] -- Looking for pthread_create in pthread - found
[6.223s] -- Found Threads: TRUE  
[6.453s] -- Found nav2_costmap_2d: 0.4.7 (/opt/ros/foxy/share/nav2_costmap_2d/cmake)
[7.524s] -- Found Eigen3: TRUE (found version "3.3.7") 
[8.121s] -- Configuring done
[8.554s] -- Generating done
[8.555s] -- Build files have been written to: /home/elson/proj4_ws/build/nav2_gradient_costmap_plugin
