[0.011s] Invoking command in '/home/elson/proj4_ws/build/turtlebot3_manipulation_teleop': CMAKE_PREFIX_PATH=/home/elson/proj4_ws/install/turtlebot3_manipulation_moveit_config:/home/elson/proj4_ws/install/turtlebot3_manipulation_bringup:/home/elson/proj4_ws/install/turtlebot3_manipulation_description:/home/elson/proj4_ws/install/turtlebot3_manipulation:/home/elson/proj4_ws/install/turtlebot3_manipulation_teleop:/home/elson/proj4_ws/install/turtlebot3_manipulation_navigation2:/home/elson/proj4_ws/install/turtlebot3_manipulation_hardware:/home/elson/proj4_ws/install/turtlebot3_manipulation_cartographer:/home/elson/dev_ws/install/turtlebot3_manipulation_moveit_config:/home/elson/dev_ws/install/my_bot_moveit_config:/home/elson/dev_ws/install/my_bot_description:/home/elson/dev_ws/install/my_bot_bringup:/home/elson/dev_ws/install/my_bot:/home/elson/dev_ws/install/astra_camera_msgs:/home/elson/turtlebot3_ws/install/turtlebot3_simulations:/home/elson/turtlebot3_ws/install/turtlebot3_gazebo:/home/elson/turtlebot3_ws/install/turtlebot3_fake_node:/home/elson/turtlebot3_ws/install/gazebo_ros2_control_demos:/home/elson/turtlebot3_ws/install/gazebo_ros2_control:/home/elson/riot_ws/install/riot_description:/home/elson/riot_ws/install/riot_bringup:/home/elson/turtlebot3_ws/install/turtlebot3_commander:/home/elson/turtlebot3_ws/install/nav2_simple_commander:/home/elson/nav2_simple_commander_ws/install/turtlebot3_commander:/opt/ros/foxy /usr/bin/cmake /home/elson/proj4_ws/src/turtlebot3_manipulation/turtlebot3_manipulation_teleop -DCMAKE_INSTALL_PREFIX=/home/elson/proj4_ws/install/turtlebot3_manipulation_teleop
[0.019s] -- Found ament_cmake: 0.9.11 (/opt/ros/foxy/share/ament_cmake/cmake)
[0.036s] -- Using PYTHON_EXECUTABLE: /usr/bin/python3
[0.152s] -- Override CMake install command with custom implementation using symlinks instead of copying resources
[0.157s] -- Found rclcpp: 2.4.2 (/opt/ros/foxy/share/rclcpp/cmake)
[0.180s] -- Using all available rosidl_typesupport_c: rosidl_typesupport_fastrtps_c;rosidl_typesupport_introspection_c
[0.182s] -- Found rosidl_adapter: 1.3.0 (/opt/ros/foxy/share/rosidl_adapter/cmake)
[0.261s] -- Using all available rosidl_typesupport_cpp: rosidl_typesupport_fastrtps_cpp;rosidl_typesupport_introspection_cpp
[0.290s] -- Found rmw_implementation_cmake: 1.0.3 (/opt/ros/foxy/share/rmw_implementation_cmake/cmake)
[0.292s] -- Using RMW implementation 'rmw_fastrtps_cpp' as default
[0.377s] -- Found turtlebot3_manipulation_bringup: 1.2.0 (/home/elson/proj4_ws/install/turtlebot3_manipulation_bringup/share/turtlebot3_manipulation_bringup/cmake)
[0.377s] -- Found turtlebot3_manipulation_moveit_config: 1.2.0 (/home/elson/proj4_ws/install/turtlebot3_manipulation_moveit_config/share/turtlebot3_manipulation_moveit_config/cmake)
[0.377s] -- Found turtlebot3_manipulation_description: 1.2.0 (/home/elson/proj4_ws/install/turtlebot3_manipulation_description/share/turtlebot3_manipulation_description/cmake)
[0.377s] -- Found geometry_msgs: 2.0.5 (/opt/ros/foxy/share/geometry_msgs/cmake)
[0.396s] -- Found nav_msgs: 2.0.5 (/opt/ros/foxy/share/nav_msgs/cmake)
[0.439s] -- Found control_msgs: 2.5.1 (/opt/ros/foxy/share/control_msgs/cmake)
[0.647s] -- Found sensor_msgs: 2.0.5 (/opt/ros/foxy/share/sensor_msgs/cmake)
[0.691s] -- Found std_srvs: 2.0.5 (/opt/ros/foxy/share/std_srvs/cmake)
[0.699s] -- Found ament_lint_auto: 0.9.7 (/opt/ros/foxy/share/ament_lint_auto/cmake)
[0.739s] -- Added test 'copyright' to check source files copyright and LICENSE
[0.739s] -- Added test 'cppcheck' to perform static code analysis on C / C++ code
[0.740s] -- Configured cppcheck include dirs: $<BUILD_INTERFACE:/home/elson/proj4_ws/src/turtlebot3_manipulation/turtlebot3_manipulation_teleop/include>
[0.740s] -- Configured cppcheck exclude dirs and/or files: 
[0.740s] -- Added test 'cpplint' to check C / C++ code against the Google style
[0.740s] -- Configured cpplint exclude dirs and/or files: 
[0.740s] -- Added test 'lint_cmake' to check CMake code style
[0.740s] -- Added test 'uncrustify' to check C / C++ code style
[0.741s] -- Configured uncrustify additional arguments: 
[0.741s] -- Added test 'xmllint' to check XML markup files
[0.742s] -- Configuring done
[0.750s] -- Generating done
[0.751s] -- Build files have been written to: /home/elson/proj4_ws/build/turtlebot3_manipulation_teleop
[0.755s] Invoked command in '/home/elson/proj4_ws/build/turtlebot3_manipulation_teleop' returned '0': CMAKE_PREFIX_PATH=/home/elson/proj4_ws/install/turtlebot3_manipulation_moveit_config:/home/elson/proj4_ws/install/turtlebot3_manipulation_bringup:/home/elson/proj4_ws/install/turtlebot3_manipulation_description:/home/elson/proj4_ws/install/turtlebot3_manipulation:/home/elson/proj4_ws/install/turtlebot3_manipulation_teleop:/home/elson/proj4_ws/install/turtlebot3_manipulation_navigation2:/home/elson/proj4_ws/install/turtlebot3_manipulation_hardware:/home/elson/proj4_ws/install/turtlebot3_manipulation_cartographer:/home/elson/dev_ws/install/turtlebot3_manipulation_moveit_config:/home/elson/dev_ws/install/my_bot_moveit_config:/home/elson/dev_ws/install/my_bot_description:/home/elson/dev_ws/install/my_bot_bringup:/home/elson/dev_ws/install/my_bot:/home/elson/dev_ws/install/astra_camera_msgs:/home/elson/turtlebot3_ws/install/turtlebot3_simulations:/home/elson/turtlebot3_ws/install/turtlebot3_gazebo:/home/elson/turtlebot3_ws/install/turtlebot3_fake_node:/home/elson/turtlebot3_ws/install/gazebo_ros2_control_demos:/home/elson/turtlebot3_ws/install/gazebo_ros2_control:/home/elson/riot_ws/install/riot_description:/home/elson/riot_ws/install/riot_bringup:/home/elson/turtlebot3_ws/install/turtlebot3_commander:/home/elson/turtlebot3_ws/install/nav2_simple_commander:/home/elson/nav2_simple_commander_ws/install/turtlebot3_commander:/opt/ros/foxy /usr/bin/cmake /home/elson/proj4_ws/src/turtlebot3_manipulation/turtlebot3_manipulation_teleop -DCMAKE_INSTALL_PREFIX=/home/elson/proj4_ws/install/turtlebot3_manipulation_teleop
[0.757s] Invoking command in '/home/elson/proj4_ws/build/turtlebot3_manipulation_teleop': CMAKE_PREFIX_PATH=/home/elson/proj4_ws/install/turtlebot3_manipulation_moveit_config:/home/elson/proj4_ws/install/turtlebot3_manipulation_bringup:/home/elson/proj4_ws/install/turtlebot3_manipulation_description:/home/elson/proj4_ws/install/turtlebot3_manipulation:/home/elson/proj4_ws/install/turtlebot3_manipulation_teleop:/home/elson/proj4_ws/install/turtlebot3_manipulation_navigation2:/home/elson/proj4_ws/install/turtlebot3_manipulation_hardware:/home/elson/proj4_ws/install/turtlebot3_manipulation_cartographer:/home/elson/dev_ws/install/turtlebot3_manipulation_moveit_config:/home/elson/dev_ws/install/my_bot_moveit_config:/home/elson/dev_ws/install/my_bot_description:/home/elson/dev_ws/install/my_bot_bringup:/home/elson/dev_ws/install/my_bot:/home/elson/dev_ws/install/astra_camera_msgs:/home/elson/turtlebot3_ws/install/turtlebot3_simulations:/home/elson/turtlebot3_ws/install/turtlebot3_gazebo:/home/elson/turtlebot3_ws/install/turtlebot3_fake_node:/home/elson/turtlebot3_ws/install/gazebo_ros2_control_demos:/home/elson/turtlebot3_ws/install/gazebo_ros2_control:/home/elson/riot_ws/install/riot_description:/home/elson/riot_ws/install/riot_bringup:/home/elson/turtlebot3_ws/install/turtlebot3_commander:/home/elson/turtlebot3_ws/install/nav2_simple_commander:/home/elson/nav2_simple_commander_ws/install/turtlebot3_commander:/opt/ros/foxy /usr/bin/cmake --build /home/elson/proj4_ws/build/turtlebot3_manipulation_teleop -- -j16 -l16
[0.814s] [100%] Built target turtlebot3_manipulation_teleop
[0.824s] Invoked command in '/home/elson/proj4_ws/build/turtlebot3_manipulation_teleop' returned '0': CMAKE_PREFIX_PATH=/home/elson/proj4_ws/install/turtlebot3_manipulation_moveit_config:/home/elson/proj4_ws/install/turtlebot3_manipulation_bringup:/home/elson/proj4_ws/install/turtlebot3_manipulation_description:/home/elson/proj4_ws/install/turtlebot3_manipulation:/home/elson/proj4_ws/install/turtlebot3_manipulation_teleop:/home/elson/proj4_ws/install/turtlebot3_manipulation_navigation2:/home/elson/proj4_ws/install/turtlebot3_manipulation_hardware:/home/elson/proj4_ws/install/turtlebot3_manipulation_cartographer:/home/elson/dev_ws/install/turtlebot3_manipulation_moveit_config:/home/elson/dev_ws/install/my_bot_moveit_config:/home/elson/dev_ws/install/my_bot_description:/home/elson/dev_ws/install/my_bot_bringup:/home/elson/dev_ws/install/my_bot:/home/elson/dev_ws/install/astra_camera_msgs:/home/elson/turtlebot3_ws/install/turtlebot3_simulations:/home/elson/turtlebot3_ws/install/turtlebot3_gazebo:/home/elson/turtlebot3_ws/install/turtlebot3_fake_node:/home/elson/turtlebot3_ws/install/gazebo_ros2_control_demos:/home/elson/turtlebot3_ws/install/gazebo_ros2_control:/home/elson/riot_ws/install/riot_description:/home/elson/riot_ws/install/riot_bringup:/home/elson/turtlebot3_ws/install/turtlebot3_commander:/home/elson/turtlebot3_ws/install/nav2_simple_commander:/home/elson/nav2_simple_commander_ws/install/turtlebot3_commander:/opt/ros/foxy /usr/bin/cmake --build /home/elson/proj4_ws/build/turtlebot3_manipulation_teleop -- -j16 -l16
[0.846s] Invoking command in '/home/elson/proj4_ws/build/turtlebot3_manipulation_teleop': CMAKE_PREFIX_PATH=/home/elson/proj4_ws/install/turtlebot3_manipulation_moveit_config:/home/elson/proj4_ws/install/turtlebot3_manipulation_bringup:/home/elson/proj4_ws/install/turtlebot3_manipulation_description:/home/elson/proj4_ws/install/turtlebot3_manipulation:/home/elson/proj4_ws/install/turtlebot3_manipulation_teleop:/home/elson/proj4_ws/install/turtlebot3_manipulation_navigation2:/home/elson/proj4_ws/install/turtlebot3_manipulation_hardware:/home/elson/proj4_ws/install/turtlebot3_manipulation_cartographer:/home/elson/dev_ws/install/turtlebot3_manipulation_moveit_config:/home/elson/dev_ws/install/my_bot_moveit_config:/home/elson/dev_ws/install/my_bot_description:/home/elson/dev_ws/install/my_bot_bringup:/home/elson/dev_ws/install/my_bot:/home/elson/dev_ws/install/astra_camera_msgs:/home/elson/turtlebot3_ws/install/turtlebot3_simulations:/home/elson/turtlebot3_ws/install/turtlebot3_gazebo:/home/elson/turtlebot3_ws/install/turtlebot3_fake_node:/home/elson/turtlebot3_ws/install/gazebo_ros2_control_demos:/home/elson/turtlebot3_ws/install/gazebo_ros2_control:/home/elson/riot_ws/install/riot_description:/home/elson/riot_ws/install/riot_bringup:/home/elson/turtlebot3_ws/install/turtlebot3_commander:/home/elson/turtlebot3_ws/install/nav2_simple_commander:/home/elson/nav2_simple_commander_ws/install/turtlebot3_commander:/opt/ros/foxy /usr/bin/cmake --install /home/elson/proj4_ws/build/turtlebot3_manipulation_teleop
[0.857s] -- Install configuration: ""
[0.858s] -- Execute custom install script
[0.859s] -- Up-to-date symlink: /home/elson/proj4_ws/install/turtlebot3_manipulation_teleop/lib/turtlebot3_manipulation_teleop/turtlebot3_manipulation_teleop
[0.859s] -- Up-to-date symlink: /home/elson/proj4_ws/install/turtlebot3_manipulation_teleop/share/ament_index/resource_index/package_run_dependencies/turtlebot3_manipulation_teleop
[0.860s] -- Up-to-date symlink: /home/elson/proj4_ws/install/turtlebot3_manipulation_teleop/share/ament_index/resource_index/parent_prefix_path/turtlebot3_manipulation_teleop
[0.860s] -- Up-to-date symlink: /home/elson/proj4_ws/install/turtlebot3_manipulation_teleop/share/turtlebot3_manipulation_teleop/environment/ament_prefix_path.sh
[0.860s] -- Up-to-date symlink: /home/elson/proj4_ws/install/turtlebot3_manipulation_teleop/share/turtlebot3_manipulation_teleop/environment/ament_prefix_path.dsv
[0.861s] -- Up-to-date symlink: /home/elson/proj4_ws/install/turtlebot3_manipulation_teleop/share/turtlebot3_manipulation_teleop/environment/path.sh
[0.861s] -- Up-to-date symlink: /home/elson/proj4_ws/install/turtlebot3_manipulation_teleop/share/turtlebot3_manipulation_teleop/environment/path.dsv
[0.861s] -- Up-to-date symlink: /home/elson/proj4_ws/install/turtlebot3_manipulation_teleop/share/turtlebot3_manipulation_teleop/local_setup.bash
[0.862s] -- Up-to-date symlink: /home/elson/proj4_ws/install/turtlebot3_manipulation_teleop/share/turtlebot3_manipulation_teleop/local_setup.sh
[0.862s] -- Up-to-date symlink: /home/elson/proj4_ws/install/turtlebot3_manipulation_teleop/share/turtlebot3_manipulation_teleop/local_setup.zsh
[0.862s] -- Up-to-date symlink: /home/elson/proj4_ws/install/turtlebot3_manipulation_teleop/share/turtlebot3_manipulation_teleop/local_setup.dsv
[0.863s] -- Symlinking: /home/elson/proj4_ws/install/turtlebot3_manipulation_teleop/share/turtlebot3_manipulation_teleop/package.dsv
[0.868s] -- Up-to-date symlink: /home/elson/proj4_ws/install/turtlebot3_manipulation_teleop/share/ament_index/resource_index/packages/turtlebot3_manipulation_teleop
[0.868s] -- Up-to-date symlink: /home/elson/proj4_ws/install/turtlebot3_manipulation_teleop/share/turtlebot3_manipulation_teleop/cmake/turtlebot3_manipulation_teleopConfig.cmake
[0.868s] -- Up-to-date symlink: /home/elson/proj4_ws/install/turtlebot3_manipulation_teleop/share/turtlebot3_manipulation_teleop/cmake/turtlebot3_manipulation_teleopConfig-version.cmake
[0.868s] -- Up-to-date symlink: /home/elson/proj4_ws/install/turtlebot3_manipulation_teleop/share/turtlebot3_manipulation_teleop/package.xml
[0.871s] Invoked command in '/home/elson/proj4_ws/build/turtlebot3_manipulation_teleop' returned '0': CMAKE_PREFIX_PATH=/home/elson/proj4_ws/install/turtlebot3_manipulation_moveit_config:/home/elson/proj4_ws/install/turtlebot3_manipulation_bringup:/home/elson/proj4_ws/install/turtlebot3_manipulation_description:/home/elson/proj4_ws/install/turtlebot3_manipulation:/home/elson/proj4_ws/install/turtlebot3_manipulation_teleop:/home/elson/proj4_ws/install/turtlebot3_manipulation_navigation2:/home/elson/proj4_ws/install/turtlebot3_manipulation_hardware:/home/elson/proj4_ws/install/turtlebot3_manipulation_cartographer:/home/elson/dev_ws/install/turtlebot3_manipulation_moveit_config:/home/elson/dev_ws/install/my_bot_moveit_config:/home/elson/dev_ws/install/my_bot_description:/home/elson/dev_ws/install/my_bot_bringup:/home/elson/dev_ws/install/my_bot:/home/elson/dev_ws/install/astra_camera_msgs:/home/elson/turtlebot3_ws/install/turtlebot3_simulations:/home/elson/turtlebot3_ws/install/turtlebot3_gazebo:/home/elson/turtlebot3_ws/install/turtlebot3_fake_node:/home/elson/turtlebot3_ws/install/gazebo_ros2_control_demos:/home/elson/turtlebot3_ws/install/gazebo_ros2_control:/home/elson/riot_ws/install/riot_description:/home/elson/riot_ws/install/riot_bringup:/home/elson/turtlebot3_ws/install/turtlebot3_commander:/home/elson/turtlebot3_ws/install/nav2_simple_commander:/home/elson/nav2_simple_commander_ws/install/turtlebot3_commander:/opt/ros/foxy /usr/bin/cmake --install /home/elson/proj4_ws/build/turtlebot3_manipulation_teleop
