[0.231s] Invoking command in '/home/elson/proj4_ws/build/turtlebot3_manipulation_description': CMAKE_PREFIX_PATH=${CMAKE_PREFIX_PATH}:/home/elson/turtlebot3_ws/install/turtlebot3_commander:/home/elson/turtlebot3_ws/install/nav2_simple_commander:/home/elson/nav2_simple_commander_ws/install/turtlebot3_commander:/opt/ros/foxy /usr/bin/cmake /home/elson/proj4_ws/src/turtlebot3_manipulation/turtlebot3_manipulation_description -DCMAKE_INSTALL_PREFIX=/home/elson/proj4_ws/install/turtlebot3_manipulation_description
[0.858s] -- Found ament_cmake: 0.9.11 (/opt/ros/foxy/share/ament_cmake/cmake)
[0.939s] -- Using PYTHON_EXECUTABLE: /usr/bin/python3
[1.085s] -- Override CMake install command with custom implementation using symlinks instead of copying resources
[1.352s] -- Configuring done
[1.402s] -- Generating done
[1.403s] -- Build files have been written to: /home/elson/proj4_ws/build/turtlebot3_manipulation_description
[1.408s] Invoked command in '/home/elson/proj4_ws/build/turtlebot3_manipulation_description' returned '0': CMAKE_PREFIX_PATH=${CMAKE_PREFIX_PATH}:/home/elson/turtlebot3_ws/install/turtlebot3_commander:/home/elson/turtlebot3_ws/install/nav2_simple_commander:/home/elson/nav2_simple_commander_ws/install/turtlebot3_commander:/opt/ros/foxy /usr/bin/cmake /home/elson/proj4_ws/src/turtlebot3_manipulation/turtlebot3_manipulation_description -DCMAKE_INSTALL_PREFIX=/home/elson/proj4_ws/install/turtlebot3_manipulation_description
[1.410s] Invoking command in '/home/elson/proj4_ws/build/turtlebot3_manipulation_description': CMAKE_PREFIX_PATH=${CMAKE_PREFIX_PATH}:/home/elson/turtlebot3_ws/install/turtlebot3_commander:/home/elson/turtlebot3_ws/install/nav2_simple_commander:/home/elson/nav2_simple_commander_ws/install/turtlebot3_commander:/opt/ros/foxy /usr/bin/cmake --build /home/elson/proj4_ws/build/turtlebot3_manipulation_description -- -j16 -l16
[1.473s] Invoked command in '/home/elson/proj4_ws/build/turtlebot3_manipulation_description' returned '0': CMAKE_PREFIX_PATH=${CMAKE_PREFIX_PATH}:/home/elson/turtlebot3_ws/install/turtlebot3_commander:/home/elson/turtlebot3_ws/install/nav2_simple_commander:/home/elson/nav2_simple_commander_ws/install/turtlebot3_commander:/opt/ros/foxy /usr/bin/cmake --build /home/elson/proj4_ws/build/turtlebot3_manipulation_description -- -j16 -l16
[1.492s] Invoking command in '/home/elson/proj4_ws/build/turtlebot3_manipulation_description': CMAKE_PREFIX_PATH=${CMAKE_PREFIX_PATH}:/home/elson/turtlebot3_ws/install/turtlebot3_commander:/home/elson/turtlebot3_ws/install/nav2_simple_commander:/home/elson/nav2_simple_commander_ws/install/turtlebot3_commander:/opt/ros/foxy /usr/bin/cmake --install /home/elson/proj4_ws/build/turtlebot3_manipulation_description
[1.496s] -- Install configuration: ""
[1.496s] -- Execute custom install script
[1.497s] -- Up-to-date symlink: /home/elson/proj4_ws/install/turtlebot3_manipulation_description/share/turtlebot3_manipulation_description/launch/model.launch.py
[1.497s] -- Up-to-date symlink: /home/elson/proj4_ws/install/turtlebot3_manipulation_description/share/turtlebot3_manipulation_description/rviz/model.rviz
[1.497s] -- Up-to-date symlink: /home/elson/proj4_ws/install/turtlebot3_manipulation_description/share/turtlebot3_manipulation_description/urdf/inertial_macros.xacro
[1.497s] -- Up-to-date symlink: /home/elson/proj4_ws/install/turtlebot3_manipulation_description/share/turtlebot3_manipulation_description/urdf/open_manipulator_x.urdf.xacro
[1.497s] -- Up-to-date symlink: /home/elson/proj4_ws/install/turtlebot3_manipulation_description/share/turtlebot3_manipulation_description/urdf/prototype.urdf.xacro
[1.497s] -- Up-to-date symlink: /home/elson/proj4_ws/install/turtlebot3_manipulation_description/share/turtlebot3_manipulation_description/urdf/robot.urdf.xacro
[1.498s] -- Up-to-date symlink: /home/elson/proj4_ws/install/turtlebot3_manipulation_description/share/turtlebot3_manipulation_description/urdf/turtlebot3_manipulation.urdf.xacro
[1.498s] -- Up-to-date symlink: /home/elson/proj4_ws/install/turtlebot3_manipulation_description/share/turtlebot3_manipulation_description/urdf/turtlebot3_waffle_pi.urdf.xacro
[1.498s] -- Up-to-date symlink: /home/elson/proj4_ws/install/turtlebot3_manipulation_description/share/turtlebot3_manipulation_description/gazebo/materials.xacro
[1.498s] -- Up-to-date symlink: /home/elson/proj4_ws/install/turtlebot3_manipulation_description/share/turtlebot3_manipulation_description/gazebo/open_manipulator_x.gazebo.xacro
[1.498s] -- Up-to-date symlink: /home/elson/proj4_ws/install/turtlebot3_manipulation_description/share/turtlebot3_manipulation_description/gazebo/prototype.gazebo.xacro
[1.498s] -- Up-to-date symlink: /home/elson/proj4_ws/install/turtlebot3_manipulation_description/share/turtlebot3_manipulation_description/gazebo/turtlebot3_waffle_pi.gazebo.xacro
[1.498s] -- Up-to-date symlink: /home/elson/proj4_ws/install/turtlebot3_manipulation_description/share/turtlebot3_manipulation_description/meshes/open_manipulator_x/gripper_left_palm.stl
[1.498s] -- Up-to-date symlink: /home/elson/proj4_ws/install/turtlebot3_manipulation_description/share/turtlebot3_manipulation_description/meshes/open_manipulator_x/gripper_right_palm.stl
[1.499s] -- Up-to-date symlink: /home/elson/proj4_ws/install/turtlebot3_manipulation_description/share/turtlebot3_manipulation_description/meshes/open_manipulator_x/link1.stl
[1.499s] -- Up-to-date symlink: /home/elson/proj4_ws/install/turtlebot3_manipulation_description/share/turtlebot3_manipulation_description/meshes/open_manipulator_x/link2.stl
[1.499s] -- Up-to-date symlink: /home/elson/proj4_ws/install/turtlebot3_manipulation_description/share/turtlebot3_manipulation_description/meshes/open_manipulator_x/link3.stl
[1.499s] -- Up-to-date symlink: /home/elson/proj4_ws/install/turtlebot3_manipulation_description/share/turtlebot3_manipulation_description/meshes/open_manipulator_x/link4.stl
[1.499s] -- Up-to-date symlink: /home/elson/proj4_ws/install/turtlebot3_manipulation_description/share/turtlebot3_manipulation_description/meshes/open_manipulator_x/link5.stl
[1.499s] -- Up-to-date symlink: /home/elson/proj4_ws/install/turtlebot3_manipulation_description/share/turtlebot3_manipulation_description/meshes/turtlebot3_waffle_pi/base.stl
[1.499s] -- Up-to-date symlink: /home/elson/proj4_ws/install/turtlebot3_manipulation_description/share/turtlebot3_manipulation_description/meshes/turtlebot3_waffle_pi/ladar.stl
[1.499s] -- Up-to-date symlink: /home/elson/proj4_ws/install/turtlebot3_manipulation_description/share/turtlebot3_manipulation_description/meshes/turtlebot3_waffle_pi/left_tire.stl
[1.499s] -- Up-to-date symlink: /home/elson/proj4_ws/install/turtlebot3_manipulation_description/share/turtlebot3_manipulation_description/meshes/turtlebot3_waffle_pi/right_tire.stl
[1.500s] -- Up-to-date symlink: /home/elson/proj4_ws/install/turtlebot3_manipulation_description/share/turtlebot3_manipulation_description/ros2_control/prototype.ros2_control.xacro
[1.500s] -- Up-to-date symlink: /home/elson/proj4_ws/install/turtlebot3_manipulation_description/share/turtlebot3_manipulation_description/ros2_control/turtlebot3_manipulation_system.ros2_control.xacro
[1.500s] -- Up-to-date symlink: /home/elson/proj4_ws/install/turtlebot3_manipulation_description/share/turtlebot3_manipulation_description/environment/turtlebot3_manipulation_description.dsv
[1.500s] -- Up-to-date symlink: /home/elson/proj4_ws/install/turtlebot3_manipulation_description/share/ament_index/resource_index/package_run_dependencies/turtlebot3_manipulation_description
[1.500s] -- Up-to-date symlink: /home/elson/proj4_ws/install/turtlebot3_manipulation_description/share/ament_index/resource_index/parent_prefix_path/turtlebot3_manipulation_description
[1.500s] -- Up-to-date symlink: /home/elson/proj4_ws/install/turtlebot3_manipulation_description/share/turtlebot3_manipulation_description/environment/ament_prefix_path.sh
[1.500s] -- Up-to-date symlink: /home/elson/proj4_ws/install/turtlebot3_manipulation_description/share/turtlebot3_manipulation_description/environment/ament_prefix_path.dsv
[1.501s] -- Up-to-date symlink: /home/elson/proj4_ws/install/turtlebot3_manipulation_description/share/turtlebot3_manipulation_description/environment/path.sh
[1.501s] -- Up-to-date symlink: /home/elson/proj4_ws/install/turtlebot3_manipulation_description/share/turtlebot3_manipulation_description/environment/path.dsv
[1.501s] -- Up-to-date symlink: /home/elson/proj4_ws/install/turtlebot3_manipulation_description/share/turtlebot3_manipulation_description/local_setup.bash
[1.501s] -- Up-to-date symlink: /home/elson/proj4_ws/install/turtlebot3_manipulation_description/share/turtlebot3_manipulation_description/local_setup.sh
[1.501s] -- Up-to-date symlink: /home/elson/proj4_ws/install/turtlebot3_manipulation_description/share/turtlebot3_manipulation_description/local_setup.zsh
[1.501s] -- Up-to-date symlink: /home/elson/proj4_ws/install/turtlebot3_manipulation_description/share/turtlebot3_manipulation_description/local_setup.dsv
[1.501s] -- Symlinking: /home/elson/proj4_ws/install/turtlebot3_manipulation_description/share/turtlebot3_manipulation_description/package.dsv
[1.507s] -- Up-to-date symlink: /home/elson/proj4_ws/install/turtlebot3_manipulation_description/share/ament_index/resource_index/packages/turtlebot3_manipulation_description
[1.507s] -- Up-to-date symlink: /home/elson/proj4_ws/install/turtlebot3_manipulation_description/share/turtlebot3_manipulation_description/cmake/turtlebot3_manipulation_descriptionConfig.cmake
[1.507s] -- Up-to-date symlink: /home/elson/proj4_ws/install/turtlebot3_manipulation_description/share/turtlebot3_manipulation_description/cmake/turtlebot3_manipulation_descriptionConfig-version.cmake
[1.507s] -- Up-to-date symlink: /home/elson/proj4_ws/install/turtlebot3_manipulation_description/share/turtlebot3_manipulation_description/package.xml
[1.782s] Invoked command in '/home/elson/proj4_ws/build/turtlebot3_manipulation_description' returned '0': CMAKE_PREFIX_PATH=${CMAKE_PREFIX_PATH}:/home/elson/turtlebot3_ws/install/turtlebot3_commander:/home/elson/turtlebot3_ws/install/nav2_simple_commander:/home/elson/nav2_simple_commander_ws/install/turtlebot3_commander:/opt/ros/foxy /usr/bin/cmake --install /home/elson/proj4_ws/build/turtlebot3_manipulation_description
