[0.074s] Invoking command in '/home/elson/proj4_ws/build/turtlebot3_manipulation_teleop': AMENT_PREFIX_PATH=/home/elson/proj4_ws/install/turtlebot3_manipulation_moveit_config:/home/elson/proj4_ws/install/turtlebot3_manipulation_bringup:/home/elson/proj4_ws/install/turtlebot3_manipulation_description:${AMENT_PREFIX_PATH} CMAKE_PREFIX_PATH=/home/elson/proj4_ws/install/turtlebot3_manipulation_moveit_config:/home/elson/proj4_ws/install/turtlebot3_manipulation_bringup:/home/elson/proj4_ws/install/turtlebot3_manipulation_description:/home/elson/dev_ws/install/turtlebot3_manipulation_moveit_config:/home/elson/dev_ws/install/my_bot_moveit_config:/home/elson/dev_ws/install/my_bot_description:/home/elson/dev_ws/install/my_bot_bringup:/home/elson/dev_ws/install/my_bot:/home/elson/dev_ws/install/astra_camera_msgs:/home/elson/turtlebot3_ws/install/turtlebot3_simulations:/home/elson/turtlebot3_ws/install/turtlebot3_gazebo:/home/elson/turtlebot3_ws/install/turtlebot3_fake_node:/home/elson/turtlebot3_ws/install/gazebo_ros2_control_demos:/home/elson/turtlebot3_ws/install/gazebo_ros2_control:/home/elson/riot_ws/install/riot_description:/home/elson/riot_ws/install/riot_bringup:/home/elson/turtlebot3_ws/install/turtlebot3_commander:/home/elson/turtlebot3_ws/install/nav2_simple_commander:/home/elson/nav2_simple_commander_ws/install/turtlebot3_commander:/opt/ros/foxy /usr/bin/cmake /home/elson/proj4_ws/src/turtlebot3_manipulation/turtlebot3_manipulation_teleop -DAMENT_CMAKE_SYMLINK_INSTALL=1 -DCMAKE_INSTALL_PREFIX=/home/elson/proj4_ws/install/turtlebot3_manipulation_teleop
[0.177s] -- Found ament_cmake: 0.9.11 (/opt/ros/foxy/share/ament_cmake/cmake)
[0.207s] -- Using PYTHON_EXECUTABLE: /usr/bin/python3
[0.343s] -- Override CMake install command with custom implementation using symlinks instead of copying resources
[0.388s] -- Found rclcpp: 2.4.2 (/opt/ros/foxy/share/rclcpp/cmake)
[0.719s] -- Using all available rosidl_typesupport_c: rosidl_typesupport_fastrtps_c;rosidl_typesupport_introspection_c
[0.721s] -- Found rosidl_adapter: 1.3.0 (/opt/ros/foxy/share/rosidl_adapter/cmake)
[0.798s] -- Using all available rosidl_typesupport_cpp: rosidl_typesupport_fastrtps_cpp;rosidl_typesupport_introspection_cpp
[0.923s] -- Found rmw_implementation_cmake: 1.0.3 (/opt/ros/foxy/share/rmw_implementation_cmake/cmake)
[0.939s] -- Using RMW implementation 'rmw_fastrtps_cpp' as default
[1.335s] -- Found turtlebot3_manipulation_bringup: 1.2.0 (/home/elson/proj4_ws/install/turtlebot3_manipulation_bringup/share/turtlebot3_manipulation_bringup/cmake)
[1.335s] -- Found turtlebot3_manipulation_moveit_config: 1.2.0 (/home/elson/proj4_ws/install/turtlebot3_manipulation_moveit_config/share/turtlebot3_manipulation_moveit_config/cmake)
[1.335s] -- Found turtlebot3_manipulation_description: 1.2.0 (/home/elson/proj4_ws/install/turtlebot3_manipulation_description/share/turtlebot3_manipulation_description/cmake)
[1.335s] -- Found geometry_msgs: 2.0.5 (/opt/ros/foxy/share/geometry_msgs/cmake)
[1.424s] -- Found nav_msgs: 2.0.5 (/opt/ros/foxy/share/nav_msgs/cmake)
[1.515s] -- Found control_msgs: 2.5.1 (/opt/ros/foxy/share/control_msgs/cmake)
[1.795s] -- Found sensor_msgs: 2.0.5 (/opt/ros/foxy/share/sensor_msgs/cmake)
[1.952s] -- Found std_srvs: 2.0.5 (/opt/ros/foxy/share/std_srvs/cmake)
[2.068s] -- Found ament_lint_auto: 0.9.7 (/opt/ros/foxy/share/ament_lint_auto/cmake)
[2.467s] -- Added test 'copyright' to check source files copyright and LICENSE
[2.469s] -- Added test 'cppcheck' to perform static code analysis on C / C++ code
[2.470s] -- Configured cppcheck include dirs: $<BUILD_INTERFACE:/home/elson/proj4_ws/src/turtlebot3_manipulation/turtlebot3_manipulation_teleop/include>
[2.470s] -- Configured cppcheck exclude dirs and/or files: 
[2.471s] -- Added test 'cpplint' to check C / C++ code against the Google style
[2.471s] -- Configured cpplint exclude dirs and/or files: 
[2.473s] -- Added test 'lint_cmake' to check CMake code style
[2.477s] -- Added test 'uncrustify' to check C / C++ code style
[2.478s] -- Configured uncrustify additional arguments: 
[2.479s] -- Added test 'xmllint' to check XML markup files
[2.577s] -- Configuring done
[3.695s] -- Generating done
[3.699s] -- Build files have been written to: /home/elson/proj4_ws/build/turtlebot3_manipulation_teleop
[3.704s] Invoked command in '/home/elson/proj4_ws/build/turtlebot3_manipulation_teleop' returned '0': AMENT_PREFIX_PATH=/home/elson/proj4_ws/install/turtlebot3_manipulation_moveit_config:/home/elson/proj4_ws/install/turtlebot3_manipulation_bringup:/home/elson/proj4_ws/install/turtlebot3_manipulation_description:${AMENT_PREFIX_PATH} CMAKE_PREFIX_PATH=/home/elson/proj4_ws/install/turtlebot3_manipulation_moveit_config:/home/elson/proj4_ws/install/turtlebot3_manipulation_bringup:/home/elson/proj4_ws/install/turtlebot3_manipulation_description:/home/elson/dev_ws/install/turtlebot3_manipulation_moveit_config:/home/elson/dev_ws/install/my_bot_moveit_config:/home/elson/dev_ws/install/my_bot_description:/home/elson/dev_ws/install/my_bot_bringup:/home/elson/dev_ws/install/my_bot:/home/elson/dev_ws/install/astra_camera_msgs:/home/elson/turtlebot3_ws/install/turtlebot3_simulations:/home/elson/turtlebot3_ws/install/turtlebot3_gazebo:/home/elson/turtlebot3_ws/install/turtlebot3_fake_node:/home/elson/turtlebot3_ws/install/gazebo_ros2_control_demos:/home/elson/turtlebot3_ws/install/gazebo_ros2_control:/home/elson/riot_ws/install/riot_description:/home/elson/riot_ws/install/riot_bringup:/home/elson/turtlebot3_ws/install/turtlebot3_commander:/home/elson/turtlebot3_ws/install/nav2_simple_commander:/home/elson/nav2_simple_commander_ws/install/turtlebot3_commander:/opt/ros/foxy /usr/bin/cmake /home/elson/proj4_ws/src/turtlebot3_manipulation/turtlebot3_manipulation_teleop -DAMENT_CMAKE_SYMLINK_INSTALL=1 -DCMAKE_INSTALL_PREFIX=/home/elson/proj4_ws/install/turtlebot3_manipulation_teleop
[3.706s] Invoking command in '/home/elson/proj4_ws/build/turtlebot3_manipulation_teleop': AMENT_PREFIX_PATH=/home/elson/proj4_ws/install/turtlebot3_manipulation_moveit_config:/home/elson/proj4_ws/install/turtlebot3_manipulation_bringup:/home/elson/proj4_ws/install/turtlebot3_manipulation_description:${AMENT_PREFIX_PATH} CMAKE_PREFIX_PATH=/home/elson/proj4_ws/install/turtlebot3_manipulation_moveit_config:/home/elson/proj4_ws/install/turtlebot3_manipulation_bringup:/home/elson/proj4_ws/install/turtlebot3_manipulation_description:/home/elson/dev_ws/install/turtlebot3_manipulation_moveit_config:/home/elson/dev_ws/install/my_bot_moveit_config:/home/elson/dev_ws/install/my_bot_description:/home/elson/dev_ws/install/my_bot_bringup:/home/elson/dev_ws/install/my_bot:/home/elson/dev_ws/install/astra_camera_msgs:/home/elson/turtlebot3_ws/install/turtlebot3_simulations:/home/elson/turtlebot3_ws/install/turtlebot3_gazebo:/home/elson/turtlebot3_ws/install/turtlebot3_fake_node:/home/elson/turtlebot3_ws/install/gazebo_ros2_control_demos:/home/elson/turtlebot3_ws/install/gazebo_ros2_control:/home/elson/riot_ws/install/riot_description:/home/elson/riot_ws/install/riot_bringup:/home/elson/turtlebot3_ws/install/turtlebot3_commander:/home/elson/turtlebot3_ws/install/nav2_simple_commander:/home/elson/nav2_simple_commander_ws/install/turtlebot3_commander:/opt/ros/foxy /usr/bin/cmake --build /home/elson/proj4_ws/build/turtlebot3_manipulation_teleop -- -j16 -l16
[4.384s] [ 50%] [32m[1mLinking CXX executable turtlebot3_manipulation_teleop[0m
[8.413s] [100%] Built target turtlebot3_manipulation_teleop
[8.419s] Invoked command in '/home/elson/proj4_ws/build/turtlebot3_manipulation_teleop' returned '0': AMENT_PREFIX_PATH=/home/elson/proj4_ws/install/turtlebot3_manipulation_moveit_config:/home/elson/proj4_ws/install/turtlebot3_manipulation_bringup:/home/elson/proj4_ws/install/turtlebot3_manipulation_description:${AMENT_PREFIX_PATH} CMAKE_PREFIX_PATH=/home/elson/proj4_ws/install/turtlebot3_manipulation_moveit_config:/home/elson/proj4_ws/install/turtlebot3_manipulation_bringup:/home/elson/proj4_ws/install/turtlebot3_manipulation_description:/home/elson/dev_ws/install/turtlebot3_manipulation_moveit_config:/home/elson/dev_ws/install/my_bot_moveit_config:/home/elson/dev_ws/install/my_bot_description:/home/elson/dev_ws/install/my_bot_bringup:/home/elson/dev_ws/install/my_bot:/home/elson/dev_ws/install/astra_camera_msgs:/home/elson/turtlebot3_ws/install/turtlebot3_simulations:/home/elson/turtlebot3_ws/install/turtlebot3_gazebo:/home/elson/turtlebot3_ws/install/turtlebot3_fake_node:/home/elson/turtlebot3_ws/install/gazebo_ros2_control_demos:/home/elson/turtlebot3_ws/install/gazebo_ros2_control:/home/elson/riot_ws/install/riot_description:/home/elson/riot_ws/install/riot_bringup:/home/elson/turtlebot3_ws/install/turtlebot3_commander:/home/elson/turtlebot3_ws/install/nav2_simple_commander:/home/elson/nav2_simple_commander_ws/install/turtlebot3_commander:/opt/ros/foxy /usr/bin/cmake --build /home/elson/proj4_ws/build/turtlebot3_manipulation_teleop -- -j16 -l16
[8.435s] Invoking command in '/home/elson/proj4_ws/build/turtlebot3_manipulation_teleop': AMENT_PREFIX_PATH=/home/elson/proj4_ws/install/turtlebot3_manipulation_moveit_config:/home/elson/proj4_ws/install/turtlebot3_manipulation_bringup:/home/elson/proj4_ws/install/turtlebot3_manipulation_description:${AMENT_PREFIX_PATH} CMAKE_PREFIX_PATH=/home/elson/proj4_ws/install/turtlebot3_manipulation_moveit_config:/home/elson/proj4_ws/install/turtlebot3_manipulation_bringup:/home/elson/proj4_ws/install/turtlebot3_manipulation_description:/home/elson/dev_ws/install/turtlebot3_manipulation_moveit_config:/home/elson/dev_ws/install/my_bot_moveit_config:/home/elson/dev_ws/install/my_bot_description:/home/elson/dev_ws/install/my_bot_bringup:/home/elson/dev_ws/install/my_bot:/home/elson/dev_ws/install/astra_camera_msgs:/home/elson/turtlebot3_ws/install/turtlebot3_simulations:/home/elson/turtlebot3_ws/install/turtlebot3_gazebo:/home/elson/turtlebot3_ws/install/turtlebot3_fake_node:/home/elson/turtlebot3_ws/install/gazebo_ros2_control_demos:/home/elson/turtlebot3_ws/install/gazebo_ros2_control:/home/elson/riot_ws/install/riot_description:/home/elson/riot_ws/install/riot_bringup:/home/elson/turtlebot3_ws/install/turtlebot3_commander:/home/elson/turtlebot3_ws/install/nav2_simple_commander:/home/elson/nav2_simple_commander_ws/install/turtlebot3_commander:/opt/ros/foxy /usr/bin/cmake --install /home/elson/proj4_ws/build/turtlebot3_manipulation_teleop
[8.440s] -- Install configuration: ""
[8.440s] -- Execute custom install script
[8.440s] -- Symlinking: /home/elson/proj4_ws/install/turtlebot3_manipulation_teleop/lib/turtlebot3_manipulation_teleop/turtlebot3_manipulation_teleop
[8.445s] -- Symlinking: /home/elson/proj4_ws/install/turtlebot3_manipulation_teleop/share/ament_index/resource_index/package_run_dependencies/turtlebot3_manipulation_teleop
[8.450s] -- Symlinking: /home/elson/proj4_ws/install/turtlebot3_manipulation_teleop/share/ament_index/resource_index/parent_prefix_path/turtlebot3_manipulation_teleop
[8.455s] -- Symlinking: /home/elson/proj4_ws/install/turtlebot3_manipulation_teleop/share/turtlebot3_manipulation_teleop/environment/ament_prefix_path.sh
[8.460s] -- Symlinking: /home/elson/proj4_ws/install/turtlebot3_manipulation_teleop/share/turtlebot3_manipulation_teleop/environment/ament_prefix_path.dsv
[8.465s] -- Symlinking: /home/elson/proj4_ws/install/turtlebot3_manipulation_teleop/share/turtlebot3_manipulation_teleop/environment/path.sh
[8.470s] -- Symlinking: /home/elson/proj4_ws/install/turtlebot3_manipulation_teleop/share/turtlebot3_manipulation_teleop/environment/path.dsv
[8.474s] -- Symlinking: /home/elson/proj4_ws/install/turtlebot3_manipulation_teleop/share/turtlebot3_manipulation_teleop/local_setup.bash
[8.479s] -- Symlinking: /home/elson/proj4_ws/install/turtlebot3_manipulation_teleop/share/turtlebot3_manipulation_teleop/local_setup.sh
[8.484s] -- Symlinking: /home/elson/proj4_ws/install/turtlebot3_manipulation_teleop/share/turtlebot3_manipulation_teleop/local_setup.zsh
[8.488s] -- Symlinking: /home/elson/proj4_ws/install/turtlebot3_manipulation_teleop/share/turtlebot3_manipulation_teleop/local_setup.dsv
[8.493s] -- Symlinking: /home/elson/proj4_ws/install/turtlebot3_manipulation_teleop/share/turtlebot3_manipulation_teleop/package.dsv
[8.498s] -- Symlinking: /home/elson/proj4_ws/install/turtlebot3_manipulation_teleop/share/ament_index/resource_index/packages/turtlebot3_manipulation_teleop
[8.503s] -- Symlinking: /home/elson/proj4_ws/install/turtlebot3_manipulation_teleop/share/turtlebot3_manipulation_teleop/cmake/turtlebot3_manipulation_teleopConfig.cmake
[8.508s] -- Symlinking: /home/elson/proj4_ws/install/turtlebot3_manipulation_teleop/share/turtlebot3_manipulation_teleop/cmake/turtlebot3_manipulation_teleopConfig-version.cmake
[8.513s] -- Symlinking: /home/elson/proj4_ws/install/turtlebot3_manipulation_teleop/share/turtlebot3_manipulation_teleop/package.xml
[8.520s] Invoked command in '/home/elson/proj4_ws/build/turtlebot3_manipulation_teleop' returned '0': AMENT_PREFIX_PATH=/home/elson/proj4_ws/install/turtlebot3_manipulation_moveit_config:/home/elson/proj4_ws/install/turtlebot3_manipulation_bringup:/home/elson/proj4_ws/install/turtlebot3_manipulation_description:${AMENT_PREFIX_PATH} CMAKE_PREFIX_PATH=/home/elson/proj4_ws/install/turtlebot3_manipulation_moveit_config:/home/elson/proj4_ws/install/turtlebot3_manipulation_bringup:/home/elson/proj4_ws/install/turtlebot3_manipulation_description:/home/elson/dev_ws/install/turtlebot3_manipulation_moveit_config:/home/elson/dev_ws/install/my_bot_moveit_config:/home/elson/dev_ws/install/my_bot_description:/home/elson/dev_ws/install/my_bot_bringup:/home/elson/dev_ws/install/my_bot:/home/elson/dev_ws/install/astra_camera_msgs:/home/elson/turtlebot3_ws/install/turtlebot3_simulations:/home/elson/turtlebot3_ws/install/turtlebot3_gazebo:/home/elson/turtlebot3_ws/install/turtlebot3_fake_node:/home/elson/turtlebot3_ws/install/gazebo_ros2_control_demos:/home/elson/turtlebot3_ws/install/gazebo_ros2_control:/home/elson/riot_ws/install/riot_description:/home/elson/riot_ws/install/riot_bringup:/home/elson/turtlebot3_ws/install/turtlebot3_commander:/home/elson/turtlebot3_ws/install/nav2_simple_commander:/home/elson/nav2_simple_commander_ws/install/turtlebot3_commander:/opt/ros/foxy /usr/bin/cmake --install /home/elson/proj4_ws/build/turtlebot3_manipulation_teleop
