[0.123s] Invoking command in '/home/elson/proj4_ws/build/turtlebot3_manipulation_cartographer': CMAKE_PREFIX_PATH=${CMAKE_PREFIX_PATH}:/home/elson/proj4_ws/install/turtlebot3_manipulation_commander:/home/elson/proj4_ws/install/nav2_simple_commander:/opt/ros/foxy /usr/bin/cmake --build /home/elson/proj4_ws/build/turtlebot3_manipulation_cartographer -- -j16 -l16
[0.555s] Invoked command in '/home/elson/proj4_ws/build/turtlebot3_manipulation_cartographer' returned '0': CMAKE_PREFIX_PATH=${CMAKE_PREFIX_PATH}:/home/elson/proj4_ws/install/turtlebot3_manipulation_commander:/home/elson/proj4_ws/install/nav2_simple_commander:/opt/ros/foxy /usr/bin/cmake --build /home/elson/proj4_ws/build/turtlebot3_manipulation_cartographer -- -j16 -l16
[0.575s] Invoking command in '/home/elson/proj4_ws/build/turtlebot3_manipulation_cartographer': CMAKE_PREFIX_PATH=${CMAKE_PREFIX_PATH}:/home/elson/proj4_ws/install/turtlebot3_manipulation_commander:/home/elson/proj4_ws/install/nav2_simple_commander:/opt/ros/foxy /usr/bin/cmake --install /home/elson/proj4_ws/build/turtlebot3_manipulation_cartographer
[0.583s] -- Install configuration: ""
[0.610s] -- Execute custom install script
[0.629s] -- Up-to-date symlink: /home/elson/proj4_ws/install/turtlebot3_manipulation_cartographer/share/turtlebot3_manipulation_cartographer/config/turtlebot3_2d.lua
[0.631s] -- Up-to-date symlink: /home/elson/proj4_ws/install/turtlebot3_manipulation_cartographer/share/turtlebot3_manipulation_cartographer/launch/cartographer.launch.py
[0.631s] -- Up-to-date symlink: /home/elson/proj4_ws/install/turtlebot3_manipulation_cartographer/share/turtlebot3_manipulation_cartographer/launch/occupancy_grid.launch.py
[0.647s] -- Up-to-date symlink: /home/elson/proj4_ws/install/turtlebot3_manipulation_cartographer/share/turtlebot3_manipulation_cartographer/rviz/cartographer.rviz
[0.647s] -- Symlinking: /home/elson/proj4_ws/install/turtlebot3_manipulation_cartographer/share/turtlebot3_manipulation_cartographer/map/lanes.yaml
[0.653s] -- Symlinking: /home/elson/proj4_ws/install/turtlebot3_manipulation_cartographer/share/turtlebot3_manipulation_cartographer/map/lanes_rotated.pgm
[0.667s] -- Up-to-date symlink: /home/elson/proj4_ws/install/turtlebot3_manipulation_cartographer/share/turtlebot3_manipulation_cartographer/map/riot_map.pgm
[0.667s] -- Up-to-date symlink: /home/elson/proj4_ws/install/turtlebot3_manipulation_cartographer/share/turtlebot3_manipulation_cartographer/map/riot_map.yaml
[0.674s] -- Up-to-date symlink: /home/elson/proj4_ws/install/turtlebot3_manipulation_cartographer/share/turtlebot3_manipulation_cartographer/map/riot_map1.pgm
[0.674s] -- Up-to-date symlink: /home/elson/proj4_ws/install/turtlebot3_manipulation_cartographer/share/ament_index/resource_index/package_run_dependencies/turtlebot3_manipulation_cartographer
[0.686s] -- Up-to-date symlink: /home/elson/proj4_ws/install/turtlebot3_manipulation_cartographer/share/ament_index/resource_index/parent_prefix_path/turtlebot3_manipulation_cartographer
[0.687s] -- Up-to-date symlink: /home/elson/proj4_ws/install/turtlebot3_manipulation_cartographer/share/turtlebot3_manipulation_cartographer/environment/ament_prefix_path.sh
[0.687s] -- Up-to-date symlink: /home/elson/proj4_ws/install/turtlebot3_manipulation_cartographer/share/turtlebot3_manipulation_cartographer/environment/ament_prefix_path.dsv
[0.692s] -- Up-to-date symlink: /home/elson/proj4_ws/install/turtlebot3_manipulation_cartographer/share/turtlebot3_manipulation_cartographer/environment/path.sh
[0.692s] -- Up-to-date symlink: /home/elson/proj4_ws/install/turtlebot3_manipulation_cartographer/share/turtlebot3_manipulation_cartographer/environment/path.dsv
[0.692s] -- Up-to-date symlink: /home/elson/proj4_ws/install/turtlebot3_manipulation_cartographer/share/turtlebot3_manipulation_cartographer/local_setup.bash
[0.699s] -- Up-to-date symlink: /home/elson/proj4_ws/install/turtlebot3_manipulation_cartographer/share/turtlebot3_manipulation_cartographer/local_setup.sh
[0.699s] -- Up-to-date symlink: /home/elson/proj4_ws/install/turtlebot3_manipulation_cartographer/share/turtlebot3_manipulation_cartographer/local_setup.zsh
[0.700s] -- Up-to-date symlink: /home/elson/proj4_ws/install/turtlebot3_manipulation_cartographer/share/turtlebot3_manipulation_cartographer/local_setup.dsv
[0.700s] -- Symlinking: /home/elson/proj4_ws/install/turtlebot3_manipulation_cartographer/share/turtlebot3_manipulation_cartographer/package.dsv
[0.706s] -- Up-to-date symlink: /home/elson/proj4_ws/install/turtlebot3_manipulation_cartographer/share/ament_index/resource_index/packages/turtlebot3_manipulation_cartographer
[0.721s] -- Up-to-date symlink: /home/elson/proj4_ws/install/turtlebot3_manipulation_cartographer/share/turtlebot3_manipulation_cartographer/cmake/turtlebot3_manipulation_cartographerConfig.cmake
[0.739s] -- Up-to-date symlink: /home/elson/proj4_ws/install/turtlebot3_manipulation_cartographer/share/turtlebot3_manipulation_cartographer/cmake/turtlebot3_manipulation_cartographerConfig-version.cmake
[0.739s] -- Up-to-date symlink: /home/elson/proj4_ws/install/turtlebot3_manipulation_cartographer/share/turtlebot3_manipulation_cartographer/package.xml
[0.741s] Invoked command in '/home/elson/proj4_ws/build/turtlebot3_manipulation_cartographer' returned '0': CMAKE_PREFIX_PATH=${CMAKE_PREFIX_PATH}:/home/elson/proj4_ws/install/turtlebot3_manipulation_commander:/home/elson/proj4_ws/install/nav2_simple_commander:/opt/ros/foxy /usr/bin/cmake --install /home/elson/proj4_ws/build/turtlebot3_manipulation_cartographer
