-- The C compiler identification is GNU 9.4.0
-- The CXX compiler identification is GNU 9.4.0
-- Check for working C compiler: /usr/bin/cc
-- Check for working C compiler: /usr/bin/cc -- works
-- Detecting C compiler ABI info
-- Detecting C compiler ABI info - done
-- Detecting C compile features
-- Detecting C compile features - done
-- Check for working CXX compiler: /usr/bin/c++
-- Check for working CXX compiler: /usr/bin/c++ -- works
-- Detecting CXX compiler ABI info
-- Detecting CXX compiler ABI info - done
-- Detecting CXX compile features
-- Detecting CXX compile features - done
-- Found ament_cmake: 0.9.11 (/opt/ros/foxy/share/ament_cmake/cmake)
-- Found PythonInterp: /usr/bin/python3 (found suitable version "3.8.10", minimum required is "3") 
-- Using PYTHON_EXECUTABLE: /usr/bin/python3
-- Override CMake install command with custom implementation using symlinks instead of copying resources
-- Configuring done
-- Generating done
-- Build files have been written to: /home/elson/proj4_ws/build/turtlebot3_manipulation_bringup
-- Install configuration: ""
-- Execute custom install script
-- Symlinking: /home/elson/proj4_ws/install/turtlebot3_manipulation_bringup/share/turtlebot3_manipulation_bringup/launch/base.launch.py
-- Symlinking: /home/elson/proj4_ws/install/turtlebot3_manipulation_bringup/share/turtlebot3_manipulation_bringup/launch/fake.launch.py
-- Symlinking: /home/elson/proj4_ws/install/turtlebot3_manipulation_bringup/share/turtlebot3_manipulation_bringup/launch/gazebo.launch.py
-- Symlinking: /home/elson/proj4_ws/install/turtlebot3_manipulation_bringup/share/turtlebot3_manipulation_bringup/launch/hardware.launch.py
-- Symlinking: /home/elson/proj4_ws/install/turtlebot3_manipulation_bringup/share/turtlebot3_manipulation_bringup/launch/riot_waffle_nav_launch.xml
-- Symlinking: /home/elson/proj4_ws/install/turtlebot3_manipulation_bringup/share/turtlebot3_manipulation_bringup/launch/robot_state_publisher.launch.py
-- Symlinking: /home/elson/proj4_ws/install/turtlebot3_manipulation_bringup/share/turtlebot3_manipulation_bringup/config/gazebo_controller_manager.yaml
-- Symlinking: /home/elson/proj4_ws/install/turtlebot3_manipulation_bringup/share/turtlebot3_manipulation_bringup/config/hardware_controller_manager.yaml
-- Symlinking: /home/elson/proj4_ws/install/turtlebot3_manipulation_bringup/share/turtlebot3_manipulation_bringup/rviz/turtlebot3_manipulation.rviz
-- Symlinking: /home/elson/proj4_ws/install/turtlebot3_manipulation_bringup/share/turtlebot3_manipulation_bringup/worlds/Library_Punggol/Level5_V3.stl
-- Symlinking: /home/elson/proj4_ws/install/turtlebot3_manipulation_bringup/share/turtlebot3_manipulation_bringup/worlds/Library_Punggol/model.config
-- Symlinking: /home/elson/proj4_ws/install/turtlebot3_manipulation_bringup/share/turtlebot3_manipulation_bringup/worlds/Library_Punggol/model.sdf
-- Symlinking: /home/elson/proj4_ws/install/turtlebot3_manipulation_bringup/share/turtlebot3_manipulation_bringup/worlds/empty_world.model
-- Symlinking: /home/elson/proj4_ws/install/turtlebot3_manipulation_bringup/share/turtlebot3_manipulation_bringup/worlds/libChair/model.config
-- Symlinking: /home/elson/proj4_ws/install/turtlebot3_manipulation_bringup/share/turtlebot3_manipulation_bringup/worlds/libChair/model.sdf
-- Symlinking: /home/elson/proj4_ws/install/turtlebot3_manipulation_bringup/share/turtlebot3_manipulation_bringup/worlds/libChair_world.model
-- Symlinking: /home/elson/proj4_ws/install/turtlebot3_manipulation_bringup/share/turtlebot3_manipulation_bringup/worlds/library_world.model
-- Symlinking: /home/elson/proj4_ws/install/turtlebot3_manipulation_bringup/share/turtlebot3_manipulation_bringup/worlds/turtlebot3_world.model
-- Symlinking: /home/elson/proj4_ws/install/turtlebot3_manipulation_bringup/share/turtlebot3_manipulation_bringup/worlds/turtlebot3_world/meshes/hexagon.dae
-- Symlinking: /home/elson/proj4_ws/install/turtlebot3_manipulation_bringup/share/turtlebot3_manipulation_bringup/worlds/turtlebot3_world/meshes/wall.dae
-- Symlinking: /home/elson/proj4_ws/install/turtlebot3_manipulation_bringup/share/turtlebot3_manipulation_bringup/worlds/turtlebot3_world/model-1_4.sdf
-- Symlinking: /home/elson/proj4_ws/install/turtlebot3_manipulation_bringup/share/turtlebot3_manipulation_bringup/worlds/turtlebot3_world/model.config
-- Symlinking: /home/elson/proj4_ws/install/turtlebot3_manipulation_bringup/share/turtlebot3_manipulation_bringup/worlds/turtlebot3_world/model.sdf
-- Symlinking: /home/elson/proj4_ws/install/turtlebot3_manipulation_bringup/share/turtlebot3_manipulation_bringup/environment/turtlebot3_manipulation_bringup.dsv
-- Symlinking: /home/elson/proj4_ws/install/turtlebot3_manipulation_bringup/share/ament_index/resource_index/package_run_dependencies/turtlebot3_manipulation_bringup
-- Symlinking: /home/elson/proj4_ws/install/turtlebot3_manipulation_bringup/share/ament_index/resource_index/parent_prefix_path/turtlebot3_manipulation_bringup
-- Symlinking: /home/elson/proj4_ws/install/turtlebot3_manipulation_bringup/share/turtlebot3_manipulation_bringup/environment/ament_prefix_path.sh
-- Symlinking: /home/elson/proj4_ws/install/turtlebot3_manipulation_bringup/share/turtlebot3_manipulation_bringup/environment/ament_prefix_path.dsv
-- Symlinking: /home/elson/proj4_ws/install/turtlebot3_manipulation_bringup/share/turtlebot3_manipulation_bringup/environment/path.sh
-- Symlinking: /home/elson/proj4_ws/install/turtlebot3_manipulation_bringup/share/turtlebot3_manipulation_bringup/environment/path.dsv
-- Symlinking: /home/elson/proj4_ws/install/turtlebot3_manipulation_bringup/share/turtlebot3_manipulation_bringup/local_setup.bash
-- Symlinking: /home/elson/proj4_ws/install/turtlebot3_manipulation_bringup/share/turtlebot3_manipulation_bringup/local_setup.sh
-- Symlinking: /home/elson/proj4_ws/install/turtlebot3_manipulation_bringup/share/turtlebot3_manipulation_bringup/local_setup.zsh
-- Symlinking: /home/elson/proj4_ws/install/turtlebot3_manipulation_bringup/share/turtlebot3_manipulation_bringup/local_setup.dsv
-- Symlinking: /home/elson/proj4_ws/install/turtlebot3_manipulation_bringup/share/turtlebot3_manipulation_bringup/package.dsv
-- Symlinking: /home/elson/proj4_ws/install/turtlebot3_manipulation_bringup/share/ament_index/resource_index/packages/turtlebot3_manipulation_bringup
-- Symlinking: /home/elson/proj4_ws/install/turtlebot3_manipulation_bringup/share/turtlebot3_manipulation_bringup/cmake/turtlebot3_manipulation_bringupConfig.cmake
-- Symlinking: /home/elson/proj4_ws/install/turtlebot3_manipulation_bringup/share/turtlebot3_manipulation_bringup/cmake/turtlebot3_manipulation_bringupConfig-version.cmake
-- Symlinking: /home/elson/proj4_ws/install/turtlebot3_manipulation_bringup/share/turtlebot3_manipulation_bringup/package.xml
