[0.018s] Invoking command in '/home/elson/proj4_ws/build/turtlebot3_manipulation_navigation2': CMAKE_PREFIX_PATH=${CMAKE_PREFIX_PATH}:/home/elson/turtlebot3_ws/install/turtlebot3_commander:/home/elson/turtlebot3_ws/install/nav2_simple_commander:/home/elson/nav2_simple_commander_ws/install/turtlebot3_commander:/opt/ros/foxy /usr/bin/cmake --build /home/elson/proj4_ws/build/turtlebot3_manipulation_navigation2 -- -j16 -l16
[0.040s] Invoked command in '/home/elson/proj4_ws/build/turtlebot3_manipulation_navigation2' returned '0': CMAKE_PREFIX_PATH=${CMAKE_PREFIX_PATH}:/home/elson/turtlebot3_ws/install/turtlebot3_commander:/home/elson/turtlebot3_ws/install/nav2_simple_commander:/home/elson/nav2_simple_commander_ws/install/turtlebot3_commander:/opt/ros/foxy /usr/bin/cmake --build /home/elson/proj4_ws/build/turtlebot3_manipulation_navigation2 -- -j16 -l16
[0.057s] Invoking command in '/home/elson/proj4_ws/build/turtlebot3_manipulation_navigation2': CMAKE_PREFIX_PATH=${CMAKE_PREFIX_PATH}:/home/elson/turtlebot3_ws/install/turtlebot3_commander:/home/elson/turtlebot3_ws/install/nav2_simple_commander:/home/elson/nav2_simple_commander_ws/install/turtlebot3_commander:/opt/ros/foxy /usr/bin/cmake --install /home/elson/proj4_ws/build/turtlebot3_manipulation_navigation2
[0.063s] -- Install configuration: ""
[0.064s] -- Execute custom install script
[0.064s] -- Up-to-date symlink: /home/elson/proj4_ws/install/turtlebot3_manipulation_navigation2/share/turtlebot3_manipulation_navigation2/launch/navigation2.launch.py
[0.064s] -- Up-to-date symlink: /home/elson/proj4_ws/install/turtlebot3_manipulation_navigation2/share/turtlebot3_manipulation_navigation2/launch/navigation2_use_sim_time.launch.py
[0.064s] -- Up-to-date symlink: /home/elson/proj4_ws/install/turtlebot3_manipulation_navigation2/share/turtlebot3_manipulation_navigation2/map/turtlebot3_world.pgm
[0.064s] -- Up-to-date symlink: /home/elson/proj4_ws/install/turtlebot3_manipulation_navigation2/share/turtlebot3_manipulation_navigation2/map/turtlebot3_world.yaml
[0.064s] -- Up-to-date symlink: /home/elson/proj4_ws/install/turtlebot3_manipulation_navigation2/share/turtlebot3_manipulation_navigation2/param/turtlebot3.yaml
[0.064s] -- Up-to-date symlink: /home/elson/proj4_ws/install/turtlebot3_manipulation_navigation2/share/turtlebot3_manipulation_navigation2/param/turtlebot3_use_sim_time.yaml
[0.064s] -- Up-to-date symlink: /home/elson/proj4_ws/install/turtlebot3_manipulation_navigation2/share/turtlebot3_manipulation_navigation2/rviz/navigation2.rviz
[0.064s] -- Up-to-date symlink: /home/elson/proj4_ws/install/turtlebot3_manipulation_navigation2/share/ament_index/resource_index/package_run_dependencies/turtlebot3_manipulation_navigation2
[0.065s] -- Up-to-date symlink: /home/elson/proj4_ws/install/turtlebot3_manipulation_navigation2/share/ament_index/resource_index/parent_prefix_path/turtlebot3_manipulation_navigation2
[0.065s] -- Up-to-date symlink: /home/elson/proj4_ws/install/turtlebot3_manipulation_navigation2/share/turtlebot3_manipulation_navigation2/environment/ament_prefix_path.sh
[0.065s] -- Up-to-date symlink: /home/elson/proj4_ws/install/turtlebot3_manipulation_navigation2/share/turtlebot3_manipulation_navigation2/environment/ament_prefix_path.dsv
[0.065s] -- Up-to-date symlink: /home/elson/proj4_ws/install/turtlebot3_manipulation_navigation2/share/turtlebot3_manipulation_navigation2/environment/path.sh
[0.065s] -- Up-to-date symlink: /home/elson/proj4_ws/install/turtlebot3_manipulation_navigation2/share/turtlebot3_manipulation_navigation2/environment/path.dsv
[0.065s] -- Up-to-date symlink: /home/elson/proj4_ws/install/turtlebot3_manipulation_navigation2/share/turtlebot3_manipulation_navigation2/local_setup.bash
[0.065s] -- Up-to-date symlink: /home/elson/proj4_ws/install/turtlebot3_manipulation_navigation2/share/turtlebot3_manipulation_navigation2/local_setup.sh
[0.065s] -- Up-to-date symlink: /home/elson/proj4_ws/install/turtlebot3_manipulation_navigation2/share/turtlebot3_manipulation_navigation2/local_setup.zsh
[0.065s] -- Up-to-date symlink: /home/elson/proj4_ws/install/turtlebot3_manipulation_navigation2/share/turtlebot3_manipulation_navigation2/local_setup.dsv
[0.065s] -- Symlinking: /home/elson/proj4_ws/install/turtlebot3_manipulation_navigation2/share/turtlebot3_manipulation_navigation2/package.dsv
[0.071s] -- Up-to-date symlink: /home/elson/proj4_ws/install/turtlebot3_manipulation_navigation2/share/ament_index/resource_index/packages/turtlebot3_manipulation_navigation2
[0.071s] -- Up-to-date symlink: /home/elson/proj4_ws/install/turtlebot3_manipulation_navigation2/share/turtlebot3_manipulation_navigation2/cmake/turtlebot3_manipulation_navigation2Config.cmake
[0.071s] -- Up-to-date symlink: /home/elson/proj4_ws/install/turtlebot3_manipulation_navigation2/share/turtlebot3_manipulation_navigation2/cmake/turtlebot3_manipulation_navigation2Config-version.cmake
[0.071s] -- Up-to-date symlink: /home/elson/proj4_ws/install/turtlebot3_manipulation_navigation2/share/turtlebot3_manipulation_navigation2/package.xml
[0.096s] Invoked command in '/home/elson/proj4_ws/build/turtlebot3_manipulation_navigation2' returned '0': CMAKE_PREFIX_PATH=${CMAKE_PREFIX_PATH}:/home/elson/turtlebot3_ws/install/turtlebot3_commander:/home/elson/turtlebot3_ws/install/nav2_simple_commander:/home/elson/nav2_simple_commander_ws/install/turtlebot3_commander:/opt/ros/foxy /usr/bin/cmake --install /home/elson/proj4_ws/build/turtlebot3_manipulation_navigation2
