-- Found ament_cmake: 0.9.11 (/opt/ros/foxy/share/ament_cmake/cmake)
-- Using PYTHON_EXECUTABLE: /usr/bin/python3
-- Override CMake install command with custom implementation using symlinks instead of copying resources
-- Configuring done
-- Generating done
-- Build files have been written to: /home/elson/proj4_ws/build/turtlebot3_manipulation
-- Install configuration: ""
-- Execute custom install script
-- Symlinking: /home/elson/proj4_ws/install/turtlebot3_manipulation/share/ament_index/resource_index/package_run_dependencies/turtlebot3_manipulation
-- Symlinking: /home/elson/proj4_ws/install/turtlebot3_manipulation/share/ament_index/resource_index/parent_prefix_path/turtlebot3_manipulation
-- Symlinking: /home/elson/proj4_ws/install/turtlebot3_manipulation/share/turtlebot3_manipulation/environment/ament_prefix_path.sh
-- Symlinking: /home/elson/proj4_ws/install/turtlebot3_manipulation/share/turtlebot3_manipulation/environment/ament_prefix_path.dsv
-- Symlinking: /home/elson/proj4_ws/install/turtlebot3_manipulation/share/turtlebot3_manipulation/environment/path.sh
-- Symlinking: /home/elson/proj4_ws/install/turtlebot3_manipulation/share/turtlebot3_manipulation/environment/path.dsv
-- Symlinking: /home/elson/proj4_ws/install/turtlebot3_manipulation/share/turtlebot3_manipulation/local_setup.bash
-- Symlinking: /home/elson/proj4_ws/install/turtlebot3_manipulation/share/turtlebot3_manipulation/local_setup.sh
-- Symlinking: /home/elson/proj4_ws/install/turtlebot3_manipulation/share/turtlebot3_manipulation/local_setup.zsh
-- Symlinking: /home/elson/proj4_ws/install/turtlebot3_manipulation/share/turtlebot3_manipulation/local_setup.dsv
-- Symlinking: /home/elson/proj4_ws/install/turtlebot3_manipulation/share/turtlebot3_manipulation/package.dsv
-- Symlinking: /home/elson/proj4_ws/install/turtlebot3_manipulation/share/ament_index/resource_index/packages/turtlebot3_manipulation
-- Symlinking: /home/elson/proj4_ws/install/turtlebot3_manipulation/share/turtlebot3_manipulation/cmake/turtlebot3_manipulationConfig.cmake
-- Symlinking: /home/elson/proj4_ws/install/turtlebot3_manipulation/share/turtlebot3_manipulation/cmake/turtlebot3_manipulationConfig-version.cmake
-- Symlinking: /home/elson/proj4_ws/install/turtlebot3_manipulation/share/turtlebot3_manipulation/package.xml
