[3.624s] Invoking command in '/home/elson/proj4_ws/build/nav2_simple_commander': PYTHONPATH=/home/elson/proj4_ws/build/nav2_simple_commander/prefix_override:/home/elson/proj4_ws/install/nav2_simple_commander/lib/python3.8/site-packages:${PYTHONPATH} /usr/bin/python3 setup.py develop --editable --build-directory /home/elson/proj4_ws/build/nav2_simple_commander/build --no-deps install_data
[3.758s] running develop
[3.902s] running egg_info
[3.902s] writing nav2_simple_commander.egg-info/PKG-INFO
[3.902s] writing dependency_links to nav2_simple_commander.egg-info/dependency_links.txt
[3.902s] writing entry points to nav2_simple_commander.egg-info/entry_points.txt
[3.902s] writing requirements to nav2_simple_commander.egg-info/requires.txt
[3.902s] writing top-level names to nav2_simple_commander.egg-info/top_level.txt
[3.967s] reading manifest file 'nav2_simple_commander.egg-info/SOURCES.txt'
[3.972s] writing manifest file 'nav2_simple_commander.egg-info/SOURCES.txt'
[4.075s] running build_ext
[4.578s] Creating /home/elson/proj4_ws/install/nav2_simple_commander/lib/python3.8/site-packages/nav2-simple-commander.egg-link (link to .)
[4.580s] Installing demo_inspection script to /home/elson/proj4_ws/install/nav2_simple_commander/lib/nav2_simple_commander
[4.580s] Installing demo_picking script to /home/elson/proj4_ws/install/nav2_simple_commander/lib/nav2_simple_commander
[4.580s] Installing demo_recoveries script to /home/elson/proj4_ws/install/nav2_simple_commander/lib/nav2_simple_commander
[4.580s] Installing demo_security script to /home/elson/proj4_ws/install/nav2_simple_commander/lib/nav2_simple_commander
[4.581s] Installing example_follow_path script to /home/elson/proj4_ws/install/nav2_simple_commander/lib/nav2_simple_commander
[4.581s] Installing example_nav_through_poses script to /home/elson/proj4_ws/install/nav2_simple_commander/lib/nav2_simple_commander
[4.581s] Installing example_nav_to_pose script to /home/elson/proj4_ws/install/nav2_simple_commander/lib/nav2_simple_commander
[4.581s] Installing example_waypoint_follower script to /home/elson/proj4_ws/install/nav2_simple_commander/lib/nav2_simple_commander
[4.581s] 
[4.581s] Installed /home/elson/proj4_ws/build/nav2_simple_commander
[4.581s] running install_data
[4.609s] Invoked command in '/home/elson/proj4_ws/build/nav2_simple_commander' returned '0': PYTHONPATH=/home/elson/proj4_ws/build/nav2_simple_commander/prefix_override:/home/elson/proj4_ws/install/nav2_simple_commander/lib/python3.8/site-packages:${PYTHONPATH} /usr/bin/python3 setup.py develop --editable --build-directory /home/elson/proj4_ws/build/nav2_simple_commander/build --no-deps install_data
