[0.143s] Invoking command in '/home/elson/proj4_ws/build/turtlebot3_manipulation_cartographer': CMAKE_PREFIX_PATH=${CMAKE_PREFIX_PATH}:/home/elson/turtlebot3_ws/install/turtlebot3_commander:/home/elson/turtlebot3_ws/install/nav2_simple_commander:/home/elson/nav2_simple_commander_ws/install/turtlebot3_commander:/opt/ros/foxy /usr/bin/cmake /home/elson/proj4_ws/src/turtlebot3_manipulation/turtlebot3_manipulation_cartographer -DCMAKE_INSTALL_PREFIX=/home/elson/proj4_ws/install/turtlebot3_manipulation_cartographer
[0.673s] -- Found ament_cmake: 0.9.11 (/opt/ros/foxy/share/ament_cmake/cmake)
[0.753s] -- Using PYTHON_EXECUTABLE: /usr/bin/python3
[0.900s] -- Override CMake install command with custom implementation using symlinks instead of copying resources
[1.121s] -- Configuring done
[1.204s] -- Generating done
[1.205s] -- Build files have been written to: /home/elson/proj4_ws/build/turtlebot3_manipulation_cartographer
[1.209s] Invoked command in '/home/elson/proj4_ws/build/turtlebot3_manipulation_cartographer' returned '0': CMAKE_PREFIX_PATH=${CMAKE_PREFIX_PATH}:/home/elson/turtlebot3_ws/install/turtlebot3_commander:/home/elson/turtlebot3_ws/install/nav2_simple_commander:/home/elson/nav2_simple_commander_ws/install/turtlebot3_commander:/opt/ros/foxy /usr/bin/cmake /home/elson/proj4_ws/src/turtlebot3_manipulation/turtlebot3_manipulation_cartographer -DCMAKE_INSTALL_PREFIX=/home/elson/proj4_ws/install/turtlebot3_manipulation_cartographer
[1.215s] Invoking command in '/home/elson/proj4_ws/build/turtlebot3_manipulation_cartographer': CMAKE_PREFIX_PATH=${CMAKE_PREFIX_PATH}:/home/elson/turtlebot3_ws/install/turtlebot3_commander:/home/elson/turtlebot3_ws/install/nav2_simple_commander:/home/elson/nav2_simple_commander_ws/install/turtlebot3_commander:/opt/ros/foxy /usr/bin/cmake --build /home/elson/proj4_ws/build/turtlebot3_manipulation_cartographer -- -j16 -l16
[1.283s] Invoked command in '/home/elson/proj4_ws/build/turtlebot3_manipulation_cartographer' returned '0': CMAKE_PREFIX_PATH=${CMAKE_PREFIX_PATH}:/home/elson/turtlebot3_ws/install/turtlebot3_commander:/home/elson/turtlebot3_ws/install/nav2_simple_commander:/home/elson/nav2_simple_commander_ws/install/turtlebot3_commander:/opt/ros/foxy /usr/bin/cmake --build /home/elson/proj4_ws/build/turtlebot3_manipulation_cartographer -- -j16 -l16
[1.304s] Invoking command in '/home/elson/proj4_ws/build/turtlebot3_manipulation_cartographer': CMAKE_PREFIX_PATH=${CMAKE_PREFIX_PATH}:/home/elson/turtlebot3_ws/install/turtlebot3_commander:/home/elson/turtlebot3_ws/install/nav2_simple_commander:/home/elson/nav2_simple_commander_ws/install/turtlebot3_commander:/opt/ros/foxy /usr/bin/cmake --install /home/elson/proj4_ws/build/turtlebot3_manipulation_cartographer
[1.309s] -- Install configuration: ""
[1.309s] -- Execute custom install script
[1.309s] -- Up-to-date symlink: /home/elson/proj4_ws/install/turtlebot3_manipulation_cartographer/share/turtlebot3_manipulation_cartographer/config/turtlebot3_2d.lua
[1.310s] -- Up-to-date symlink: /home/elson/proj4_ws/install/turtlebot3_manipulation_cartographer/share/turtlebot3_manipulation_cartographer/launch/cartographer.launch.py
[1.310s] -- Up-to-date symlink: /home/elson/proj4_ws/install/turtlebot3_manipulation_cartographer/share/turtlebot3_manipulation_cartographer/launch/occupancy_grid.launch.py
[1.310s] -- Up-to-date symlink: /home/elson/proj4_ws/install/turtlebot3_manipulation_cartographer/share/turtlebot3_manipulation_cartographer/rviz/cartographer.rviz
[1.310s] -- Up-to-date symlink: /home/elson/proj4_ws/install/turtlebot3_manipulation_cartographer/share/turtlebot3_manipulation_cartographer/map/riot_map.pgm
[1.310s] -- Up-to-date symlink: /home/elson/proj4_ws/install/turtlebot3_manipulation_cartographer/share/turtlebot3_manipulation_cartographer/map/riot_map.yaml
[1.310s] -- Up-to-date symlink: /home/elson/proj4_ws/install/turtlebot3_manipulation_cartographer/share/ament_index/resource_index/package_run_dependencies/turtlebot3_manipulation_cartographer
[1.310s] -- Up-to-date symlink: /home/elson/proj4_ws/install/turtlebot3_manipulation_cartographer/share/ament_index/resource_index/parent_prefix_path/turtlebot3_manipulation_cartographer
[1.311s] -- Up-to-date symlink: /home/elson/proj4_ws/install/turtlebot3_manipulation_cartographer/share/turtlebot3_manipulation_cartographer/environment/ament_prefix_path.sh
[1.311s] -- Up-to-date symlink: /home/elson/proj4_ws/install/turtlebot3_manipulation_cartographer/share/turtlebot3_manipulation_cartographer/environment/ament_prefix_path.dsv
[1.311s] -- Up-to-date symlink: /home/elson/proj4_ws/install/turtlebot3_manipulation_cartographer/share/turtlebot3_manipulation_cartographer/environment/path.sh
[1.311s] -- Up-to-date symlink: /home/elson/proj4_ws/install/turtlebot3_manipulation_cartographer/share/turtlebot3_manipulation_cartographer/environment/path.dsv
[1.311s] -- Up-to-date symlink: /home/elson/proj4_ws/install/turtlebot3_manipulation_cartographer/share/turtlebot3_manipulation_cartographer/local_setup.bash
[1.311s] -- Up-to-date symlink: /home/elson/proj4_ws/install/turtlebot3_manipulation_cartographer/share/turtlebot3_manipulation_cartographer/local_setup.sh
[1.311s] -- Up-to-date symlink: /home/elson/proj4_ws/install/turtlebot3_manipulation_cartographer/share/turtlebot3_manipulation_cartographer/local_setup.zsh
[1.311s] -- Up-to-date symlink: /home/elson/proj4_ws/install/turtlebot3_manipulation_cartographer/share/turtlebot3_manipulation_cartographer/local_setup.dsv
[1.312s] -- Symlinking: /home/elson/proj4_ws/install/turtlebot3_manipulation_cartographer/share/turtlebot3_manipulation_cartographer/package.dsv
[1.317s] -- Up-to-date symlink: /home/elson/proj4_ws/install/turtlebot3_manipulation_cartographer/share/ament_index/resource_index/packages/turtlebot3_manipulation_cartographer
[1.317s] -- Up-to-date symlink: /home/elson/proj4_ws/install/turtlebot3_manipulation_cartographer/share/turtlebot3_manipulation_cartographer/cmake/turtlebot3_manipulation_cartographerConfig.cmake
[1.317s] -- Up-to-date symlink: /home/elson/proj4_ws/install/turtlebot3_manipulation_cartographer/share/turtlebot3_manipulation_cartographer/cmake/turtlebot3_manipulation_cartographerConfig-version.cmake
[1.317s] -- Up-to-date symlink: /home/elson/proj4_ws/install/turtlebot3_manipulation_cartographer/share/turtlebot3_manipulation_cartographer/package.xml
[1.319s] Invoked command in '/home/elson/proj4_ws/build/turtlebot3_manipulation_cartographer' returned '0': CMAKE_PREFIX_PATH=${CMAKE_PREFIX_PATH}:/home/elson/turtlebot3_ws/install/turtlebot3_commander:/home/elson/turtlebot3_ws/install/nav2_simple_commander:/home/elson/nav2_simple_commander_ws/install/turtlebot3_commander:/opt/ros/foxy /usr/bin/cmake --install /home/elson/proj4_ws/build/turtlebot3_manipulation_cartographer
