[0.033s] Invoking command in '/home/elson/proj4_ws/build/turtlebot3_manipulation_description': CMAKE_PREFIX_PATH=${CMAKE_PREFIX_PATH}:/home/elson/turtlebot3_ws/install/turtlebot3_commander:/home/elson/turtlebot3_ws/install/nav2_simple_commander:/home/elson/nav2_simple_commander_ws/install/turtlebot3_commander:/opt/ros/foxy /usr/bin/cmake /home/elson/proj4_ws/src/turtlebot3_manipulation/turtlebot3_manipulation_description -DCMAKE_INSTALL_PREFIX=/home/elson/proj4_ws/install/turtlebot3_manipulation_description
[0.043s] -- Found ament_cmake: 0.9.11 (/opt/ros/foxy/share/ament_cmake/cmake)
[0.060s] -- Using PYTHON_EXECUTABLE: /usr/bin/python3
[0.163s] -- Override CMake install command with custom implementation using symlinks instead of copying resources
[0.207s] -- Configuring done
[0.208s] -- Generating done
[0.209s] -- Build files have been written to: /home/elson/proj4_ws/build/turtlebot3_manipulation_description
[0.211s] Invoked command in '/home/elson/proj4_ws/build/turtlebot3_manipulation_description' returned '0': CMAKE_PREFIX_PATH=${CMAKE_PREFIX_PATH}:/home/elson/turtlebot3_ws/install/turtlebot3_commander:/home/elson/turtlebot3_ws/install/nav2_simple_commander:/home/elson/nav2_simple_commander_ws/install/turtlebot3_commander:/opt/ros/foxy /usr/bin/cmake /home/elson/proj4_ws/src/turtlebot3_manipulation/turtlebot3_manipulation_description -DCMAKE_INSTALL_PREFIX=/home/elson/proj4_ws/install/turtlebot3_manipulation_description
[0.213s] Invoking command in '/home/elson/proj4_ws/build/turtlebot3_manipulation_description': CMAKE_PREFIX_PATH=${CMAKE_PREFIX_PATH}:/home/elson/turtlebot3_ws/install/turtlebot3_commander:/home/elson/turtlebot3_ws/install/nav2_simple_commander:/home/elson/nav2_simple_commander_ws/install/turtlebot3_commander:/opt/ros/foxy /usr/bin/cmake --build /home/elson/proj4_ws/build/turtlebot3_manipulation_description -- -j16 -l16
[0.236s] Invoked command in '/home/elson/proj4_ws/build/turtlebot3_manipulation_description' returned '0': CMAKE_PREFIX_PATH=${CMAKE_PREFIX_PATH}:/home/elson/turtlebot3_ws/install/turtlebot3_commander:/home/elson/turtlebot3_ws/install/nav2_simple_commander:/home/elson/nav2_simple_commander_ws/install/turtlebot3_commander:/opt/ros/foxy /usr/bin/cmake --build /home/elson/proj4_ws/build/turtlebot3_manipulation_description -- -j16 -l16
[0.257s] Invoking command in '/home/elson/proj4_ws/build/turtlebot3_manipulation_description': CMAKE_PREFIX_PATH=${CMAKE_PREFIX_PATH}:/home/elson/turtlebot3_ws/install/turtlebot3_commander:/home/elson/turtlebot3_ws/install/nav2_simple_commander:/home/elson/nav2_simple_commander_ws/install/turtlebot3_commander:/opt/ros/foxy /usr/bin/cmake --install /home/elson/proj4_ws/build/turtlebot3_manipulation_description
[0.262s] -- Install configuration: ""
[0.262s] -- Execute custom install script
[0.262s] -- Up-to-date symlink: /home/elson/proj4_ws/install/turtlebot3_manipulation_description/share/turtlebot3_manipulation_description/launch/model.launch.py
[0.263s] -- Up-to-date symlink: /home/elson/proj4_ws/install/turtlebot3_manipulation_description/share/turtlebot3_manipulation_description/rviz/model.rviz
[0.263s] -- Up-to-date symlink: /home/elson/proj4_ws/install/turtlebot3_manipulation_description/share/turtlebot3_manipulation_description/urdf/open_manipulator_x.urdf.xacro
[0.263s] -- Up-to-date symlink: /home/elson/proj4_ws/install/turtlebot3_manipulation_description/share/turtlebot3_manipulation_description/urdf/turtlebot3_manipulation.urdf.xacro
[0.263s] -- Up-to-date symlink: /home/elson/proj4_ws/install/turtlebot3_manipulation_description/share/turtlebot3_manipulation_description/urdf/turtlebot3_waffle_pi.urdf.xacro
[0.263s] -- Up-to-date symlink: /home/elson/proj4_ws/install/turtlebot3_manipulation_description/share/turtlebot3_manipulation_description/gazebo/materials.xacro
[0.263s] -- Up-to-date symlink: /home/elson/proj4_ws/install/turtlebot3_manipulation_description/share/turtlebot3_manipulation_description/gazebo/open_manipulator_x.gazebo.xacro
[0.263s] -- Up-to-date symlink: /home/elson/proj4_ws/install/turtlebot3_manipulation_description/share/turtlebot3_manipulation_description/gazebo/turtlebot3_waffle_pi.gazebo.xacro
[0.264s] -- Up-to-date symlink: /home/elson/proj4_ws/install/turtlebot3_manipulation_description/share/turtlebot3_manipulation_description/meshes/open_manipulator_x/gripper_left_palm.stl
[0.264s] -- Up-to-date symlink: /home/elson/proj4_ws/install/turtlebot3_manipulation_description/share/turtlebot3_manipulation_description/meshes/open_manipulator_x/gripper_right_palm.stl
[0.264s] -- Up-to-date symlink: /home/elson/proj4_ws/install/turtlebot3_manipulation_description/share/turtlebot3_manipulation_description/meshes/open_manipulator_x/link1.stl
[0.264s] -- Up-to-date symlink: /home/elson/proj4_ws/install/turtlebot3_manipulation_description/share/turtlebot3_manipulation_description/meshes/open_manipulator_x/link2.stl
[0.264s] -- Up-to-date symlink: /home/elson/proj4_ws/install/turtlebot3_manipulation_description/share/turtlebot3_manipulation_description/meshes/open_manipulator_x/link3.stl
[0.264s] -- Up-to-date symlink: /home/elson/proj4_ws/install/turtlebot3_manipulation_description/share/turtlebot3_manipulation_description/meshes/open_manipulator_x/link4.stl
[0.264s] -- Up-to-date symlink: /home/elson/proj4_ws/install/turtlebot3_manipulation_description/share/turtlebot3_manipulation_description/meshes/open_manipulator_x/link5.stl
[0.264s] -- Up-to-date symlink: /home/elson/proj4_ws/install/turtlebot3_manipulation_description/share/turtlebot3_manipulation_description/meshes/turtlebot3_waffle_pi/base.stl
[0.264s] -- Up-to-date symlink: /home/elson/proj4_ws/install/turtlebot3_manipulation_description/share/turtlebot3_manipulation_description/meshes/turtlebot3_waffle_pi/ladar.stl
[0.264s] -- Up-to-date symlink: /home/elson/proj4_ws/install/turtlebot3_manipulation_description/share/turtlebot3_manipulation_description/meshes/turtlebot3_waffle_pi/left_tire.stl
[0.265s] -- Up-to-date symlink: /home/elson/proj4_ws/install/turtlebot3_manipulation_description/share/turtlebot3_manipulation_description/meshes/turtlebot3_waffle_pi/right_tire.stl
[0.265s] -- Up-to-date symlink: /home/elson/proj4_ws/install/turtlebot3_manipulation_description/share/turtlebot3_manipulation_description/ros2_control/turtlebot3_manipulation_system.ros2_control.xacro
[0.265s] -- Up-to-date symlink: /home/elson/proj4_ws/install/turtlebot3_manipulation_description/share/turtlebot3_manipulation_description/environment/turtlebot3_manipulation_description.dsv
[0.265s] -- Up-to-date symlink: /home/elson/proj4_ws/install/turtlebot3_manipulation_description/share/ament_index/resource_index/package_run_dependencies/turtlebot3_manipulation_description
[0.265s] -- Up-to-date symlink: /home/elson/proj4_ws/install/turtlebot3_manipulation_description/share/ament_index/resource_index/parent_prefix_path/turtlebot3_manipulation_description
[0.265s] -- Up-to-date symlink: /home/elson/proj4_ws/install/turtlebot3_manipulation_description/share/turtlebot3_manipulation_description/environment/ament_prefix_path.sh
[0.266s] -- Up-to-date symlink: /home/elson/proj4_ws/install/turtlebot3_manipulation_description/share/turtlebot3_manipulation_description/environment/ament_prefix_path.dsv
[0.266s] -- Up-to-date symlink: /home/elson/proj4_ws/install/turtlebot3_manipulation_description/share/turtlebot3_manipulation_description/environment/path.sh
[0.266s] -- Up-to-date symlink: /home/elson/proj4_ws/install/turtlebot3_manipulation_description/share/turtlebot3_manipulation_description/environment/path.dsv
[0.266s] -- Up-to-date symlink: /home/elson/proj4_ws/install/turtlebot3_manipulation_description/share/turtlebot3_manipulation_description/local_setup.bash
[0.266s] -- Up-to-date symlink: /home/elson/proj4_ws/install/turtlebot3_manipulation_description/share/turtlebot3_manipulation_description/local_setup.sh
[0.266s] -- Up-to-date symlink: /home/elson/proj4_ws/install/turtlebot3_manipulation_description/share/turtlebot3_manipulation_description/local_setup.zsh
[0.266s] -- Up-to-date symlink: /home/elson/proj4_ws/install/turtlebot3_manipulation_description/share/turtlebot3_manipulation_description/local_setup.dsv
[0.267s] -- Symlinking: /home/elson/proj4_ws/install/turtlebot3_manipulation_description/share/turtlebot3_manipulation_description/package.dsv
[0.272s] -- Up-to-date symlink: /home/elson/proj4_ws/install/turtlebot3_manipulation_description/share/ament_index/resource_index/packages/turtlebot3_manipulation_description
[0.273s] -- Up-to-date symlink: /home/elson/proj4_ws/install/turtlebot3_manipulation_description/share/turtlebot3_manipulation_description/cmake/turtlebot3_manipulation_descriptionConfig.cmake
[0.273s] -- Up-to-date symlink: /home/elson/proj4_ws/install/turtlebot3_manipulation_description/share/turtlebot3_manipulation_description/cmake/turtlebot3_manipulation_descriptionConfig-version.cmake
[0.273s] -- Up-to-date symlink: /home/elson/proj4_ws/install/turtlebot3_manipulation_description/share/turtlebot3_manipulation_description/package.xml
[0.289s] Invoked command in '/home/elson/proj4_ws/build/turtlebot3_manipulation_description' returned '0': CMAKE_PREFIX_PATH=${CMAKE_PREFIX_PATH}:/home/elson/turtlebot3_ws/install/turtlebot3_commander:/home/elson/turtlebot3_ws/install/nav2_simple_commander:/home/elson/nav2_simple_commander_ws/install/turtlebot3_commander:/opt/ros/foxy /usr/bin/cmake --install /home/elson/proj4_ws/build/turtlebot3_manipulation_description
