-- Install configuration: ""
-- Execute custom install script
-- Up-to-date symlink: /home/elson/proj4_ws/install/turtlebot3_manipulation_moveit_config/share/ament_index/resource_index/package_run_dependencies/turtlebot3_manipulation_moveit_config
-- Up-to-date symlink: /home/elson/proj4_ws/install/turtlebot3_manipulation_moveit_config/share/ament_index/resource_index/parent_prefix_path/turtlebot3_manipulation_moveit_config
-- Up-to-date symlink: /home/elson/proj4_ws/install/turtlebot3_manipulation_moveit_config/share/turtlebot3_manipulation_moveit_config/environment/ament_prefix_path.sh
-- Up-to-date symlink: /home/elson/proj4_ws/install/turtlebot3_manipulation_moveit_config/share/turtlebot3_manipulation_moveit_config/environment/ament_prefix_path.dsv
-- Up-to-date symlink: /home/elson/proj4_ws/install/turtlebot3_manipulation_moveit_config/share/turtlebot3_manipulation_moveit_config/environment/path.sh
-- Up-to-date symlink: /home/elson/proj4_ws/install/turtlebot3_manipulation_moveit_config/share/turtlebot3_manipulation_moveit_config/environment/path.dsv
-- Up-to-date symlink: /home/elson/proj4_ws/install/turtlebot3_manipulation_moveit_config/share/turtlebot3_manipulation_moveit_config/local_setup.bash
-- Up-to-date symlink: /home/elson/proj4_ws/install/turtlebot3_manipulation_moveit_config/share/turtlebot3_manipulation_moveit_config/local_setup.sh
-- Up-to-date symlink: /home/elson/proj4_ws/install/turtlebot3_manipulation_moveit_config/share/turtlebot3_manipulation_moveit_config/local_setup.zsh
-- Up-to-date symlink: /home/elson/proj4_ws/install/turtlebot3_manipulation_moveit_config/share/turtlebot3_manipulation_moveit_config/local_setup.dsv
-- Symlinking: /home/elson/proj4_ws/install/turtlebot3_manipulation_moveit_config/share/turtlebot3_manipulation_moveit_config/package.dsv
-- Up-to-date symlink: /home/elson/proj4_ws/install/turtlebot3_manipulation_moveit_config/share/ament_index/resource_index/packages/turtlebot3_manipulation_moveit_config
-- Up-to-date symlink: /home/elson/proj4_ws/install/turtlebot3_manipulation_moveit_config/share/turtlebot3_manipulation_moveit_config/cmake/turtlebot3_manipulation_moveit_configConfig.cmake
-- Up-to-date symlink: /home/elson/proj4_ws/install/turtlebot3_manipulation_moveit_config/share/turtlebot3_manipulation_moveit_config/cmake/turtlebot3_manipulation_moveit_configConfig-version.cmake
-- Up-to-date symlink: /home/elson/proj4_ws/install/turtlebot3_manipulation_moveit_config/share/turtlebot3_manipulation_moveit_config/package.xml
-- Symlinking: /home/elson/proj4_ws/install/turtlebot3_manipulation_moveit_config/share/turtlebot3_manipulation_moveit_config/launch/demo.launch.py
-- Up-to-date symlink: /home/elson/proj4_ws/install/turtlebot3_manipulation_moveit_config/share/turtlebot3_manipulation_moveit_config/launch/move_group.launch.py
-- Up-to-date symlink: /home/elson/proj4_ws/install/turtlebot3_manipulation_moveit_config/share/turtlebot3_manipulation_moveit_config/launch/moveit_rviz.launch.py
-- Up-to-date symlink: /home/elson/proj4_ws/install/turtlebot3_manipulation_moveit_config/share/turtlebot3_manipulation_moveit_config/launch/rsp.launch.py
-- Symlinking: /home/elson/proj4_ws/install/turtlebot3_manipulation_moveit_config/share/turtlebot3_manipulation_moveit_config/launch/setup_assistant.launch.py
-- Up-to-date symlink: /home/elson/proj4_ws/install/turtlebot3_manipulation_moveit_config/share/turtlebot3_manipulation_moveit_config/launch/spawn_controllers.launch.py
-- Up-to-date symlink: /home/elson/proj4_ws/install/turtlebot3_manipulation_moveit_config/share/turtlebot3_manipulation_moveit_config/launch/static_virtual_joint_tfs.launch.py
-- Up-to-date symlink: /home/elson/proj4_ws/install/turtlebot3_manipulation_moveit_config/share/turtlebot3_manipulation_moveit_config/launch/warehouse_db.launch.py
-- Up-to-date symlink: /home/elson/proj4_ws/install/turtlebot3_manipulation_moveit_config/share/turtlebot3_manipulation_moveit_config/config/initial_positions.yaml
-- Up-to-date symlink: /home/elson/proj4_ws/install/turtlebot3_manipulation_moveit_config/share/turtlebot3_manipulation_moveit_config/config/joint_limits.yaml
-- Up-to-date symlink: /home/elson/proj4_ws/install/turtlebot3_manipulation_moveit_config/share/turtlebot3_manipulation_moveit_config/config/kinematics.yaml
-- Up-to-date symlink: /home/elson/proj4_ws/install/turtlebot3_manipulation_moveit_config/share/turtlebot3_manipulation_moveit_config/config/moveit.rviz
-- Up-to-date symlink: /home/elson/proj4_ws/install/turtlebot3_manipulation_moveit_config/share/turtlebot3_manipulation_moveit_config/config/moveit_controllers.yaml
-- Symlinking: /home/elson/proj4_ws/install/turtlebot3_manipulation_moveit_config/share/turtlebot3_manipulation_moveit_config/config/pilz_cartesian_limits.yaml
-- Symlinking: /home/elson/proj4_ws/install/turtlebot3_manipulation_moveit_config/share/turtlebot3_manipulation_moveit_config/config/ros2_controllers.yaml
-- Symlinking: /home/elson/proj4_ws/install/turtlebot3_manipulation_moveit_config/share/turtlebot3_manipulation_moveit_config/config/turtlebot3_manipulation.ros2_control.xacro
-- Up-to-date symlink: /home/elson/proj4_ws/install/turtlebot3_manipulation_moveit_config/share/turtlebot3_manipulation_moveit_config/config/turtlebot3_manipulation.srdf
-- Symlinking: /home/elson/proj4_ws/install/turtlebot3_manipulation_moveit_config/share/turtlebot3_manipulation_moveit_config/config/turtlebot3_manipulation.urdf.xacro
-- Up-to-date symlink: /home/elson/proj4_ws/install/turtlebot3_manipulation_moveit_config/share/turtlebot3_manipulation_moveit_config/.setup_assistant
-- Up-to-date symlink: /home/elson/proj4_ws/install/turtlebot3_manipulation_moveit_config/share/turtlebot3_manipulation_moveit_config/config/initial_positions.yaml
-- Up-to-date symlink: /home/elson/proj4_ws/install/turtlebot3_manipulation_moveit_config/share/turtlebot3_manipulation_moveit_config/config/joint_limits.yaml
-- Up-to-date symlink: /home/elson/proj4_ws/install/turtlebot3_manipulation_moveit_config/share/turtlebot3_manipulation_moveit_config/config/kinematics.yaml
-- Up-to-date symlink: /home/elson/proj4_ws/install/turtlebot3_manipulation_moveit_config/share/turtlebot3_manipulation_moveit_config/config/moveit.rviz
-- Up-to-date symlink: /home/elson/proj4_ws/install/turtlebot3_manipulation_moveit_config/share/turtlebot3_manipulation_moveit_config/config/moveit_controllers.yaml
-- Up-to-date symlink: /home/elson/proj4_ws/install/turtlebot3_manipulation_moveit_config/share/turtlebot3_manipulation_moveit_config/config/pilz_cartesian_limits.yaml
-- Up-to-date symlink: /home/elson/proj4_ws/install/turtlebot3_manipulation_moveit_config/share/turtlebot3_manipulation_moveit_config/config/ros2_controllers.yaml
-- Up-to-date symlink: /home/elson/proj4_ws/install/turtlebot3_manipulation_moveit_config/share/turtlebot3_manipulation_moveit_config/config/turtlebot3_manipulation.ros2_control.xacro
-- Up-to-date symlink: /home/elson/proj4_ws/install/turtlebot3_manipulation_moveit_config/share/turtlebot3_manipulation_moveit_config/config/turtlebot3_manipulation.srdf
-- Up-to-date symlink: /home/elson/proj4_ws/install/turtlebot3_manipulation_moveit_config/share/turtlebot3_manipulation_moveit_config/config/turtlebot3_manipulation.urdf.xacro
-- Up-to-date symlink: /home/elson/proj4_ws/install/turtlebot3_manipulation_moveit_config/share/turtlebot3_manipulation_moveit_config/launch/demo.launch.py
-- Up-to-date symlink: /home/elson/proj4_ws/install/turtlebot3_manipulation_moveit_config/share/turtlebot3_manipulation_moveit_config/launch/move_group.launch.py
-- Up-to-date symlink: /home/elson/proj4_ws/install/turtlebot3_manipulation_moveit_config/share/turtlebot3_manipulation_moveit_config/launch/moveit_rviz.launch.py
-- Up-to-date symlink: /home/elson/proj4_ws/install/turtlebot3_manipulation_moveit_config/share/turtlebot3_manipulation_moveit_config/launch/rsp.launch.py
-- Up-to-date symlink: /home/elson/proj4_ws/install/turtlebot3_manipulation_moveit_config/share/turtlebot3_manipulation_moveit_config/launch/setup_assistant.launch.py
-- Up-to-date symlink: /home/elson/proj4_ws/install/turtlebot3_manipulation_moveit_config/share/turtlebot3_manipulation_moveit_config/launch/spawn_controllers.launch.py
-- Up-to-date symlink: /home/elson/proj4_ws/install/turtlebot3_manipulation_moveit_config/share/turtlebot3_manipulation_moveit_config/launch/static_virtual_joint_tfs.launch.py
-- Up-to-date symlink: /home/elson/proj4_ws/install/turtlebot3_manipulation_moveit_config/share/turtlebot3_manipulation_moveit_config/launch/warehouse_db.launch.py
-- Up-to-date symlink: /home/elson/proj4_ws/install/turtlebot3_manipulation_moveit_config/share/turtlebot3_manipulation_moveit_config/moveit_test/.setup_assistant
-- Up-to-date symlink: /home/elson/proj4_ws/install/turtlebot3_manipulation_moveit_config/share/turtlebot3_manipulation_moveit_config/moveit_test/CMakeLists.txt
-- Up-to-date symlink: /home/elson/proj4_ws/install/turtlebot3_manipulation_moveit_config/share/turtlebot3_manipulation_moveit_config/moveit_test/config/initial_positions.yaml
-- Up-to-date symlink: /home/elson/proj4_ws/install/turtlebot3_manipulation_moveit_config/share/turtlebot3_manipulation_moveit_config/moveit_test/config/joint_limits.yaml
-- Up-to-date symlink: /home/elson/proj4_ws/install/turtlebot3_manipulation_moveit_config/share/turtlebot3_manipulation_moveit_config/moveit_test/config/kinematics.yaml
-- Up-to-date symlink: /home/elson/proj4_ws/install/turtlebot3_manipulation_moveit_config/share/turtlebot3_manipulation_moveit_config/moveit_test/config/moveit.rviz
-- Up-to-date symlink: /home/elson/proj4_ws/install/turtlebot3_manipulation_moveit_config/share/turtlebot3_manipulation_moveit_config/moveit_test/config/moveit_controllers.yaml
-- Symlinking: /home/elson/proj4_ws/install/turtlebot3_manipulation_moveit_config/share/turtlebot3_manipulation_moveit_config/moveit_test/config/moveit_servo.yaml
-- Symlinking: /home/elson/proj4_ws/install/turtlebot3_manipulation_moveit_config/share/turtlebot3_manipulation_moveit_config/moveit_test/config/moveit_teleop.rviz
-- Symlinking: /home/elson/proj4_ws/install/turtlebot3_manipulation_moveit_config/share/turtlebot3_manipulation_moveit_config/moveit_test/config/ompl_planning.yaml
-- Up-to-date symlink: /home/elson/proj4_ws/install/turtlebot3_manipulation_moveit_config/share/turtlebot3_manipulation_moveit_config/moveit_test/config/turtlebot3_manipulation.srdf
-- Up-to-date symlink: /home/elson/proj4_ws/install/turtlebot3_manipulation_moveit_config/share/turtlebot3_manipulation_moveit_config/moveit_test/launch/move_group.launch.py
-- Symlinking: /home/elson/proj4_ws/install/turtlebot3_manipulation_moveit_config/share/turtlebot3_manipulation_moveit_config/moveit_test/launch/moveit_core.launch.py
-- Symlinking: /home/elson/proj4_ws/install/turtlebot3_manipulation_moveit_config/share/turtlebot3_manipulation_moveit_config/moveit_test/launch/moveit_fake.launch.py
-- Symlinking: /home/elson/proj4_ws/install/turtlebot3_manipulation_moveit_config/share/turtlebot3_manipulation_moveit_config/moveit_test/launch/moveit_gazebo.launch.py
-- Up-to-date symlink: /home/elson/proj4_ws/install/turtlebot3_manipulation_moveit_config/share/turtlebot3_manipulation_moveit_config/moveit_test/launch/moveit_rviz.launch.py
-- Up-to-date symlink: /home/elson/proj4_ws/install/turtlebot3_manipulation_moveit_config/share/turtlebot3_manipulation_moveit_config/moveit_test/launch/rsp.launch.py
-- Symlinking: /home/elson/proj4_ws/install/turtlebot3_manipulation_moveit_config/share/turtlebot3_manipulation_moveit_config/moveit_test/launch/servo.launch.py
-- Up-to-date symlink: /home/elson/proj4_ws/install/turtlebot3_manipulation_moveit_config/share/turtlebot3_manipulation_moveit_config/moveit_test/launch/spawn_controllers.launch.py
-- Up-to-date symlink: /home/elson/proj4_ws/install/turtlebot3_manipulation_moveit_config/share/turtlebot3_manipulation_moveit_config/moveit_test/launch/static_virtual_joint_tfs.launch.py
-- Up-to-date symlink: /home/elson/proj4_ws/install/turtlebot3_manipulation_moveit_config/share/turtlebot3_manipulation_moveit_config/moveit_test/launch/warehouse_db.launch.py
-- Up-to-date symlink: /home/elson/proj4_ws/install/turtlebot3_manipulation_moveit_config/share/turtlebot3_manipulation_moveit_config/moveit_test/package.xml
