[0.142s] Invoking command in '/home/elson/proj4_ws/build/turtlebot3_manipulation_moveit_config': CMAKE_PREFIX_PATH=/home/elson/proj4_ws/install/turtlebot3_manipulation_description:/home/elson/proj4_ws/install/turtlebot3_manipulation:/home/elson/proj4_ws/install/turtlebot3_manipulation_teleop:/home/elson/proj4_ws/install/turtlebot3_manipulation_navigation2:/home/elson/proj4_ws/install/turtlebot3_manipulation_moveit_config:/home/elson/proj4_ws/install/turtlebot3_manipulation_hardware:/home/elson/proj4_ws/install/turtlebot3_manipulation_bringup:/home/elson/proj4_ws/install/turtlebot3_manipulation_cartographer:/home/elson/ws_moveit2/install/moveit2_tutorials:/home/elson/ws_moveit2/install/moveit_visual_tools:/home/elson/ws_moveit2/install/rviz_visual_tools:/home/elson/ws_moveit2/install/hello_moveit:/home/elson/dev_ws/install/turtlebot3_manipulation_moveit_config:/home/elson/dev_ws/install/my_bot_moveit_config:/home/elson/dev_ws/install/my_bot_description:/home/elson/dev_ws/install/my_bot_bringup:/home/elson/dev_ws/install/my_bot:/home/elson/dev_ws/install/astra_camera_msgs:/home/elson/turtlebot3_ws/install/turtlebot3_simulations:/home/elson/turtlebot3_ws/install/turtlebot3_gazebo:/home/elson/turtlebot3_ws/install/turtlebot3_fake_node:/home/elson/turtlebot3_ws/install/gazebo_ros2_control_demos:/home/elson/turtlebot3_ws/install/gazebo_ros2_control:/home/elson/riot_ws/install/riot_description:/home/elson/riot_ws/install/riot_bringup:/home/elson/turtlebot3_ws/install/turtlebot3_commander:/home/elson/turtlebot3_ws/install/nav2_simple_commander:/home/elson/nav2_simple_commander_ws/install/turtlebot3_commander:/opt/ros/foxy /usr/bin/cmake /home/elson/proj4_ws/src/turtlebot3_manipulation/turtlebot3_manipulation_moveit_config -DAMENT_CMAKE_SYMLINK_INSTALL=1 -DCMAKE_INSTALL_PREFIX=/home/elson/proj4_ws/install/turtlebot3_manipulation_moveit_config
[0.506s] -- Found ament_cmake: 0.9.11 (/opt/ros/foxy/share/ament_cmake/cmake)
[0.522s] -- Using PYTHON_EXECUTABLE: /usr/bin/python3
[0.661s] -- Override CMake install command with custom implementation using symlinks instead of copying resources
[0.827s] -- Configuring done
[0.918s] -- Generating done
[0.920s] -- Build files have been written to: /home/elson/proj4_ws/build/turtlebot3_manipulation_moveit_config
[0.926s] Invoked command in '/home/elson/proj4_ws/build/turtlebot3_manipulation_moveit_config' returned '0': CMAKE_PREFIX_PATH=/home/elson/proj4_ws/install/turtlebot3_manipulation_description:/home/elson/proj4_ws/install/turtlebot3_manipulation:/home/elson/proj4_ws/install/turtlebot3_manipulation_teleop:/home/elson/proj4_ws/install/turtlebot3_manipulation_navigation2:/home/elson/proj4_ws/install/turtlebot3_manipulation_moveit_config:/home/elson/proj4_ws/install/turtlebot3_manipulation_hardware:/home/elson/proj4_ws/install/turtlebot3_manipulation_bringup:/home/elson/proj4_ws/install/turtlebot3_manipulation_cartographer:/home/elson/ws_moveit2/install/moveit2_tutorials:/home/elson/ws_moveit2/install/moveit_visual_tools:/home/elson/ws_moveit2/install/rviz_visual_tools:/home/elson/ws_moveit2/install/hello_moveit:/home/elson/dev_ws/install/turtlebot3_manipulation_moveit_config:/home/elson/dev_ws/install/my_bot_moveit_config:/home/elson/dev_ws/install/my_bot_description:/home/elson/dev_ws/install/my_bot_bringup:/home/elson/dev_ws/install/my_bot:/home/elson/dev_ws/install/astra_camera_msgs:/home/elson/turtlebot3_ws/install/turtlebot3_simulations:/home/elson/turtlebot3_ws/install/turtlebot3_gazebo:/home/elson/turtlebot3_ws/install/turtlebot3_fake_node:/home/elson/turtlebot3_ws/install/gazebo_ros2_control_demos:/home/elson/turtlebot3_ws/install/gazebo_ros2_control:/home/elson/riot_ws/install/riot_description:/home/elson/riot_ws/install/riot_bringup:/home/elson/turtlebot3_ws/install/turtlebot3_commander:/home/elson/turtlebot3_ws/install/nav2_simple_commander:/home/elson/nav2_simple_commander_ws/install/turtlebot3_commander:/opt/ros/foxy /usr/bin/cmake /home/elson/proj4_ws/src/turtlebot3_manipulation/turtlebot3_manipulation_moveit_config -DAMENT_CMAKE_SYMLINK_INSTALL=1 -DCMAKE_INSTALL_PREFIX=/home/elson/proj4_ws/install/turtlebot3_manipulation_moveit_config
[0.929s] Invoking command in '/home/elson/proj4_ws/build/turtlebot3_manipulation_moveit_config': CMAKE_PREFIX_PATH=/home/elson/proj4_ws/install/turtlebot3_manipulation_description:/home/elson/proj4_ws/install/turtlebot3_manipulation:/home/elson/proj4_ws/install/turtlebot3_manipulation_teleop:/home/elson/proj4_ws/install/turtlebot3_manipulation_navigation2:/home/elson/proj4_ws/install/turtlebot3_manipulation_moveit_config:/home/elson/proj4_ws/install/turtlebot3_manipulation_hardware:/home/elson/proj4_ws/install/turtlebot3_manipulation_bringup:/home/elson/proj4_ws/install/turtlebot3_manipulation_cartographer:/home/elson/ws_moveit2/install/moveit2_tutorials:/home/elson/ws_moveit2/install/moveit_visual_tools:/home/elson/ws_moveit2/install/rviz_visual_tools:/home/elson/ws_moveit2/install/hello_moveit:/home/elson/dev_ws/install/turtlebot3_manipulation_moveit_config:/home/elson/dev_ws/install/my_bot_moveit_config:/home/elson/dev_ws/install/my_bot_description:/home/elson/dev_ws/install/my_bot_bringup:/home/elson/dev_ws/install/my_bot:/home/elson/dev_ws/install/astra_camera_msgs:/home/elson/turtlebot3_ws/install/turtlebot3_simulations:/home/elson/turtlebot3_ws/install/turtlebot3_gazebo:/home/elson/turtlebot3_ws/install/turtlebot3_fake_node:/home/elson/turtlebot3_ws/install/gazebo_ros2_control_demos:/home/elson/turtlebot3_ws/install/gazebo_ros2_control:/home/elson/riot_ws/install/riot_description:/home/elson/riot_ws/install/riot_bringup:/home/elson/turtlebot3_ws/install/turtlebot3_commander:/home/elson/turtlebot3_ws/install/nav2_simple_commander:/home/elson/nav2_simple_commander_ws/install/turtlebot3_commander:/opt/ros/foxy /usr/bin/cmake --build /home/elson/proj4_ws/build/turtlebot3_manipulation_moveit_config -- -j16 -l16
[0.981s] Invoked command in '/home/elson/proj4_ws/build/turtlebot3_manipulation_moveit_config' returned '0': CMAKE_PREFIX_PATH=/home/elson/proj4_ws/install/turtlebot3_manipulation_description:/home/elson/proj4_ws/install/turtlebot3_manipulation:/home/elson/proj4_ws/install/turtlebot3_manipulation_teleop:/home/elson/proj4_ws/install/turtlebot3_manipulation_navigation2:/home/elson/proj4_ws/install/turtlebot3_manipulation_moveit_config:/home/elson/proj4_ws/install/turtlebot3_manipulation_hardware:/home/elson/proj4_ws/install/turtlebot3_manipulation_bringup:/home/elson/proj4_ws/install/turtlebot3_manipulation_cartographer:/home/elson/ws_moveit2/install/moveit2_tutorials:/home/elson/ws_moveit2/install/moveit_visual_tools:/home/elson/ws_moveit2/install/rviz_visual_tools:/home/elson/ws_moveit2/install/hello_moveit:/home/elson/dev_ws/install/turtlebot3_manipulation_moveit_config:/home/elson/dev_ws/install/my_bot_moveit_config:/home/elson/dev_ws/install/my_bot_description:/home/elson/dev_ws/install/my_bot_bringup:/home/elson/dev_ws/install/my_bot:/home/elson/dev_ws/install/astra_camera_msgs:/home/elson/turtlebot3_ws/install/turtlebot3_simulations:/home/elson/turtlebot3_ws/install/turtlebot3_gazebo:/home/elson/turtlebot3_ws/install/turtlebot3_fake_node:/home/elson/turtlebot3_ws/install/gazebo_ros2_control_demos:/home/elson/turtlebot3_ws/install/gazebo_ros2_control:/home/elson/riot_ws/install/riot_description:/home/elson/riot_ws/install/riot_bringup:/home/elson/turtlebot3_ws/install/turtlebot3_commander:/home/elson/turtlebot3_ws/install/nav2_simple_commander:/home/elson/nav2_simple_commander_ws/install/turtlebot3_commander:/opt/ros/foxy /usr/bin/cmake --build /home/elson/proj4_ws/build/turtlebot3_manipulation_moveit_config -- -j16 -l16
[0.995s] Invoking command in '/home/elson/proj4_ws/build/turtlebot3_manipulation_moveit_config': CMAKE_PREFIX_PATH=/home/elson/proj4_ws/install/turtlebot3_manipulation_description:/home/elson/proj4_ws/install/turtlebot3_manipulation:/home/elson/proj4_ws/install/turtlebot3_manipulation_teleop:/home/elson/proj4_ws/install/turtlebot3_manipulation_navigation2:/home/elson/proj4_ws/install/turtlebot3_manipulation_moveit_config:/home/elson/proj4_ws/install/turtlebot3_manipulation_hardware:/home/elson/proj4_ws/install/turtlebot3_manipulation_bringup:/home/elson/proj4_ws/install/turtlebot3_manipulation_cartographer:/home/elson/ws_moveit2/install/moveit2_tutorials:/home/elson/ws_moveit2/install/moveit_visual_tools:/home/elson/ws_moveit2/install/rviz_visual_tools:/home/elson/ws_moveit2/install/hello_moveit:/home/elson/dev_ws/install/turtlebot3_manipulation_moveit_config:/home/elson/dev_ws/install/my_bot_moveit_config:/home/elson/dev_ws/install/my_bot_description:/home/elson/dev_ws/install/my_bot_bringup:/home/elson/dev_ws/install/my_bot:/home/elson/dev_ws/install/astra_camera_msgs:/home/elson/turtlebot3_ws/install/turtlebot3_simulations:/home/elson/turtlebot3_ws/install/turtlebot3_gazebo:/home/elson/turtlebot3_ws/install/turtlebot3_fake_node:/home/elson/turtlebot3_ws/install/gazebo_ros2_control_demos:/home/elson/turtlebot3_ws/install/gazebo_ros2_control:/home/elson/riot_ws/install/riot_description:/home/elson/riot_ws/install/riot_bringup:/home/elson/turtlebot3_ws/install/turtlebot3_commander:/home/elson/turtlebot3_ws/install/nav2_simple_commander:/home/elson/nav2_simple_commander_ws/install/turtlebot3_commander:/opt/ros/foxy /usr/bin/cmake --install /home/elson/proj4_ws/build/turtlebot3_manipulation_moveit_config
[0.999s] -- Install configuration: ""
[1.000s] -- Execute custom install script
[1.000s] -- Up-to-date symlink: /home/elson/proj4_ws/install/turtlebot3_manipulation_moveit_config/share/ament_index/resource_index/package_run_dependencies/turtlebot3_manipulation_moveit_config
[1.024s] -- Up-to-date symlink: /home/elson/proj4_ws/install/turtlebot3_manipulation_moveit_config/share/ament_index/resource_index/parent_prefix_path/turtlebot3_manipulation_moveit_config
[1.025s] -- Up-to-date symlink: /home/elson/proj4_ws/install/turtlebot3_manipulation_moveit_config/share/turtlebot3_manipulation_moveit_config/environment/ament_prefix_path.sh
[1.026s] -- Up-to-date symlink: /home/elson/proj4_ws/install/turtlebot3_manipulation_moveit_config/share/turtlebot3_manipulation_moveit_config/environment/ament_prefix_path.dsv
[1.038s] -- Up-to-date symlink: /home/elson/proj4_ws/install/turtlebot3_manipulation_moveit_config/share/turtlebot3_manipulation_moveit_config/environment/path.sh
[1.038s] -- Up-to-date symlink: /home/elson/proj4_ws/install/turtlebot3_manipulation_moveit_config/share/turtlebot3_manipulation_moveit_config/environment/path.dsv
[1.047s] -- Up-to-date symlink: /home/elson/proj4_ws/install/turtlebot3_manipulation_moveit_config/share/turtlebot3_manipulation_moveit_config/local_setup.bash
[1.048s] -- Up-to-date symlink: /home/elson/proj4_ws/install/turtlebot3_manipulation_moveit_config/share/turtlebot3_manipulation_moveit_config/local_setup.sh
[1.049s] -- Up-to-date symlink: /home/elson/proj4_ws/install/turtlebot3_manipulation_moveit_config/share/turtlebot3_manipulation_moveit_config/local_setup.zsh
[1.050s] -- Up-to-date symlink: /home/elson/proj4_ws/install/turtlebot3_manipulation_moveit_config/share/turtlebot3_manipulation_moveit_config/local_setup.dsv
[1.050s] -- Symlinking: /home/elson/proj4_ws/install/turtlebot3_manipulation_moveit_config/share/turtlebot3_manipulation_moveit_config/package.dsv
[1.059s] -- Up-to-date symlink: /home/elson/proj4_ws/install/turtlebot3_manipulation_moveit_config/share/ament_index/resource_index/packages/turtlebot3_manipulation_moveit_config
[1.068s] -- Up-to-date symlink: /home/elson/proj4_ws/install/turtlebot3_manipulation_moveit_config/share/turtlebot3_manipulation_moveit_config/cmake/turtlebot3_manipulation_moveit_configConfig.cmake
[1.068s] -- Up-to-date symlink: /home/elson/proj4_ws/install/turtlebot3_manipulation_moveit_config/share/turtlebot3_manipulation_moveit_config/cmake/turtlebot3_manipulation_moveit_configConfig-version.cmake
[1.077s] -- Up-to-date symlink: /home/elson/proj4_ws/install/turtlebot3_manipulation_moveit_config/share/turtlebot3_manipulation_moveit_config/package.xml
[1.097s] -- Up-to-date symlink: /home/elson/proj4_ws/install/turtlebot3_manipulation_moveit_config/share/turtlebot3_manipulation_moveit_config/launch/move_group.launch.py
[1.097s] -- Up-to-date symlink: /home/elson/proj4_ws/install/turtlebot3_manipulation_moveit_config/share/turtlebot3_manipulation_moveit_config/launch/moveit_core.launch.py
[1.097s] -- Up-to-date symlink: /home/elson/proj4_ws/install/turtlebot3_manipulation_moveit_config/share/turtlebot3_manipulation_moveit_config/launch/moveit_fake.launch.py
[1.111s] -- Up-to-date symlink: /home/elson/proj4_ws/install/turtlebot3_manipulation_moveit_config/share/turtlebot3_manipulation_moveit_config/launch/moveit_gazebo.launch.py
[1.111s] -- Up-to-date symlink: /home/elson/proj4_ws/install/turtlebot3_manipulation_moveit_config/share/turtlebot3_manipulation_moveit_config/launch/moveit_rviz.launch.py
[1.111s] -- Up-to-date symlink: /home/elson/proj4_ws/install/turtlebot3_manipulation_moveit_config/share/turtlebot3_manipulation_moveit_config/launch/rsp.launch.py
[1.112s] -- Up-to-date symlink: /home/elson/proj4_ws/install/turtlebot3_manipulation_moveit_config/share/turtlebot3_manipulation_moveit_config/launch/servo.launch.py
[1.112s] -- Up-to-date symlink: /home/elson/proj4_ws/install/turtlebot3_manipulation_moveit_config/share/turtlebot3_manipulation_moveit_config/launch/spawn_controllers.launch.py
[1.112s] -- Up-to-date symlink: /home/elson/proj4_ws/install/turtlebot3_manipulation_moveit_config/share/turtlebot3_manipulation_moveit_config/launch/static_virtual_joint_tfs.launch.py
[1.136s] -- Up-to-date symlink: /home/elson/proj4_ws/install/turtlebot3_manipulation_moveit_config/share/turtlebot3_manipulation_moveit_config/launch/warehouse_db.launch.py
[1.138s] -- Up-to-date symlink: /home/elson/proj4_ws/install/turtlebot3_manipulation_moveit_config/share/turtlebot3_manipulation_moveit_config/config/initial_positions.yaml
[1.139s] -- Up-to-date symlink: /home/elson/proj4_ws/install/turtlebot3_manipulation_moveit_config/share/turtlebot3_manipulation_moveit_config/config/joint_limits.yaml
[1.139s] -- Up-to-date symlink: /home/elson/proj4_ws/install/turtlebot3_manipulation_moveit_config/share/turtlebot3_manipulation_moveit_config/config/kinematics.yaml
[1.140s] -- Up-to-date symlink: /home/elson/proj4_ws/install/turtlebot3_manipulation_moveit_config/share/turtlebot3_manipulation_moveit_config/config/moveit.rviz
[1.140s] -- Up-to-date symlink: /home/elson/proj4_ws/install/turtlebot3_manipulation_moveit_config/share/turtlebot3_manipulation_moveit_config/config/moveit_controllers.yaml
[1.140s] -- Up-to-date symlink: /home/elson/proj4_ws/install/turtlebot3_manipulation_moveit_config/share/turtlebot3_manipulation_moveit_config/config/moveit_servo.yaml
[1.140s] -- Up-to-date symlink: /home/elson/proj4_ws/install/turtlebot3_manipulation_moveit_config/share/turtlebot3_manipulation_moveit_config/config/moveit_teleop.rviz
[1.141s] -- Up-to-date symlink: /home/elson/proj4_ws/install/turtlebot3_manipulation_moveit_config/share/turtlebot3_manipulation_moveit_config/config/ompl_planning.yaml
[1.199s] -- Up-to-date symlink: /home/elson/proj4_ws/install/turtlebot3_manipulation_moveit_config/share/turtlebot3_manipulation_moveit_config/config/pilz_cartesian_limits.yaml
[1.200s] -- Up-to-date symlink: /home/elson/proj4_ws/install/turtlebot3_manipulation_moveit_config/share/turtlebot3_manipulation_moveit_config/config/ros2_controllers.yaml
[1.214s] -- Up-to-date symlink: /home/elson/proj4_ws/install/turtlebot3_manipulation_moveit_config/share/turtlebot3_manipulation_moveit_config/config/turtlebot3_manipulation copy.srdf
[1.215s] -- Up-to-date symlink: /home/elson/proj4_ws/install/turtlebot3_manipulation_moveit_config/share/turtlebot3_manipulation_moveit_config/config/turtlebot3_manipulation.srdf
[1.224s] -- Up-to-date symlink: /home/elson/proj4_ws/install/turtlebot3_manipulation_moveit_config/share/turtlebot3_manipulation_moveit_config/.setup_assistant
[1.225s] -- Up-to-date symlink: /home/elson/proj4_ws/install/turtlebot3_manipulation_moveit_config/share/turtlebot3_manipulation_moveit_config/config/initial_positions.yaml
[1.226s] -- Up-to-date symlink: /home/elson/proj4_ws/install/turtlebot3_manipulation_moveit_config/share/turtlebot3_manipulation_moveit_config/config/joint_limits.yaml
[1.226s] -- Up-to-date symlink: /home/elson/proj4_ws/install/turtlebot3_manipulation_moveit_config/share/turtlebot3_manipulation_moveit_config/config/kinematics.yaml
[1.226s] -- Up-to-date symlink: /home/elson/proj4_ws/install/turtlebot3_manipulation_moveit_config/share/turtlebot3_manipulation_moveit_config/config/moveit.rviz
[1.226s] -- Up-to-date symlink: /home/elson/proj4_ws/install/turtlebot3_manipulation_moveit_config/share/turtlebot3_manipulation_moveit_config/config/moveit_controllers.yaml
[1.227s] -- Up-to-date symlink: /home/elson/proj4_ws/install/turtlebot3_manipulation_moveit_config/share/turtlebot3_manipulation_moveit_config/config/moveit_servo.yaml
[1.227s] -- Up-to-date symlink: /home/elson/proj4_ws/install/turtlebot3_manipulation_moveit_config/share/turtlebot3_manipulation_moveit_config/config/moveit_teleop.rviz
[1.227s] -- Up-to-date symlink: /home/elson/proj4_ws/install/turtlebot3_manipulation_moveit_config/share/turtlebot3_manipulation_moveit_config/config/ompl_planning.yaml
[1.227s] -- Up-to-date symlink: /home/elson/proj4_ws/install/turtlebot3_manipulation_moveit_config/share/turtlebot3_manipulation_moveit_config/config/pilz_cartesian_limits.yaml
[1.227s] -- Up-to-date symlink: /home/elson/proj4_ws/install/turtlebot3_manipulation_moveit_config/share/turtlebot3_manipulation_moveit_config/config/ros2_controllers.yaml
[1.227s] -- Up-to-date symlink: /home/elson/proj4_ws/install/turtlebot3_manipulation_moveit_config/share/turtlebot3_manipulation_moveit_config/config/turtlebot3_manipulation copy.srdf
[1.227s] -- Up-to-date symlink: /home/elson/proj4_ws/install/turtlebot3_manipulation_moveit_config/share/turtlebot3_manipulation_moveit_config/config/turtlebot3_manipulation.srdf
[1.228s] -- Up-to-date symlink: /home/elson/proj4_ws/install/turtlebot3_manipulation_moveit_config/share/turtlebot3_manipulation_moveit_config/launch/move_group.launch.py
[1.228s] -- Up-to-date symlink: /home/elson/proj4_ws/install/turtlebot3_manipulation_moveit_config/share/turtlebot3_manipulation_moveit_config/launch/moveit_core.launch.py
[1.228s] -- Up-to-date symlink: /home/elson/proj4_ws/install/turtlebot3_manipulation_moveit_config/share/turtlebot3_manipulation_moveit_config/launch/moveit_fake.launch.py
[1.228s] -- Up-to-date symlink: /home/elson/proj4_ws/install/turtlebot3_manipulation_moveit_config/share/turtlebot3_manipulation_moveit_config/launch/moveit_gazebo.launch.py
[1.229s] -- Up-to-date symlink: /home/elson/proj4_ws/install/turtlebot3_manipulation_moveit_config/share/turtlebot3_manipulation_moveit_config/launch/moveit_rviz.launch.py
[1.229s] -- Up-to-date symlink: /home/elson/proj4_ws/install/turtlebot3_manipulation_moveit_config/share/turtlebot3_manipulation_moveit_config/launch/rsp.launch.py
[1.229s] -- Up-to-date symlink: /home/elson/proj4_ws/install/turtlebot3_manipulation_moveit_config/share/turtlebot3_manipulation_moveit_config/launch/servo.launch.py
[1.229s] -- Up-to-date symlink: /home/elson/proj4_ws/install/turtlebot3_manipulation_moveit_config/share/turtlebot3_manipulation_moveit_config/launch/spawn_controllers.launch.py
[1.229s] -- Up-to-date symlink: /home/elson/proj4_ws/install/turtlebot3_manipulation_moveit_config/share/turtlebot3_manipulation_moveit_config/launch/static_virtual_joint_tfs.launch.py
[1.229s] -- Up-to-date symlink: /home/elson/proj4_ws/install/turtlebot3_manipulation_moveit_config/share/turtlebot3_manipulation_moveit_config/launch/warehouse_db.launch.py
[1.232s] Invoked command in '/home/elson/proj4_ws/build/turtlebot3_manipulation_moveit_config' returned '0': CMAKE_PREFIX_PATH=/home/elson/proj4_ws/install/turtlebot3_manipulation_description:/home/elson/proj4_ws/install/turtlebot3_manipulation:/home/elson/proj4_ws/install/turtlebot3_manipulation_teleop:/home/elson/proj4_ws/install/turtlebot3_manipulation_navigation2:/home/elson/proj4_ws/install/turtlebot3_manipulation_moveit_config:/home/elson/proj4_ws/install/turtlebot3_manipulation_hardware:/home/elson/proj4_ws/install/turtlebot3_manipulation_bringup:/home/elson/proj4_ws/install/turtlebot3_manipulation_cartographer:/home/elson/ws_moveit2/install/moveit2_tutorials:/home/elson/ws_moveit2/install/moveit_visual_tools:/home/elson/ws_moveit2/install/rviz_visual_tools:/home/elson/ws_moveit2/install/hello_moveit:/home/elson/dev_ws/install/turtlebot3_manipulation_moveit_config:/home/elson/dev_ws/install/my_bot_moveit_config:/home/elson/dev_ws/install/my_bot_description:/home/elson/dev_ws/install/my_bot_bringup:/home/elson/dev_ws/install/my_bot:/home/elson/dev_ws/install/astra_camera_msgs:/home/elson/turtlebot3_ws/install/turtlebot3_simulations:/home/elson/turtlebot3_ws/install/turtlebot3_gazebo:/home/elson/turtlebot3_ws/install/turtlebot3_fake_node:/home/elson/turtlebot3_ws/install/gazebo_ros2_control_demos:/home/elson/turtlebot3_ws/install/gazebo_ros2_control:/home/elson/riot_ws/install/riot_description:/home/elson/riot_ws/install/riot_bringup:/home/elson/turtlebot3_ws/install/turtlebot3_commander:/home/elson/turtlebot3_ws/install/nav2_simple_commander:/home/elson/nav2_simple_commander_ws/install/turtlebot3_commander:/opt/ros/foxy /usr/bin/cmake --install /home/elson/proj4_ws/build/turtlebot3_manipulation_moveit_config
