[1.686s] Invoking command in '/home/elson/proj4_ws/build/nav2_simple_commander': PYTHONPATH=/home/elson/proj4_ws/build/nav2_simple_commander/prefix_override:/home/elson/proj4_ws/install/nav2_simple_commander/lib/python3.8/site-packages:${PYTHONPATH} /usr/bin/python3 setup.py develop --editable --build-directory /home/elson/proj4_ws/build/nav2_simple_commander/build --no-deps install_data
[1.812s] running develop
[1.897s] running egg_info
[1.897s] writing nav2_simple_commander.egg-info/PKG-INFO
[1.897s] writing dependency_links to nav2_simple_commander.egg-info/dependency_links.txt
[1.898s] writing entry points to nav2_simple_commander.egg-info/entry_points.txt
[1.898s] writing requirements to nav2_simple_commander.egg-info/requires.txt
[1.898s] writing top-level names to nav2_simple_commander.egg-info/top_level.txt
[1.956s] reading manifest file 'nav2_simple_commander.egg-info/SOURCES.txt'
[1.956s] writing manifest file 'nav2_simple_commander.egg-info/SOURCES.txt'
[1.975s] running build_ext
[1.999s] Creating /home/elson/proj4_ws/install/nav2_simple_commander/lib/python3.8/site-packages/nav2-simple-commander.egg-link (link to .)
[2.000s] Installing demo_inspection script to /home/elson/proj4_ws/install/nav2_simple_commander/lib/nav2_simple_commander
[2.000s] Installing demo_picking script to /home/elson/proj4_ws/install/nav2_simple_commander/lib/nav2_simple_commander
[2.000s] Installing demo_recoveries script to /home/elson/proj4_ws/install/nav2_simple_commander/lib/nav2_simple_commander
[2.000s] Installing demo_security script to /home/elson/proj4_ws/install/nav2_simple_commander/lib/nav2_simple_commander
[2.000s] Installing example_follow_path script to /home/elson/proj4_ws/install/nav2_simple_commander/lib/nav2_simple_commander
[2.000s] Installing example_nav_through_poses script to /home/elson/proj4_ws/install/nav2_simple_commander/lib/nav2_simple_commander
[2.001s] Installing example_nav_to_pose script to /home/elson/proj4_ws/install/nav2_simple_commander/lib/nav2_simple_commander
[2.001s] Installing example_waypoint_follower script to /home/elson/proj4_ws/install/nav2_simple_commander/lib/nav2_simple_commander
[2.001s] 
[2.001s] Installed /home/elson/proj4_ws/build/nav2_simple_commander
[2.001s] running install_data
[2.020s] Invoked command in '/home/elson/proj4_ws/build/nav2_simple_commander' returned '0': PYTHONPATH=/home/elson/proj4_ws/build/nav2_simple_commander/prefix_override:/home/elson/proj4_ws/install/nav2_simple_commander/lib/python3.8/site-packages:${PYTHONPATH} /usr/bin/python3 setup.py develop --editable --build-directory /home/elson/proj4_ws/build/nav2_simple_commander/build --no-deps install_data
