[0.357s] Invoking command in '/home/elson/proj4_ws/build/turtlebot3_manipulation_commander': PYTHONPATH=/home/elson/proj4_ws/build/turtlebot3_manipulation_commander/prefix_override:/home/elson/proj4_ws/install/turtlebot3_manipulation_commander/lib/python3.8/site-packages:${PYTHONPATH} /usr/bin/python3 setup.py develop --editable --build-directory /home/elson/proj4_ws/build/turtlebot3_manipulation_commander/build --no-deps install_data
[0.486s] running develop
[0.554s] running egg_info
[0.554s] creating turtlebot3_manipulation_commander.egg-info
[0.554s] writing turtlebot3_manipulation_commander.egg-info/PKG-INFO
[0.554s] writing dependency_links to turtlebot3_manipulation_commander.egg-info/dependency_links.txt
[0.554s] writing entry points to turtlebot3_manipulation_commander.egg-info/entry_points.txt
[0.554s] writing requirements to turtlebot3_manipulation_commander.egg-info/requires.txt
[0.554s] writing top-level names to turtlebot3_manipulation_commander.egg-info/top_level.txt
[0.555s] writing manifest file 'turtlebot3_manipulation_commander.egg-info/SOURCES.txt'
[0.574s] reading manifest file 'turtlebot3_manipulation_commander.egg-info/SOURCES.txt'
[0.574s] writing manifest file 'turtlebot3_manipulation_commander.egg-info/SOURCES.txt'
[0.594s] running build_ext
[0.594s] Creating /home/elson/proj4_ws/install/turtlebot3_manipulation_commander/lib/python3.8/site-packages/site.py
[0.595s] Creating /home/elson/proj4_ws/install/turtlebot3_manipulation_commander/lib/python3.8/site-packages/turtlebot3-manipulation-commander.egg-link (link to .)
[0.596s] Installing robot_patrol script to /home/elson/proj4_ws/install/turtlebot3_manipulation_commander/lib/turtlebot3_manipulation_commander
[0.596s] 
[0.596s] Installed /home/elson/proj4_ws/build/turtlebot3_manipulation_commander
[0.596s] running install_data
[0.596s] creating /home/elson/proj4_ws/install/turtlebot3_manipulation_commander/share/ament_index
[0.596s] creating /home/elson/proj4_ws/install/turtlebot3_manipulation_commander/share/ament_index/resource_index
[0.596s] creating /home/elson/proj4_ws/install/turtlebot3_manipulation_commander/share/ament_index/resource_index/packages
[0.596s] copying resource/turtlebot3_manipulation_commander -> /home/elson/proj4_ws/install/turtlebot3_manipulation_commander/share/ament_index/resource_index/packages
[0.596s] copying package.xml -> /home/elson/proj4_ws/install/turtlebot3_manipulation_commander/share/turtlebot3_manipulation_commander
[0.611s] Invoked command in '/home/elson/proj4_ws/build/turtlebot3_manipulation_commander' returned '0': PYTHONPATH=/home/elson/proj4_ws/build/turtlebot3_manipulation_commander/prefix_override:/home/elson/proj4_ws/install/turtlebot3_manipulation_commander/lib/python3.8/site-packages:${PYTHONPATH} /usr/bin/python3 setup.py develop --editable --build-directory /home/elson/proj4_ws/build/turtlebot3_manipulation_commander/build --no-deps install_data
