[0.028s] Invoking command in '/home/elson/proj4_ws/build/turtlebot3_manipulation_cartographer': CMAKE_PREFIX_PATH=${CMAKE_PREFIX_PATH}:/home/elson/proj4_ws/install/turtlebot3_manipulation_commander:/home/elson/proj4_ws/install/nav2_simple_commander:/opt/ros/foxy /usr/bin/cmake --build /home/elson/proj4_ws/build/turtlebot3_manipulation_cartographer -- -j16 -l16
[0.296s] Invoked command in '/home/elson/proj4_ws/build/turtlebot3_manipulation_cartographer' returned '0': CMAKE_PREFIX_PATH=${CMAKE_PREFIX_PATH}:/home/elson/proj4_ws/install/turtlebot3_manipulation_commander:/home/elson/proj4_ws/install/nav2_simple_commander:/opt/ros/foxy /usr/bin/cmake --build /home/elson/proj4_ws/build/turtlebot3_manipulation_cartographer -- -j16 -l16
[0.318s] Invoking command in '/home/elson/proj4_ws/build/turtlebot3_manipulation_cartographer': CMAKE_PREFIX_PATH=${CMAKE_PREFIX_PATH}:/home/elson/proj4_ws/install/turtlebot3_manipulation_commander:/home/elson/proj4_ws/install/nav2_simple_commander:/opt/ros/foxy /usr/bin/cmake --install /home/elson/proj4_ws/build/turtlebot3_manipulation_cartographer
[0.323s] -- Install configuration: ""
[0.323s] -- Execute custom install script
[0.323s] -- Up-to-date symlink: /home/elson/proj4_ws/install/turtlebot3_manipulation_cartographer/share/turtlebot3_manipulation_cartographer/config/turtlebot3_2d.lua
[0.323s] -- Up-to-date symlink: /home/elson/proj4_ws/install/turtlebot3_manipulation_cartographer/share/turtlebot3_manipulation_cartographer/launch/cartographer.launch.py
[0.324s] -- Up-to-date symlink: /home/elson/proj4_ws/install/turtlebot3_manipulation_cartographer/share/turtlebot3_manipulation_cartographer/launch/occupancy_grid.launch.py
[0.324s] -- Up-to-date symlink: /home/elson/proj4_ws/install/turtlebot3_manipulation_cartographer/share/turtlebot3_manipulation_cartographer/rviz/cartographer.rviz
[0.324s] -- Symlinking: /home/elson/proj4_ws/install/turtlebot3_manipulation_cartographer/share/turtlebot3_manipulation_cartographer/map/keepout_mask.pgm
[0.330s] -- Symlinking: /home/elson/proj4_ws/install/turtlebot3_manipulation_cartographer/share/turtlebot3_manipulation_cartographer/map/keepout_mask.yaml
[0.336s] -- Symlinking: /home/elson/proj4_ws/install/turtlebot3_manipulation_cartographer/share/turtlebot3_manipulation_cartographer/map/keepout_params.yaml
[0.341s] -- Up-to-date symlink: /home/elson/proj4_ws/install/turtlebot3_manipulation_cartographer/share/turtlebot3_manipulation_cartographer/map/lanes.yaml
[0.341s] -- Up-to-date symlink: /home/elson/proj4_ws/install/turtlebot3_manipulation_cartographer/share/turtlebot3_manipulation_cartographer/map/lanes_rotated.pgm
[0.341s] -- Up-to-date symlink: /home/elson/proj4_ws/install/turtlebot3_manipulation_cartographer/share/turtlebot3_manipulation_cartographer/map/map.pgm
[0.342s] -- Up-to-date symlink: /home/elson/proj4_ws/install/turtlebot3_manipulation_cartographer/share/turtlebot3_manipulation_cartographer/map/map.yaml
[0.342s] -- Up-to-date symlink: /home/elson/proj4_ws/install/turtlebot3_manipulation_cartographer/share/turtlebot3_manipulation_cartographer/map/map_edited.pgm
[0.342s] -- Up-to-date symlink: /home/elson/proj4_ws/install/turtlebot3_manipulation_cartographer/share/turtlebot3_manipulation_cartographer/map/riot_map.pgm
[0.342s] -- Up-to-date symlink: /home/elson/proj4_ws/install/turtlebot3_manipulation_cartographer/share/turtlebot3_manipulation_cartographer/map/riot_map.yaml
[0.342s] -- Up-to-date symlink: /home/elson/proj4_ws/install/turtlebot3_manipulation_cartographer/share/turtlebot3_manipulation_cartographer/map/riot_map1.pgm
[0.342s] -- Up-to-date symlink: /home/elson/proj4_ws/install/turtlebot3_manipulation_cartographer/share/ament_index/resource_index/package_run_dependencies/turtlebot3_manipulation_cartographer
[0.342s] -- Up-to-date symlink: /home/elson/proj4_ws/install/turtlebot3_manipulation_cartographer/share/ament_index/resource_index/parent_prefix_path/turtlebot3_manipulation_cartographer
[0.342s] -- Up-to-date symlink: /home/elson/proj4_ws/install/turtlebot3_manipulation_cartographer/share/turtlebot3_manipulation_cartographer/environment/ament_prefix_path.sh
[0.342s] -- Up-to-date symlink: /home/elson/proj4_ws/install/turtlebot3_manipulation_cartographer/share/turtlebot3_manipulation_cartographer/environment/ament_prefix_path.dsv
[0.342s] -- Up-to-date symlink: /home/elson/proj4_ws/install/turtlebot3_manipulation_cartographer/share/turtlebot3_manipulation_cartographer/environment/path.sh
[0.342s] -- Up-to-date symlink: /home/elson/proj4_ws/install/turtlebot3_manipulation_cartographer/share/turtlebot3_manipulation_cartographer/environment/path.dsv
[0.342s] -- Up-to-date symlink: /home/elson/proj4_ws/install/turtlebot3_manipulation_cartographer/share/turtlebot3_manipulation_cartographer/local_setup.bash
[0.342s] -- Up-to-date symlink: /home/elson/proj4_ws/install/turtlebot3_manipulation_cartographer/share/turtlebot3_manipulation_cartographer/local_setup.sh
[0.343s] -- Up-to-date symlink: /home/elson/proj4_ws/install/turtlebot3_manipulation_cartographer/share/turtlebot3_manipulation_cartographer/local_setup.zsh
[0.343s] -- Up-to-date symlink: /home/elson/proj4_ws/install/turtlebot3_manipulation_cartographer/share/turtlebot3_manipulation_cartographer/local_setup.dsv
[0.343s] -- Symlinking: /home/elson/proj4_ws/install/turtlebot3_manipulation_cartographer/share/turtlebot3_manipulation_cartographer/package.dsv
[0.349s] -- Up-to-date symlink: /home/elson/proj4_ws/install/turtlebot3_manipulation_cartographer/share/ament_index/resource_index/packages/turtlebot3_manipulation_cartographer
[0.349s] -- Up-to-date symlink: /home/elson/proj4_ws/install/turtlebot3_manipulation_cartographer/share/turtlebot3_manipulation_cartographer/cmake/turtlebot3_manipulation_cartographerConfig.cmake
[0.349s] -- Up-to-date symlink: /home/elson/proj4_ws/install/turtlebot3_manipulation_cartographer/share/turtlebot3_manipulation_cartographer/cmake/turtlebot3_manipulation_cartographerConfig-version.cmake
[0.349s] -- Up-to-date symlink: /home/elson/proj4_ws/install/turtlebot3_manipulation_cartographer/share/turtlebot3_manipulation_cartographer/package.xml
[0.378s] Invoked command in '/home/elson/proj4_ws/build/turtlebot3_manipulation_cartographer' returned '0': CMAKE_PREFIX_PATH=${CMAKE_PREFIX_PATH}:/home/elson/proj4_ws/install/turtlebot3_manipulation_commander:/home/elson/proj4_ws/install/nav2_simple_commander:/opt/ros/foxy /usr/bin/cmake --install /home/elson/proj4_ws/build/turtlebot3_manipulation_cartographer
