[0.081s] DEBUG:colcon:Command line arguments: ['/usr/bin/colcon', 'list', '-p', '--base-paths', '/home/elson/proj4_ws']
[0.082s] DEBUG:colcon:Parsed command line arguments: Namespace(allow_overriding=[], base_paths=['/home/elson/proj4_ws'], build_base='build', ignore_user_meta=False, log_base=None, log_level=None, main=<bound method ListVerb.main of <colcon_package_information.verb.list.ListVerb object at 0x7f12e59febe0>>, metas=['./colcon.meta'], names_only=False, packages_above=None, packages_above_and_dependencies=None, packages_above_depth=None, packages_end=None, packages_ignore=None, packages_ignore_regex=None, packages_select=None, packages_select_build_failed=False, packages_select_by_dep=None, packages_select_regex=None, packages_select_test_failures=False, packages_skip=None, packages_skip_build_finished=False, packages_skip_by_dep=None, packages_skip_regex=None, packages_skip_test_passed=False, packages_skip_up_to=None, packages_start=None, packages_up_to=None, packages_up_to_regex=None, paths=None, paths_only=True, topological_graph=False, topological_graph_density=False, topological_graph_dot=False, topological_graph_dot_cluster=False, topological_graph_dot_include_skipped=False, topological_graph_legend=False, topological_order=False, verb_extension=<colcon_package_information.verb.list.ListVerb object at 0x7f12e59febe0>, verb_name='list', verb_parser=<colcon_defaults.argument_parser.defaults.DefaultArgumentsDecorator object at 0x7f12e5932910>)
[0.099s] Level 1:colcon.colcon_core.package_discovery:discover_packages(colcon_meta) check parameters
[0.099s] Level 1:colcon.colcon_core.package_discovery:discover_packages(recursive) check parameters
[0.099s] Level 1:colcon.colcon_core.package_discovery:discover_packages(ignore) check parameters
[0.099s] Level 1:colcon.colcon_core.package_discovery:discover_packages(path) check parameters
[0.099s] Level 1:colcon.colcon_core.package_discovery:discover_packages(recursive) discover
[0.099s] INFO:colcon.colcon_core.package_discovery:Crawling recursively for packages in '/home/elson/proj4_ws'
[0.099s] Level 1:colcon.colcon_core.package_identification:_identify(/home/elson/proj4_ws) by extensions ['ignore', 'ignore_ament_install']
[0.099s] Level 1:colcon.colcon_core.package_identification:_identify(/home/elson/proj4_ws) by extension 'ignore'
[0.099s] Level 1:colcon.colcon_core.package_identification:_identify(/home/elson/proj4_ws) by extension 'ignore_ament_install'
[0.099s] Level 1:colcon.colcon_core.package_identification:_identify(/home/elson/proj4_ws) by extensions ['colcon_pkg']
[0.099s] Level 1:colcon.colcon_core.package_identification:_identify(/home/elson/proj4_ws) by extension 'colcon_pkg'
[0.099s] Level 1:colcon.colcon_core.package_identification:_identify(/home/elson/proj4_ws) by extensions ['colcon_meta']
[0.099s] Level 1:colcon.colcon_core.package_identification:_identify(/home/elson/proj4_ws) by extension 'colcon_meta'
[0.099s] Level 1:colcon.colcon_core.package_identification:_identify(/home/elson/proj4_ws) by extensions ['ros']
[0.099s] Level 1:colcon.colcon_core.package_identification:_identify(/home/elson/proj4_ws) by extension 'ros'
[0.107s] Level 1:colcon.colcon_core.package_identification:_identify(/home/elson/proj4_ws) by extensions ['cmake', 'python']
[0.107s] Level 1:colcon.colcon_core.package_identification:_identify(/home/elson/proj4_ws) by extension 'cmake'
[0.107s] Level 1:colcon.colcon_core.package_identification:_identify(/home/elson/proj4_ws) by extension 'python'
[0.107s] Level 1:colcon.colcon_core.package_identification:_identify(/home/elson/proj4_ws) by extensions ['python_setup_py']
[0.107s] Level 1:colcon.colcon_core.package_identification:_identify(/home/elson/proj4_ws) by extension 'python_setup_py'
[0.107s] Level 1:colcon.colcon_core.package_identification:_identify(/home/elson/proj4_ws/build) by extensions ['ignore', 'ignore_ament_install']
[0.107s] Level 1:colcon.colcon_core.package_identification:_identify(/home/elson/proj4_ws/build) by extension 'ignore'
[0.107s] Level 1:colcon.colcon_core.package_identification:_identify(/home/elson/proj4_ws/build) ignored
[0.107s] Level 1:colcon.colcon_core.package_identification:_identify(/home/elson/proj4_ws/install) by extensions ['ignore', 'ignore_ament_install']
[0.107s] Level 1:colcon.colcon_core.package_identification:_identify(/home/elson/proj4_ws/install) by extension 'ignore'
[0.107s] Level 1:colcon.colcon_core.package_identification:_identify(/home/elson/proj4_ws/install) ignored
[0.107s] Level 1:colcon.colcon_core.package_identification:_identify(/home/elson/proj4_ws/log) by extensions ['ignore', 'ignore_ament_install']
[0.107s] Level 1:colcon.colcon_core.package_identification:_identify(/home/elson/proj4_ws/log) by extension 'ignore'
[0.107s] Level 1:colcon.colcon_core.package_identification:_identify(/home/elson/proj4_ws/log) ignored
[0.107s] Level 1:colcon.colcon_core.package_identification:_identify(/home/elson/proj4_ws/src) by extensions ['ignore', 'ignore_ament_install']
[0.107s] Level 1:colcon.colcon_core.package_identification:_identify(/home/elson/proj4_ws/src) by extension 'ignore'
[0.107s] Level 1:colcon.colcon_core.package_identification:_identify(/home/elson/proj4_ws/src) by extension 'ignore_ament_install'
[0.108s] Level 1:colcon.colcon_core.package_identification:_identify(/home/elson/proj4_ws/src) by extensions ['colcon_pkg']
[0.108s] Level 1:colcon.colcon_core.package_identification:_identify(/home/elson/proj4_ws/src) by extension 'colcon_pkg'
[0.108s] Level 1:colcon.colcon_core.package_identification:_identify(/home/elson/proj4_ws/src) by extensions ['colcon_meta']
[0.108s] Level 1:colcon.colcon_core.package_identification:_identify(/home/elson/proj4_ws/src) by extension 'colcon_meta'
[0.108s] Level 1:colcon.colcon_core.package_identification:_identify(/home/elson/proj4_ws/src) by extensions ['ros']
[0.108s] Level 1:colcon.colcon_core.package_identification:_identify(/home/elson/proj4_ws/src) by extension 'ros'
[0.108s] Level 1:colcon.colcon_core.package_identification:_identify(/home/elson/proj4_ws/src) by extensions ['cmake', 'python']
[0.108s] Level 1:colcon.colcon_core.package_identification:_identify(/home/elson/proj4_ws/src) by extension 'cmake'
[0.108s] Level 1:colcon.colcon_core.package_identification:_identify(/home/elson/proj4_ws/src) by extension 'python'
[0.108s] Level 1:colcon.colcon_core.package_identification:_identify(/home/elson/proj4_ws/src) by extensions ['python_setup_py']
[0.108s] Level 1:colcon.colcon_core.package_identification:_identify(/home/elson/proj4_ws/src) by extension 'python_setup_py'
[0.108s] Level 1:colcon.colcon_core.package_identification:_identify(/home/elson/proj4_ws/src/turtlebot3_manipulation) by extensions ['ignore', 'ignore_ament_install']
[0.108s] Level 1:colcon.colcon_core.package_identification:_identify(/home/elson/proj4_ws/src/turtlebot3_manipulation) by extension 'ignore'
[0.108s] Level 1:colcon.colcon_core.package_identification:_identify(/home/elson/proj4_ws/src/turtlebot3_manipulation) by extension 'ignore_ament_install'
[0.108s] Level 1:colcon.colcon_core.package_identification:_identify(/home/elson/proj4_ws/src/turtlebot3_manipulation) by extensions ['colcon_pkg']
[0.108s] Level 1:colcon.colcon_core.package_identification:_identify(/home/elson/proj4_ws/src/turtlebot3_manipulation) by extension 'colcon_pkg'
[0.108s] Level 1:colcon.colcon_core.package_identification:_identify(/home/elson/proj4_ws/src/turtlebot3_manipulation) by extensions ['colcon_meta']
[0.108s] Level 1:colcon.colcon_core.package_identification:_identify(/home/elson/proj4_ws/src/turtlebot3_manipulation) by extension 'colcon_meta'
[0.108s] Level 1:colcon.colcon_core.package_identification:_identify(/home/elson/proj4_ws/src/turtlebot3_manipulation) by extensions ['ros']
[0.108s] Level 1:colcon.colcon_core.package_identification:_identify(/home/elson/proj4_ws/src/turtlebot3_manipulation) by extension 'ros'
[0.108s] Level 1:colcon.colcon_core.package_identification:_identify(/home/elson/proj4_ws/src/turtlebot3_manipulation) by extensions ['cmake', 'python']
[0.108s] Level 1:colcon.colcon_core.package_identification:_identify(/home/elson/proj4_ws/src/turtlebot3_manipulation) by extension 'cmake'
[0.108s] Level 1:colcon.colcon_core.package_identification:_identify(/home/elson/proj4_ws/src/turtlebot3_manipulation) by extension 'python'
[0.108s] Level 1:colcon.colcon_core.package_identification:_identify(/home/elson/proj4_ws/src/turtlebot3_manipulation) by extensions ['python_setup_py']
[0.108s] Level 1:colcon.colcon_core.package_identification:_identify(/home/elson/proj4_ws/src/turtlebot3_manipulation) by extension 'python_setup_py'
[0.108s] Level 1:colcon.colcon_core.package_identification:_identify(/home/elson/proj4_ws/src/turtlebot3_manipulation/turtlebot3_manipulation) by extensions ['ignore', 'ignore_ament_install']
[0.108s] Level 1:colcon.colcon_core.package_identification:_identify(/home/elson/proj4_ws/src/turtlebot3_manipulation/turtlebot3_manipulation) by extension 'ignore'
[0.108s] Level 1:colcon.colcon_core.package_identification:_identify(/home/elson/proj4_ws/src/turtlebot3_manipulation/turtlebot3_manipulation) by extension 'ignore_ament_install'
[0.108s] Level 1:colcon.colcon_core.package_identification:_identify(/home/elson/proj4_ws/src/turtlebot3_manipulation/turtlebot3_manipulation) by extensions ['colcon_pkg']
[0.108s] Level 1:colcon.colcon_core.package_identification:_identify(/home/elson/proj4_ws/src/turtlebot3_manipulation/turtlebot3_manipulation) by extension 'colcon_pkg'
[0.108s] Level 1:colcon.colcon_core.package_identification:_identify(/home/elson/proj4_ws/src/turtlebot3_manipulation/turtlebot3_manipulation) by extensions ['colcon_meta']
[0.109s] Level 1:colcon.colcon_core.package_identification:_identify(/home/elson/proj4_ws/src/turtlebot3_manipulation/turtlebot3_manipulation) by extension 'colcon_meta'
[0.109s] Level 1:colcon.colcon_core.package_identification:_identify(/home/elson/proj4_ws/src/turtlebot3_manipulation/turtlebot3_manipulation) by extensions ['ros']
[0.109s] Level 1:colcon.colcon_core.package_identification:_identify(/home/elson/proj4_ws/src/turtlebot3_manipulation/turtlebot3_manipulation) by extension 'ros'
[0.110s] DEBUG:colcon.colcon_core.package_identification:Package '/home/elson/proj4_ws/src/turtlebot3_manipulation/turtlebot3_manipulation' with type 'ros.ament_cmake' and name 'turtlebot3_manipulation'
[0.110s] Level 1:colcon.colcon_core.package_identification:_identify(/home/elson/proj4_ws/src/turtlebot3_manipulation/turtlebot3_manipulation_bringup) by extensions ['ignore', 'ignore_ament_install']
[0.110s] Level 1:colcon.colcon_core.package_identification:_identify(/home/elson/proj4_ws/src/turtlebot3_manipulation/turtlebot3_manipulation_bringup) by extension 'ignore'
[0.111s] Level 1:colcon.colcon_core.package_identification:_identify(/home/elson/proj4_ws/src/turtlebot3_manipulation/turtlebot3_manipulation_bringup) by extension 'ignore_ament_install'
[0.111s] Level 1:colcon.colcon_core.package_identification:_identify(/home/elson/proj4_ws/src/turtlebot3_manipulation/turtlebot3_manipulation_bringup) by extensions ['colcon_pkg']
[0.111s] Level 1:colcon.colcon_core.package_identification:_identify(/home/elson/proj4_ws/src/turtlebot3_manipulation/turtlebot3_manipulation_bringup) by extension 'colcon_pkg'
[0.111s] Level 1:colcon.colcon_core.package_identification:_identify(/home/elson/proj4_ws/src/turtlebot3_manipulation/turtlebot3_manipulation_bringup) by extensions ['colcon_meta']
[0.111s] Level 1:colcon.colcon_core.package_identification:_identify(/home/elson/proj4_ws/src/turtlebot3_manipulation/turtlebot3_manipulation_bringup) by extension 'colcon_meta'
[0.111s] Level 1:colcon.colcon_core.package_identification:_identify(/home/elson/proj4_ws/src/turtlebot3_manipulation/turtlebot3_manipulation_bringup) by extensions ['ros']
[0.111s] Level 1:colcon.colcon_core.package_identification:_identify(/home/elson/proj4_ws/src/turtlebot3_manipulation/turtlebot3_manipulation_bringup) by extension 'ros'
[0.111s] DEBUG:colcon.colcon_core.package_identification:Package '/home/elson/proj4_ws/src/turtlebot3_manipulation/turtlebot3_manipulation_bringup' with type 'ros.ament_cmake' and name 'turtlebot3_manipulation_bringup'
[0.111s] Level 1:colcon.colcon_core.package_identification:_identify(/home/elson/proj4_ws/src/turtlebot3_manipulation/turtlebot3_manipulation_cartographer) by extensions ['ignore', 'ignore_ament_install']
[0.111s] Level 1:colcon.colcon_core.package_identification:_identify(/home/elson/proj4_ws/src/turtlebot3_manipulation/turtlebot3_manipulation_cartographer) by extension 'ignore'
[0.111s] Level 1:colcon.colcon_core.package_identification:_identify(/home/elson/proj4_ws/src/turtlebot3_manipulation/turtlebot3_manipulation_cartographer) by extension 'ignore_ament_install'
[0.111s] Level 1:colcon.colcon_core.package_identification:_identify(/home/elson/proj4_ws/src/turtlebot3_manipulation/turtlebot3_manipulation_cartographer) by extensions ['colcon_pkg']
[0.111s] Level 1:colcon.colcon_core.package_identification:_identify(/home/elson/proj4_ws/src/turtlebot3_manipulation/turtlebot3_manipulation_cartographer) by extension 'colcon_pkg'
[0.111s] Level 1:colcon.colcon_core.package_identification:_identify(/home/elson/proj4_ws/src/turtlebot3_manipulation/turtlebot3_manipulation_cartographer) by extensions ['colcon_meta']
[0.111s] Level 1:colcon.colcon_core.package_identification:_identify(/home/elson/proj4_ws/src/turtlebot3_manipulation/turtlebot3_manipulation_cartographer) by extension 'colcon_meta'
[0.111s] Level 1:colcon.colcon_core.package_identification:_identify(/home/elson/proj4_ws/src/turtlebot3_manipulation/turtlebot3_manipulation_cartographer) by extensions ['ros']
[0.111s] Level 1:colcon.colcon_core.package_identification:_identify(/home/elson/proj4_ws/src/turtlebot3_manipulation/turtlebot3_manipulation_cartographer) by extension 'ros'
[0.112s] DEBUG:colcon.colcon_core.package_identification:Package '/home/elson/proj4_ws/src/turtlebot3_manipulation/turtlebot3_manipulation_cartographer' with type 'ros.ament_cmake' and name 'turtlebot3_manipulation_cartographer'
[0.112s] Level 1:colcon.colcon_core.package_identification:_identify(/home/elson/proj4_ws/src/turtlebot3_manipulation/turtlebot3_manipulation_description) by extensions ['ignore', 'ignore_ament_install']
[0.112s] Level 1:colcon.colcon_core.package_identification:_identify(/home/elson/proj4_ws/src/turtlebot3_manipulation/turtlebot3_manipulation_description) by extension 'ignore'
[0.112s] Level 1:colcon.colcon_core.package_identification:_identify(/home/elson/proj4_ws/src/turtlebot3_manipulation/turtlebot3_manipulation_description) by extension 'ignore_ament_install'
[0.112s] Level 1:colcon.colcon_core.package_identification:_identify(/home/elson/proj4_ws/src/turtlebot3_manipulation/turtlebot3_manipulation_description) by extensions ['colcon_pkg']
[0.112s] Level 1:colcon.colcon_core.package_identification:_identify(/home/elson/proj4_ws/src/turtlebot3_manipulation/turtlebot3_manipulation_description) by extension 'colcon_pkg'
[0.112s] Level 1:colcon.colcon_core.package_identification:_identify(/home/elson/proj4_ws/src/turtlebot3_manipulation/turtlebot3_manipulation_description) by extensions ['colcon_meta']
[0.112s] Level 1:colcon.colcon_core.package_identification:_identify(/home/elson/proj4_ws/src/turtlebot3_manipulation/turtlebot3_manipulation_description) by extension 'colcon_meta'
[0.112s] Level 1:colcon.colcon_core.package_identification:_identify(/home/elson/proj4_ws/src/turtlebot3_manipulation/turtlebot3_manipulation_description) by extensions ['ros']
[0.112s] Level 1:colcon.colcon_core.package_identification:_identify(/home/elson/proj4_ws/src/turtlebot3_manipulation/turtlebot3_manipulation_description) by extension 'ros'
[0.112s] DEBUG:colcon.colcon_core.package_identification:Package '/home/elson/proj4_ws/src/turtlebot3_manipulation/turtlebot3_manipulation_description' with type 'ros.ament_cmake' and name 'turtlebot3_manipulation_description'
[0.112s] Level 1:colcon.colcon_core.package_identification:_identify(/home/elson/proj4_ws/src/turtlebot3_manipulation/turtlebot3_manipulation_hardware) by extensions ['ignore', 'ignore_ament_install']
[0.113s] Level 1:colcon.colcon_core.package_identification:_identify(/home/elson/proj4_ws/src/turtlebot3_manipulation/turtlebot3_manipulation_hardware) by extension 'ignore'
[0.113s] Level 1:colcon.colcon_core.package_identification:_identify(/home/elson/proj4_ws/src/turtlebot3_manipulation/turtlebot3_manipulation_hardware) by extension 'ignore_ament_install'
[0.113s] Level 1:colcon.colcon_core.package_identification:_identify(/home/elson/proj4_ws/src/turtlebot3_manipulation/turtlebot3_manipulation_hardware) by extensions ['colcon_pkg']
[0.113s] Level 1:colcon.colcon_core.package_identification:_identify(/home/elson/proj4_ws/src/turtlebot3_manipulation/turtlebot3_manipulation_hardware) by extension 'colcon_pkg'
[0.113s] Level 1:colcon.colcon_core.package_identification:_identify(/home/elson/proj4_ws/src/turtlebot3_manipulation/turtlebot3_manipulation_hardware) by extensions ['colcon_meta']
[0.113s] Level 1:colcon.colcon_core.package_identification:_identify(/home/elson/proj4_ws/src/turtlebot3_manipulation/turtlebot3_manipulation_hardware) by extension 'colcon_meta'
[0.113s] Level 1:colcon.colcon_core.package_identification:_identify(/home/elson/proj4_ws/src/turtlebot3_manipulation/turtlebot3_manipulation_hardware) by extensions ['ros']
[0.113s] Level 1:colcon.colcon_core.package_identification:_identify(/home/elson/proj4_ws/src/turtlebot3_manipulation/turtlebot3_manipulation_hardware) by extension 'ros'
[0.113s] DEBUG:colcon.colcon_core.package_identification:Package '/home/elson/proj4_ws/src/turtlebot3_manipulation/turtlebot3_manipulation_hardware' with type 'ros.ament_cmake' and name 'turtlebot3_manipulation_hardware'
[0.113s] Level 1:colcon.colcon_core.package_identification:_identify(/home/elson/proj4_ws/src/turtlebot3_manipulation/turtlebot3_manipulation_moveit_config) by extensions ['ignore', 'ignore_ament_install']
[0.113s] Level 1:colcon.colcon_core.package_identification:_identify(/home/elson/proj4_ws/src/turtlebot3_manipulation/turtlebot3_manipulation_moveit_config) by extension 'ignore'
[0.113s] Level 1:colcon.colcon_core.package_identification:_identify(/home/elson/proj4_ws/src/turtlebot3_manipulation/turtlebot3_manipulation_moveit_config) by extension 'ignore_ament_install'
[0.113s] Level 1:colcon.colcon_core.package_identification:_identify(/home/elson/proj4_ws/src/turtlebot3_manipulation/turtlebot3_manipulation_moveit_config) by extensions ['colcon_pkg']
[0.113s] Level 1:colcon.colcon_core.package_identification:_identify(/home/elson/proj4_ws/src/turtlebot3_manipulation/turtlebot3_manipulation_moveit_config) by extension 'colcon_pkg'
[0.113s] Level 1:colcon.colcon_core.package_identification:_identify(/home/elson/proj4_ws/src/turtlebot3_manipulation/turtlebot3_manipulation_moveit_config) by extensions ['colcon_meta']
[0.114s] Level 1:colcon.colcon_core.package_identification:_identify(/home/elson/proj4_ws/src/turtlebot3_manipulation/turtlebot3_manipulation_moveit_config) by extension 'colcon_meta'
[0.114s] Level 1:colcon.colcon_core.package_identification:_identify(/home/elson/proj4_ws/src/turtlebot3_manipulation/turtlebot3_manipulation_moveit_config) by extensions ['ros']
[0.114s] Level 1:colcon.colcon_core.package_identification:_identify(/home/elson/proj4_ws/src/turtlebot3_manipulation/turtlebot3_manipulation_moveit_config) by extension 'ros'
[0.114s] DEBUG:colcon.colcon_core.package_identification:Package '/home/elson/proj4_ws/src/turtlebot3_manipulation/turtlebot3_manipulation_moveit_config' with type 'ros.ament_cmake' and name 'turtlebot3_manipulation_moveit_config'
[0.114s] Level 1:colcon.colcon_core.package_identification:_identify(/home/elson/proj4_ws/src/turtlebot3_manipulation/turtlebot3_manipulation_navigation2) by extensions ['ignore', 'ignore_ament_install']
[0.114s] Level 1:colcon.colcon_core.package_identification:_identify(/home/elson/proj4_ws/src/turtlebot3_manipulation/turtlebot3_manipulation_navigation2) by extension 'ignore'
[0.114s] Level 1:colcon.colcon_core.package_identification:_identify(/home/elson/proj4_ws/src/turtlebot3_manipulation/turtlebot3_manipulation_navigation2) by extension 'ignore_ament_install'
[0.114s] Level 1:colcon.colcon_core.package_identification:_identify(/home/elson/proj4_ws/src/turtlebot3_manipulation/turtlebot3_manipulation_navigation2) by extensions ['colcon_pkg']
[0.114s] Level 1:colcon.colcon_core.package_identification:_identify(/home/elson/proj4_ws/src/turtlebot3_manipulation/turtlebot3_manipulation_navigation2) by extension 'colcon_pkg'
[0.114s] Level 1:colcon.colcon_core.package_identification:_identify(/home/elson/proj4_ws/src/turtlebot3_manipulation/turtlebot3_manipulation_navigation2) by extensions ['colcon_meta']
[0.114s] Level 1:colcon.colcon_core.package_identification:_identify(/home/elson/proj4_ws/src/turtlebot3_manipulation/turtlebot3_manipulation_navigation2) by extension 'colcon_meta'
[0.114s] Level 1:colcon.colcon_core.package_identification:_identify(/home/elson/proj4_ws/src/turtlebot3_manipulation/turtlebot3_manipulation_navigation2) by extensions ['ros']
[0.114s] Level 1:colcon.colcon_core.package_identification:_identify(/home/elson/proj4_ws/src/turtlebot3_manipulation/turtlebot3_manipulation_navigation2) by extension 'ros'
[0.115s] DEBUG:colcon.colcon_core.package_identification:Package '/home/elson/proj4_ws/src/turtlebot3_manipulation/turtlebot3_manipulation_navigation2' with type 'ros.ament_cmake' and name 'turtlebot3_manipulation_navigation2'
[0.115s] Level 1:colcon.colcon_core.package_identification:_identify(/home/elson/proj4_ws/src/turtlebot3_manipulation/turtlebot3_manipulation_teleop) by extensions ['ignore', 'ignore_ament_install']
[0.115s] Level 1:colcon.colcon_core.package_identification:_identify(/home/elson/proj4_ws/src/turtlebot3_manipulation/turtlebot3_manipulation_teleop) by extension 'ignore'
[0.115s] Level 1:colcon.colcon_core.package_identification:_identify(/home/elson/proj4_ws/src/turtlebot3_manipulation/turtlebot3_manipulation_teleop) by extension 'ignore_ament_install'
[0.115s] Level 1:colcon.colcon_core.package_identification:_identify(/home/elson/proj4_ws/src/turtlebot3_manipulation/turtlebot3_manipulation_teleop) by extensions ['colcon_pkg']
[0.115s] Level 1:colcon.colcon_core.package_identification:_identify(/home/elson/proj4_ws/src/turtlebot3_manipulation/turtlebot3_manipulation_teleop) by extension 'colcon_pkg'
[0.115s] Level 1:colcon.colcon_core.package_identification:_identify(/home/elson/proj4_ws/src/turtlebot3_manipulation/turtlebot3_manipulation_teleop) by extensions ['colcon_meta']
[0.115s] Level 1:colcon.colcon_core.package_identification:_identify(/home/elson/proj4_ws/src/turtlebot3_manipulation/turtlebot3_manipulation_teleop) by extension 'colcon_meta'
[0.115s] Level 1:colcon.colcon_core.package_identification:_identify(/home/elson/proj4_ws/src/turtlebot3_manipulation/turtlebot3_manipulation_teleop) by extensions ['ros']
[0.115s] Level 1:colcon.colcon_core.package_identification:_identify(/home/elson/proj4_ws/src/turtlebot3_manipulation/turtlebot3_manipulation_teleop) by extension 'ros'
[0.116s] DEBUG:colcon.colcon_core.package_identification:Package '/home/elson/proj4_ws/src/turtlebot3_manipulation/turtlebot3_manipulation_teleop' with type 'ros.ament_cmake' and name 'turtlebot3_manipulation_teleop'
[0.116s] Level 1:colcon.colcon_core.package_discovery:discover_packages(recursive) using defaults
