[0.010s] Invoking command in '/home/elson/proj4_ws/build/nav2_costmap_filters_demo': CMAKE_PREFIX_PATH=${CMAKE_PREFIX_PATH}:/home/elson/proj4_ws/install/turtlebot3_manipulation_commander:/home/elson/proj4_ws/install/nav2_simple_commander:/opt/ros/foxy /usr/bin/cmake --build /home/elson/proj4_ws/build/nav2_costmap_filters_demo -- -j16 -l16
[0.032s] Invoked command in '/home/elson/proj4_ws/build/nav2_costmap_filters_demo' returned '0': CMAKE_PREFIX_PATH=${CMAKE_PREFIX_PATH}:/home/elson/proj4_ws/install/turtlebot3_manipulation_commander:/home/elson/proj4_ws/install/nav2_simple_commander:/opt/ros/foxy /usr/bin/cmake --build /home/elson/proj4_ws/build/nav2_costmap_filters_demo -- -j16 -l16
[0.060s] Invoking command in '/home/elson/proj4_ws/build/nav2_costmap_filters_demo': CMAKE_PREFIX_PATH=${CMAKE_PREFIX_PATH}:/home/elson/proj4_ws/install/turtlebot3_manipulation_commander:/home/elson/proj4_ws/install/nav2_simple_commander:/opt/ros/foxy /usr/bin/cmake --install /home/elson/proj4_ws/build/nav2_costmap_filters_demo
[0.064s] -- Install configuration: ""
[0.065s] -- Execute custom install script
[0.065s] -- Up-to-date symlink: /home/elson/proj4_ws/install/nav2_costmap_filters_demo/share/nav2_costmap_filters_demo/launch/costmap_filter_info.launch.py
[0.066s] -- Up-to-date symlink: /home/elson/proj4_ws/install/nav2_costmap_filters_demo/share/nav2_costmap_filters_demo/maps/keepout_mask.pgm
[0.066s] -- Up-to-date symlink: /home/elson/proj4_ws/install/nav2_costmap_filters_demo/share/nav2_costmap_filters_demo/maps/keepout_mask.yaml
[0.066s] -- Up-to-date symlink: /home/elson/proj4_ws/install/nav2_costmap_filters_demo/share/nav2_costmap_filters_demo/maps/speed_mask.pgm
[0.066s] -- Up-to-date symlink: /home/elson/proj4_ws/install/nav2_costmap_filters_demo/share/nav2_costmap_filters_demo/maps/speed_mask.yaml
[0.066s] -- Up-to-date symlink: /home/elson/proj4_ws/install/nav2_costmap_filters_demo/share/nav2_costmap_filters_demo/params/keepout_params.yaml
[0.066s] -- Up-to-date symlink: /home/elson/proj4_ws/install/nav2_costmap_filters_demo/share/nav2_costmap_filters_demo/params/speed_params.yaml
[0.066s] -- Up-to-date symlink: /home/elson/proj4_ws/install/nav2_costmap_filters_demo/share/ament_index/resource_index/package_run_dependencies/nav2_costmap_filters_demo
[0.067s] -- Up-to-date symlink: /home/elson/proj4_ws/install/nav2_costmap_filters_demo/share/ament_index/resource_index/parent_prefix_path/nav2_costmap_filters_demo
[0.067s] -- Up-to-date symlink: /home/elson/proj4_ws/install/nav2_costmap_filters_demo/share/nav2_costmap_filters_demo/environment/ament_prefix_path.sh
[0.067s] -- Up-to-date symlink: /home/elson/proj4_ws/install/nav2_costmap_filters_demo/share/nav2_costmap_filters_demo/environment/ament_prefix_path.dsv
[0.067s] -- Up-to-date symlink: /home/elson/proj4_ws/install/nav2_costmap_filters_demo/share/nav2_costmap_filters_demo/environment/path.sh
[0.067s] -- Up-to-date symlink: /home/elson/proj4_ws/install/nav2_costmap_filters_demo/share/nav2_costmap_filters_demo/environment/path.dsv
[0.067s] -- Up-to-date symlink: /home/elson/proj4_ws/install/nav2_costmap_filters_demo/share/nav2_costmap_filters_demo/local_setup.bash
[0.067s] -- Up-to-date symlink: /home/elson/proj4_ws/install/nav2_costmap_filters_demo/share/nav2_costmap_filters_demo/local_setup.sh
[0.067s] -- Up-to-date symlink: /home/elson/proj4_ws/install/nav2_costmap_filters_demo/share/nav2_costmap_filters_demo/local_setup.zsh
[0.067s] -- Up-to-date symlink: /home/elson/proj4_ws/install/nav2_costmap_filters_demo/share/nav2_costmap_filters_demo/local_setup.dsv
[0.068s] -- Symlinking: /home/elson/proj4_ws/install/nav2_costmap_filters_demo/share/nav2_costmap_filters_demo/package.dsv
[0.072s] -- Up-to-date symlink: /home/elson/proj4_ws/install/nav2_costmap_filters_demo/share/ament_index/resource_index/packages/nav2_costmap_filters_demo
[0.072s] -- Up-to-date symlink: /home/elson/proj4_ws/install/nav2_costmap_filters_demo/share/nav2_costmap_filters_demo/cmake/nav2_costmap_filters_demoConfig.cmake
[0.072s] -- Up-to-date symlink: /home/elson/proj4_ws/install/nav2_costmap_filters_demo/share/nav2_costmap_filters_demo/cmake/nav2_costmap_filters_demoConfig-version.cmake
[0.073s] -- Up-to-date symlink: /home/elson/proj4_ws/install/nav2_costmap_filters_demo/share/nav2_costmap_filters_demo/package.xml
[0.075s] Invoked command in '/home/elson/proj4_ws/build/nav2_costmap_filters_demo' returned '0': CMAKE_PREFIX_PATH=${CMAKE_PREFIX_PATH}:/home/elson/proj4_ws/install/turtlebot3_manipulation_commander:/home/elson/proj4_ws/install/nav2_simple_commander:/opt/ros/foxy /usr/bin/cmake --install /home/elson/proj4_ws/build/nav2_costmap_filters_demo
